2024-11-12 23:06:03,002 - INFO - Starting data loading process
2024-11-12 23:06:03,097 - INFO - Loaded pickle data with shape (45211, 17)
2024-11-12 23:06:03,598 - INFO - Data successfully saved to /opt/airflow/data/processed/validate_process.pkl
2024-11-12 23:06:05,209 - INFO - Data successfully saved to /opt/airflow/data/processed/validate_process.csv
2024-11-12 23:06:05,234 - INFO - Data successfully saved to /opt/airflow/data/processed/validate_process.json
2024-11-12 23:06:05,339 - INFO - Anomaly detection completed.
2024-11-12 23:06:05,343 - INFO - {
    "stats": {
        "num_rows": 45211,
        "num_columns": 17,
        "numeric_summary": {
            "age": {
                "count": 45211.0,
                "mean": 40.93621021432837,
                "std": 10.61876204097542,
                "min": 18.0,
                "25%": 33.0,
                "50%": 39.0,
                "75%": 48.0,
                "max": 95.0
            },
            "balance": {
                "count": 45211.0,
                "mean": 1362.2720576850766,
                "std": 3044.765829168518,
                "min": -8019.0,
                "25%": 72.0,
                "50%": 448.0,
                "75%": 1428.0,
                "max": 102127.0
            },
            "day": {
                "count": 45211.0,
                "mean": 15.80641879188693,
                "std": 8.322476153044592,
                "min": 1.0,
                "25%": 8.0,
                "50%": 16.0,
                "75%": 21.0,
                "max": 31.0
            },
            "duration": {
                "count": 45211.0,
                "mean": 258.1630797814691,
                "std": 257.5278122651719,
                "min": 0.0,
                "25%": 103.0,
                "50%": 180.0,
                "75%": 319.0,
                "max": 4918.0
            },
            "campaign": {
                "count": 45211.0,
                "mean": 2.763840658246887,
                "std": 3.0980208832791694,
                "min": 1.0,
                "25%": 1.0,
                "50%": 2.0,
                "75%": 3.0,
                "max": 63.0
            },
            "pdays": {
                "count": 45211.0,
                "mean": 40.19782796222158,
                "std": 100.12874599059835,
                "min": -1.0,
                "25%": -1.0,
                "50%": -1.0,
                "75%": -1.0,
                "max": 871.0
            },
            "previous": {
                "count": 45211.0,
                "mean": 0.5803233726305546,
                "std": 2.3034410449312213,
                "min": 0.0,
                "25%": 0.0,
                "50%": 0.0,
                "75%": 0.0,
                "max": 275.0
            }
        }
    },
    "issues": {}
}
2024-11-12 23:50:43,735 - INFO - Starting data loading process
2024-11-12 23:50:44,133 - INFO - Loaded pickle data with shape (45211, 17)
2024-11-12 23:50:44,919 - INFO - Data successfully saved to /opt/airflow/data/processed/validate_process.pkl
2024-11-12 23:50:47,144 - INFO - Data successfully saved to /opt/airflow/data/processed/validate_process.csv
2024-11-12 23:50:47,160 - INFO - Data successfully saved to /opt/airflow/data/processed/validate_process.json
2024-11-12 23:50:47,162 - INFO - Anomaly detection completed.
2024-11-12 23:50:47,164 - INFO - {
    "stats": {
        "num_rows": 45211,
        "num_columns": 17,
        "numeric_summary": {
            "age": {
                "count": 45211.0,
                "mean": 40.93621021432837,
                "std": 10.61876204097542,
                "min": 18.0,
                "25%": 33.0,
                "50%": 39.0,
                "75%": 48.0,
                "max": 95.0
            },
            "balance": {
                "count": 45211.0,
                "mean": 1362.2720576850766,
                "std": 3044.765829168518,
                "min": -8019.0,
                "25%": 72.0,
                "50%": 448.0,
                "75%": 1428.0,
                "max": 102127.0
            },
            "day": {
                "count": 45211.0,
                "mean": 15.80641879188693,
                "std": 8.322476153044592,
                "min": 1.0,
                "25%": 8.0,
                "50%": 16.0,
                "75%": 21.0,
                "max": 31.0
            },
            "duration": {
                "count": 45211.0,
                "mean": 258.1630797814691,
                "std": 257.5278122651719,
                "min": 0.0,
                "25%": 103.0,
                "50%": 180.0,
                "75%": 319.0,
                "max": 4918.0
            },
            "campaign": {
                "count": 45211.0,
                "mean": 2.763840658246887,
                "std": 3.0980208832791694,
                "min": 1.0,
                "25%": 1.0,
                "50%": 2.0,
                "75%": 3.0,
                "max": 63.0
            },
            "pdays": {
                "count": 45211.0,
                "mean": 40.19782796222158,
                "std": 100.12874599059835,
                "min": -1.0,
                "25%": -1.0,
                "50%": -1.0,
                "75%": -1.0,
                "max": 871.0
            },
            "previous": {
                "count": 45211.0,
                "mean": 0.5803233726305546,
                "std": 2.3034410449312213,
                "min": 0.0,
                "25%": 0.0,
                "50%": 0.0,
                "75%": 0.0,
                "max": 275.0
            }
        }
    },
    "issues": {}
}
2024-11-12 23:51:02,682 - INFO - Starting data loading process
2024-11-12 23:51:02,800 - INFO - Loaded pickle data with shape (45211, 17)
2024-11-12 23:51:03,026 - INFO - Data successfully saved to /opt/airflow/data/processed/validate_process.pkl
2024-11-12 23:51:03,999 - INFO - Data successfully saved to /opt/airflow/data/processed/validate_process.csv
2024-11-12 23:51:04,012 - INFO - Data successfully saved to /opt/airflow/data/processed/validate_process.json
2024-11-12 23:51:04,015 - INFO - Anomaly detection completed.
2024-11-12 23:51:04,017 - INFO - {
    "stats": {
        "num_rows": 45211,
        "num_columns": 17,
        "numeric_summary": {
            "age": {
                "count": 45211.0,
                "mean": 40.93621021432837,
                "std": 10.61876204097542,
                "min": 18.0,
                "25%": 33.0,
                "50%": 39.0,
                "75%": 48.0,
                "max": 95.0
            },
            "balance": {
                "count": 45211.0,
                "mean": 1362.2720576850766,
                "std": 3044.765829168518,
                "min": -8019.0,
                "25%": 72.0,
                "50%": 448.0,
                "75%": 1428.0,
                "max": 102127.0
            },
            "day": {
                "count": 45211.0,
                "mean": 15.80641879188693,
                "std": 8.322476153044592,
                "min": 1.0,
                "25%": 8.0,
                "50%": 16.0,
                "75%": 21.0,
                "max": 31.0
            },
            "duration": {
                "count": 45211.0,
                "mean": 258.1630797814691,
                "std": 257.5278122651719,
                "min": 0.0,
                "25%": 103.0,
                "50%": 180.0,
                "75%": 319.0,
                "max": 4918.0
            },
            "campaign": {
                "count": 45211.0,
                "mean": 2.763840658246887,
                "std": 3.0980208832791694,
                "min": 1.0,
                "25%": 1.0,
                "50%": 2.0,
                "75%": 3.0,
                "max": 63.0
            },
            "pdays": {
                "count": 45211.0,
                "mean": 40.19782796222158,
                "std": 100.12874599059835,
                "min": -1.0,
                "25%": -1.0,
                "50%": -1.0,
                "75%": -1.0,
                "max": 871.0
            },
            "previous": {
                "count": 45211.0,
                "mean": 0.5803233726305546,
                "std": 2.3034410449312213,
                "min": 0.0,
                "25%": 0.0,
                "50%": 0.0,
                "75%": 0.0,
                "max": 275.0
            }
        }
    },
    "issues": {}
}
2024-11-13 00:39:30,685 - INFO - Starting data loading process
2024-11-13 00:39:30,786 - INFO - Loaded pickle data with shape (45211, 17)
2024-11-13 00:39:30,957 - INFO - Data successfully saved to /opt/airflow/data/processed/validate_process.pkl
2024-11-13 00:39:31,725 - INFO - Data successfully saved to /opt/airflow/data/processed/validate_process.csv
2024-11-13 00:39:31,733 - INFO - Data successfully saved to /opt/airflow/data/processed/validate_process.json
2024-11-13 00:39:31,734 - INFO - Anomaly detection completed.
2024-11-13 00:39:31,736 - INFO - {
    "stats": {
        "num_rows": 45211,
        "num_columns": 17,
        "numeric_summary": {
            "age": {
                "count": 45211.0,
                "mean": 40.93621021432837,
                "std": 10.61876204097542,
                "min": 18.0,
                "25%": 33.0,
                "50%": 39.0,
                "75%": 48.0,
                "max": 95.0
            },
            "balance": {
                "count": 45211.0,
                "mean": 1362.2720576850766,
                "std": 3044.765829168518,
                "min": -8019.0,
                "25%": 72.0,
                "50%": 448.0,
                "75%": 1428.0,
                "max": 102127.0
            },
            "day": {
                "count": 45211.0,
                "mean": 15.80641879188693,
                "std": 8.322476153044592,
                "min": 1.0,
                "25%": 8.0,
                "50%": 16.0,
                "75%": 21.0,
                "max": 31.0
            },
            "duration": {
                "count": 45211.0,
                "mean": 258.1630797814691,
                "std": 257.5278122651719,
                "min": 0.0,
                "25%": 103.0,
                "50%": 180.0,
                "75%": 319.0,
                "max": 4918.0
            },
            "campaign": {
                "count": 45211.0,
                "mean": 2.763840658246887,
                "std": 3.0980208832791694,
                "min": 1.0,
                "25%": 1.0,
                "50%": 2.0,
                "75%": 3.0,
                "max": 63.0
            },
            "pdays": {
                "count": 45211.0,
                "mean": 40.19782796222158,
                "std": 100.12874599059835,
                "min": -1.0,
                "25%": -1.0,
                "50%": -1.0,
                "75%": -1.0,
                "max": 871.0
            },
            "previous": {
                "count": 45211.0,
                "mean": 0.5803233726305546,
                "std": 2.3034410449312213,
                "min": 0.0,
                "25%": 0.0,
                "50%": 0.0,
                "75%": 0.0,
                "max": 275.0
            }
        }
    },
    "issues": {}
}
2024-11-13 01:54:24,032 - INFO - Starting data loading process
2024-11-13 01:54:24,123 - INFO - Loaded pickle data with shape (45211, 17)
2024-11-13 01:54:24,348 - INFO - Data successfully saved to /opt/airflow/data/processed/validate_process.pkl
2024-11-13 01:54:25,229 - INFO - Data successfully saved to /opt/airflow/data/processed/validate_process.csv
2024-11-13 01:54:25,240 - INFO - Data successfully saved to /opt/airflow/data/processed/validate_process.json
2024-11-13 01:54:25,242 - INFO - Anomaly detection completed.
2024-11-13 01:54:25,244 - INFO - {
    "stats": {
        "num_rows": 45211,
        "num_columns": 17,
        "numeric_summary": {
            "age": {
                "count": 45211.0,
                "mean": 40.93621021432837,
                "std": 10.61876204097542,
                "min": 18.0,
                "25%": 33.0,
                "50%": 39.0,
                "75%": 48.0,
                "max": 95.0
            },
            "balance": {
                "count": 45211.0,
                "mean": 1362.2720576850766,
                "std": 3044.765829168518,
                "min": -8019.0,
                "25%": 72.0,
                "50%": 448.0,
                "75%": 1428.0,
                "max": 102127.0
            },
            "day": {
                "count": 45211.0,
                "mean": 15.80641879188693,
                "std": 8.322476153044592,
                "min": 1.0,
                "25%": 8.0,
                "50%": 16.0,
                "75%": 21.0,
                "max": 31.0
            },
            "duration": {
                "count": 45211.0,
                "mean": 258.1630797814691,
                "std": 257.5278122651719,
                "min": 0.0,
                "25%": 103.0,
                "50%": 180.0,
                "75%": 319.0,
                "max": 4918.0
            },
            "campaign": {
                "count": 45211.0,
                "mean": 2.763840658246887,
                "std": 3.0980208832791694,
                "min": 1.0,
                "25%": 1.0,
                "50%": 2.0,
                "75%": 3.0,
                "max": 63.0
            },
            "pdays": {
                "count": 45211.0,
                "mean": 40.19782796222158,
                "std": 100.12874599059835,
                "min": -1.0,
                "25%": -1.0,
                "50%": -1.0,
                "75%": -1.0,
                "max": 871.0
            },
            "previous": {
                "count": 45211.0,
                "mean": 0.5803233726305546,
                "std": 2.3034410449312213,
                "min": 0.0,
                "25%": 0.0,
                "50%": 0.0,
                "75%": 0.0,
                "max": 275.0
            }
        }
    },
    "issues": {}
}
2024-11-13 02:28:48,935 - INFO - Starting data loading process
2024-11-13 02:28:49,059 - INFO - Loaded pickle data with shape (45211, 17)
2024-11-13 02:28:49,260 - INFO - Data successfully saved to /opt/airflow/data/processed/validate_process.pkl
2024-11-13 02:28:49,922 - INFO - Data successfully saved to /opt/airflow/data/processed/validate_process.csv
2024-11-13 02:28:49,933 - INFO - Data successfully saved to /opt/airflow/data/processed/validate_process.json
2024-11-13 02:28:49,935 - INFO - Anomaly detection completed.
2024-11-13 02:28:49,937 - INFO - {
    "stats": {
        "num_rows": 45211,
        "num_columns": 17,
        "numeric_summary": {
            "age": {
                "count": 45211.0,
                "mean": 40.93621021432837,
                "std": 10.61876204097542,
                "min": 18.0,
                "25%": 33.0,
                "50%": 39.0,
                "75%": 48.0,
                "max": 95.0
            },
            "balance": {
                "count": 45211.0,
                "mean": 1362.2720576850766,
                "std": 3044.765829168518,
                "min": -8019.0,
                "25%": 72.0,
                "50%": 448.0,
                "75%": 1428.0,
                "max": 102127.0
            },
            "day": {
                "count": 45211.0,
                "mean": 15.80641879188693,
                "std": 8.322476153044592,
                "min": 1.0,
                "25%": 8.0,
                "50%": 16.0,
                "75%": 21.0,
                "max": 31.0
            },
            "duration": {
                "count": 45211.0,
                "mean": 258.1630797814691,
                "std": 257.5278122651719,
                "min": 0.0,
                "25%": 103.0,
                "50%": 180.0,
                "75%": 319.0,
                "max": 4918.0
            },
            "campaign": {
                "count": 45211.0,
                "mean": 2.763840658246887,
                "std": 3.0980208832791694,
                "min": 1.0,
                "25%": 1.0,
                "50%": 2.0,
                "75%": 3.0,
                "max": 63.0
            },
            "pdays": {
                "count": 45211.0,
                "mean": 40.19782796222158,
                "std": 100.12874599059835,
                "min": -1.0,
                "25%": -1.0,
                "50%": -1.0,
                "75%": -1.0,
                "max": 871.0
            },
            "previous": {
                "count": 45211.0,
                "mean": 0.5803233726305546,
                "std": 2.3034410449312213,
                "min": 0.0,
                "25%": 0.0,
                "50%": 0.0,
                "75%": 0.0,
                "max": 275.0
            }
        }
    },
    "issues": {}
}
2024-11-13 03:06:38,772 - INFO - Starting data loading process
2024-11-13 03:06:38,879 - INFO - Loaded pickle data with shape (45211, 17)
2024-11-13 03:06:39,097 - INFO - Data successfully saved to /opt/airflow/data/processed/validate_process.pkl
2024-11-13 03:06:39,929 - INFO - Data successfully saved to /opt/airflow/data/processed/validate_process.csv
2024-11-13 03:06:39,942 - INFO - Data successfully saved to /opt/airflow/data/processed/validate_process.json
2024-11-13 03:06:39,944 - INFO - Anomaly detection completed.
2024-11-13 03:06:39,946 - INFO - {
    "stats": {
        "num_rows": 45211,
        "num_columns": 17,
        "numeric_summary": {
            "age": {
                "count": 45211.0,
                "mean": 40.93621021432837,
                "std": 10.61876204097542,
                "min": 18.0,
                "25%": 33.0,
                "50%": 39.0,
                "75%": 48.0,
                "max": 95.0
            },
            "balance": {
                "count": 45211.0,
                "mean": 1362.2720576850766,
                "std": 3044.765829168518,
                "min": -8019.0,
                "25%": 72.0,
                "50%": 448.0,
                "75%": 1428.0,
                "max": 102127.0
            },
            "day": {
                "count": 45211.0,
                "mean": 15.80641879188693,
                "std": 8.322476153044592,
                "min": 1.0,
                "25%": 8.0,
                "50%": 16.0,
                "75%": 21.0,
                "max": 31.0
            },
            "duration": {
                "count": 45211.0,
                "mean": 258.1630797814691,
                "std": 257.5278122651719,
                "min": 0.0,
                "25%": 103.0,
                "50%": 180.0,
                "75%": 319.0,
                "max": 4918.0
            },
            "campaign": {
                "count": 45211.0,
                "mean": 2.763840658246887,
                "std": 3.0980208832791694,
                "min": 1.0,
                "25%": 1.0,
                "50%": 2.0,
                "75%": 3.0,
                "max": 63.0
            },
            "pdays": {
                "count": 45211.0,
                "mean": 40.19782796222158,
                "std": 100.12874599059835,
                "min": -1.0,
                "25%": -1.0,
                "50%": -1.0,
                "75%": -1.0,
                "max": 871.0
            },
            "previous": {
                "count": 45211.0,
                "mean": 0.5803233726305546,
                "std": 2.3034410449312213,
                "min": 0.0,
                "25%": 0.0,
                "50%": 0.0,
                "75%": 0.0,
                "max": 275.0
            }
        }
    },
    "issues": {}
}
