2024-10-28 06:11:44,303 - INFO - Starting data download process
2024-10-28 06:11:44,308 - ERROR - An unexpected error occurred: File /opt/airflow/config/key.json was not found.
2024-10-28 06:11:46,198 - INFO - Starting data loading process
2024-10-28 06:11:46,199 - INFO - Using pickle file: None
2024-10-28 06:11:46,199 - ERROR - Pickle file not found: None
2024-10-28 06:11:47,754 - INFO - Starting data processing
2024-10-28 06:11:47,755 - INFO - Input file: /opt/airflow/data/processed/raw_data.csv
2024-10-28 06:11:47,817 - INFO - Data loaded successfully. DataFrame shape: (45211, 17)
2024-10-28 06:11:47,843 - INFO - DataFrame info saved to /opt/airflow/data/processed/dataframe_info.csv
2024-10-28 06:11:47,855 - INFO - DataFrame description saved to /opt/airflow/data/processed/dataframe_description.csv
2024-10-28 06:11:47,870 - INFO - No duplicate rows found.
2024-10-28 06:11:48,061 - INFO - Percentage of null or unknown values in each column:
2024-10-28 06:11:48,062 - INFO - age: 0.00%
2024-10-28 06:11:48,062 - INFO - job: 0.64%
2024-10-28 06:11:48,063 - INFO - marital: 0.00%
2024-10-28 06:11:48,063 - INFO - education: 4.11%
2024-10-28 06:11:48,064 - INFO - default: 0.00%
2024-10-28 06:11:48,064 - INFO - balance: 0.00%
2024-10-28 06:11:48,064 - INFO - housing: 0.00%
2024-10-28 06:11:48,065 - INFO - loan: 0.00%
2024-10-28 06:11:48,065 - INFO - contact: 28.80%
2024-10-28 06:11:48,065 - INFO - day: 0.00%
2024-10-28 06:11:48,066 - INFO - month: 0.00%
2024-10-28 06:11:48,066 - INFO - duration: 0.00%
2024-10-28 06:11:48,066 - INFO - campaign: 0.00%
2024-10-28 06:11:48,067 - INFO - pdays: 0.00%
2024-10-28 06:11:48,067 - INFO - previous: 0.00%
2024-10-28 06:11:48,067 - INFO - poutcome: 81.75%
2024-10-28 06:11:48,068 - INFO - y: 0.00%
2024-10-28 06:11:48,073 - INFO - Dropped features with >80% null or unknown values: ['poutcome']
2024-10-28 06:11:48,087 - INFO - Filled unknown values in 'job' column with mode value: blue-collar
2024-10-28 06:11:48,102 - INFO - Filled unknown values in 'education' column with mode value: secondary
2024-10-28 06:11:48,120 - INFO - Processed data saved as pickle at /opt/airflow/data/processed/processed_data.pkl
2024-10-28 06:11:48,120 - INFO - Data processing completed successfully
2024-10-28 06:11:52,762 - INFO - Starting EDA process
2024-10-28 06:11:52,764 - INFO - Using input file: /opt/airflow/data/processed/outlier_handled_data.pkl
2024-10-28 06:11:52,874 - INFO - Loaded data from /opt/airflow/data/processed/outlier_handled_data.pkl with shape (45211, 16)
2024-10-28 06:11:52,905 - INFO - Data head:
    age           job  marital  education default  balance housing loan  contact  day month  duration  campaign  pdays  previous   y
0  58.0    management  married   tertiary      no   2143.0     yes   no  unknown  5.0   may     261.0       1.0   -1.0       0.0  no
1  44.0    technician   single  secondary      no     29.0     yes   no  unknown  5.0   may     151.0       1.0   -1.0       0.0  no
2  33.0  entrepreneur  married  secondary      no      2.0     yes  yes  unknown  5.0   may      76.0       1.0   -1.0       0.0  no
3  47.0   blue-collar  married  secondary      no   1506.0     yes   no  unknown  5.0   may      92.0       1.0   -1.0       0.0  no
4  33.0   blue-collar   single  secondary      no      1.0      no   no  unknown  5.0   may     198.0       1.0   -1.0       0.0  no
2024-10-28 06:11:52,908 - INFO - Current column names: ['age', 'job', 'marital', 'education', 'default', 'balance', 'housing', 'loan', 'contact', 'day', 'month', 'duration', 'campaign', 'pdays', 'previous', 'y']
2024-10-28 06:11:53,052 - INFO - Saved plot: /opt/airflow/data/processed/eda_plots/deposit_distribution.png
2024-10-28 06:11:53,058 - INFO - Contact method distribution:
contact
cellular     0.647741
unknown      0.287983
telephone    0.064276
Name: proportion, dtype: Float64
2024-10-28 06:11:53,173 - INFO - Saved plot: /opt/airflow/data/processed/eda_plots/contact_method_distribution.png
2024-10-28 06:11:53,262 - INFO - Saved plot: /opt/airflow/data/processed/eda_plots/housing_loan_distribution.png
2024-10-28 06:11:53,320 - INFO - Saved plot: /opt/airflow/data/processed/eda_plots/personal_loan_distribution.png
2024-10-28 06:11:53,370 - INFO - Saved plot: /opt/airflow/data/processed/eda_plots/default_status_distribution.png
2024-10-28 06:11:53,373 - INFO - Month distribution:
month
may    0.304483
jul    0.152507
aug    0.138174
jun    0.118135
nov     0.08781
apr    0.064851
feb    0.058592
jan    0.031032
oct    0.016323
sep    0.012807
mar    0.010551
dec    0.004733
Name: proportion, dtype: Float64
2024-10-28 06:11:53,473 - INFO - Saved plot: /opt/airflow/data/processed/eda_plots/month_distribution.png
2024-10-28 06:11:53,526 - INFO - Saved plot: /opt/airflow/data/processed/eda_plots/age_distribution.png
2024-10-28 06:11:53,600 - INFO - Saved plot: /opt/airflow/data/processed/eda_plots/job_distribution.png
2024-10-28 06:11:53,643 - INFO - Saved plot: /opt/airflow/data/processed/eda_plots/marital_status_distribution.png
2024-10-28 06:11:53,689 - INFO - Saved plot: /opt/airflow/data/processed/eda_plots/education_distribution.png
2024-10-28 06:11:53,875 - INFO - Saved plot: /opt/airflow/data/processed/eda_plots/correlation_heatmap.png
2024-10-28 06:11:53,876 - INFO - EDA process completed successfully
2024-10-28 06:11:55,516 - INFO - Starting categorical encoding process
2024-10-28 06:11:55,553 - INFO - Loaded data from /opt/airflow/data/processed/outlier_handled_data.pkl with shape (45211, 16)
2024-10-28 06:11:55,554 - INFO - Column datatypes:
2024-10-28 06:11:55,555 - INFO - age: float64
2024-10-28 06:11:55,555 - INFO - job: string
2024-10-28 06:11:55,555 - INFO - marital: string
2024-10-28 06:11:55,556 - INFO - education: string
2024-10-28 06:11:55,556 - INFO - default: string
2024-10-28 06:11:55,557 - INFO - balance: float64
2024-10-28 06:11:55,557 - INFO - housing: string
2024-10-28 06:11:55,557 - INFO - loan: string
2024-10-28 06:11:55,558 - INFO - contact: string
2024-10-28 06:11:55,558 - INFO - day: float64
2024-10-28 06:11:55,558 - INFO - month: string
2024-10-28 06:11:55,559 - INFO - duration: float64
2024-10-28 06:11:55,559 - INFO - campaign: float64
2024-10-28 06:11:55,560 - INFO - pdays: float64
2024-10-28 06:11:55,560 - INFO - previous: float64
2024-10-28 06:11:55,560 - INFO - y: string
2024-10-28 06:11:55,566 - INFO - Identified 9 categorical columns: ['job', 'marital', 'education', 'default', 'housing', 'loan', 'contact', 'month', 'y']
2024-10-28 06:11:55,572 - INFO - Encoded column: job
2024-10-28 06:11:55,576 - INFO - Encoded column: marital
2024-10-28 06:11:55,581 - INFO - Encoded column: education
2024-10-28 06:11:55,585 - INFO - Encoded column: default
2024-10-28 06:11:55,589 - INFO - Encoded column: housing
2024-10-28 06:11:55,594 - INFO - Encoded column: loan
2024-10-28 06:11:55,598 - INFO - Encoded column: contact
2024-10-28 06:11:55,602 - INFO - Encoded column: month
2024-10-28 06:11:55,606 - INFO - Encoded column: y
2024-10-28 06:11:55,729 - INFO - Saved encoded data to CSV file: /opt/airflow/data/processed/encoded_data.csv
2024-10-28 06:11:55,736 - INFO - Saved encoded data to pickle file: /opt/airflow/data/processed/encoded_data.pkl
2024-10-28 06:11:55,737 - INFO - Categorical encoding process completed successfully
2024-10-28 06:11:57,349 - INFO - Starting correlation analysis
2024-10-28 06:11:57,350 - INFO - Input file: /opt/airflow/data/processed/encoded_data.pkl
2024-10-28 06:11:57,357 - INFO - Loaded data from /opt/airflow/data/processed/encoded_data.pkl with shape (45211, 16)
2024-10-28 06:11:57,383 - INFO - Correlation matrix saved to /opt/airflow/data/processed/correlation_matrix.csv
2024-10-28 06:11:57,384 - INFO - Correlation matrix saved to /opt/airflow/data/processed/correlation_matrix.pkl
2024-10-28 06:11:57,386 - INFO - No highly correlated pairs found.
2024-10-28 06:11:57,613 - INFO - Correlation heatmap saved to /opt/airflow/data/processed/eda_plots/correlation_heatmap.png
2024-10-28 06:11:57,614 - INFO - Correlation analysis completed successfully
2024-10-28 06:30:06,777 - INFO - Starting data download process
2024-10-28 06:30:06,781 - ERROR - An unexpected error occurred: File /opt/airflow/config/key.json was not found.
2024-10-28 06:30:08,453 - INFO - Starting data loading process
2024-10-28 06:30:08,454 - INFO - Using pickle file: None
2024-10-28 06:30:08,454 - ERROR - Pickle file not found: None
2024-10-28 06:30:10,560 - INFO - Starting data processing
2024-10-28 06:30:10,561 - INFO - Input file: /opt/airflow/data/processed/raw_data.csv
2024-10-28 06:30:10,619 - INFO - Data loaded successfully. DataFrame shape: (45211, 17)
2024-10-28 06:30:10,636 - INFO - DataFrame info saved to /opt/airflow/data/processed/dataframe_info.csv
2024-10-28 06:30:10,644 - INFO - DataFrame description saved to /opt/airflow/data/processed/dataframe_description.csv
2024-10-28 06:30:10,658 - INFO - No duplicate rows found.
2024-10-28 06:30:10,846 - INFO - Percentage of null or unknown values in each column:
2024-10-28 06:30:10,847 - INFO - age: 0.00%
2024-10-28 06:30:10,847 - INFO - job: 0.64%
2024-10-28 06:30:10,848 - INFO - marital: 0.00%
2024-10-28 06:30:10,848 - INFO - education: 4.11%
2024-10-28 06:30:10,849 - INFO - default: 0.00%
2024-10-28 06:30:10,849 - INFO - balance: 0.00%
2024-10-28 06:30:10,849 - INFO - housing: 0.00%
2024-10-28 06:30:10,850 - INFO - loan: 0.00%
2024-10-28 06:30:10,850 - INFO - contact: 28.80%
2024-10-28 06:30:10,850 - INFO - day: 0.00%
2024-10-28 06:30:10,851 - INFO - month: 0.00%
2024-10-28 06:30:10,851 - INFO - duration: 0.00%
2024-10-28 06:30:10,851 - INFO - campaign: 0.00%
2024-10-28 06:30:10,852 - INFO - pdays: 0.00%
2024-10-28 06:30:10,852 - INFO - previous: 0.00%
2024-10-28 06:30:10,853 - INFO - poutcome: 81.75%
2024-10-28 06:30:10,854 - INFO - y: 0.00%
2024-10-28 06:30:10,859 - INFO - Dropped features with >80% null or unknown values: ['poutcome']
2024-10-28 06:30:10,873 - INFO - Filled unknown values in 'job' column with mode value: blue-collar
2024-10-28 06:30:10,887 - INFO - Filled unknown values in 'education' column with mode value: secondary
2024-10-28 06:30:10,899 - INFO - Processed data saved as pickle at /opt/airflow/data/processed/processed_data.pkl
2024-10-28 06:30:10,899 - INFO - Data processing completed successfully
2024-10-28 06:30:16,176 - INFO - Starting EDA process
2024-10-28 06:30:16,176 - INFO - Using input file: /opt/airflow/data/processed/outlier_handled_data.pkl
2024-10-28 06:30:16,236 - INFO - Loaded data from /opt/airflow/data/processed/outlier_handled_data.pkl with shape (45211, 16)
2024-10-28 06:30:16,243 - INFO - Data head:
    age           job  marital  education default  balance housing loan  contact  day month  duration  campaign  pdays  previous   y
0  58.0    management  married   tertiary      no   2143.0     yes   no  unknown  5.0   may     261.0       1.0   -1.0       0.0  no
1  44.0    technician   single  secondary      no     29.0     yes   no  unknown  5.0   may     151.0       1.0   -1.0       0.0  no
2  33.0  entrepreneur  married  secondary      no      2.0     yes  yes  unknown  5.0   may      76.0       1.0   -1.0       0.0  no
3  47.0   blue-collar  married  secondary      no   1506.0     yes   no  unknown  5.0   may      92.0       1.0   -1.0       0.0  no
4  33.0   blue-collar   single  secondary      no      1.0      no   no  unknown  5.0   may     198.0       1.0   -1.0       0.0  no
2024-10-28 06:30:16,244 - INFO - Current column names: ['age', 'job', 'marital', 'education', 'default', 'balance', 'housing', 'loan', 'contact', 'day', 'month', 'duration', 'campaign', 'pdays', 'previous', 'y']
2024-10-28 06:30:16,317 - INFO - Saved plot: /opt/airflow/data/processed/eda_plots/deposit_distribution.png
2024-10-28 06:30:16,321 - INFO - Contact method distribution:
contact
cellular     0.647741
unknown      0.287983
telephone    0.064276
Name: proportion, dtype: Float64
2024-10-28 06:30:16,397 - INFO - Saved plot: /opt/airflow/data/processed/eda_plots/contact_method_distribution.png
2024-10-28 06:30:16,461 - INFO - Saved plot: /opt/airflow/data/processed/eda_plots/housing_loan_distribution.png
2024-10-28 06:30:16,503 - INFO - Saved plot: /opt/airflow/data/processed/eda_plots/personal_loan_distribution.png
2024-10-28 06:30:16,548 - INFO - Saved plot: /opt/airflow/data/processed/eda_plots/default_status_distribution.png
2024-10-28 06:30:16,551 - INFO - Month distribution:
month
may    0.304483
jul    0.152507
aug    0.138174
jun    0.118135
nov     0.08781
apr    0.064851
feb    0.058592
jan    0.031032
oct    0.016323
sep    0.012807
mar    0.010551
dec    0.004733
Name: proportion, dtype: Float64
2024-10-28 06:30:16,607 - INFO - Saved plot: /opt/airflow/data/processed/eda_plots/month_distribution.png
2024-10-28 06:30:16,657 - INFO - Saved plot: /opt/airflow/data/processed/eda_plots/age_distribution.png
2024-10-28 06:30:16,711 - INFO - Saved plot: /opt/airflow/data/processed/eda_plots/job_distribution.png
2024-10-28 06:30:16,759 - INFO - Saved plot: /opt/airflow/data/processed/eda_plots/marital_status_distribution.png
2024-10-28 06:30:16,801 - INFO - Saved plot: /opt/airflow/data/processed/eda_plots/education_distribution.png
2024-10-28 06:30:17,002 - INFO - Saved plot: /opt/airflow/data/processed/eda_plots/correlation_heatmap.png
2024-10-28 06:30:17,003 - INFO - EDA process completed successfully
2024-10-28 06:30:18,412 - INFO - Starting categorical encoding process
2024-10-28 06:30:18,446 - INFO - Loaded data from /opt/airflow/data/processed/outlier_handled_data.pkl with shape (45211, 16)
2024-10-28 06:30:18,447 - INFO - Column datatypes:
2024-10-28 06:30:18,448 - INFO - age: float64
2024-10-28 06:30:18,448 - INFO - job: string
2024-10-28 06:30:18,448 - INFO - marital: string
2024-10-28 06:30:18,449 - INFO - education: string
2024-10-28 06:30:18,449 - INFO - default: string
2024-10-28 06:30:18,450 - INFO - balance: float64
2024-10-28 06:30:18,450 - INFO - housing: string
2024-10-28 06:30:18,450 - INFO - loan: string
2024-10-28 06:30:18,451 - INFO - contact: string
2024-10-28 06:30:18,451 - INFO - day: float64
2024-10-28 06:30:18,452 - INFO - month: string
2024-10-28 06:30:18,452 - INFO - duration: float64
2024-10-28 06:30:18,453 - INFO - campaign: float64
2024-10-28 06:30:18,453 - INFO - pdays: float64
2024-10-28 06:30:18,454 - INFO - previous: float64
2024-10-28 06:30:18,454 - INFO - y: string
2024-10-28 06:30:18,462 - INFO - Identified 9 categorical columns: ['job', 'marital', 'education', 'default', 'housing', 'loan', 'contact', 'month', 'y']
2024-10-28 06:30:18,468 - INFO - Encoded column: job
2024-10-28 06:30:18,472 - INFO - Encoded column: marital
2024-10-28 06:30:18,476 - INFO - Encoded column: education
2024-10-28 06:30:18,481 - INFO - Encoded column: default
2024-10-28 06:30:18,485 - INFO - Encoded column: housing
2024-10-28 06:30:18,489 - INFO - Encoded column: loan
2024-10-28 06:30:18,494 - INFO - Encoded column: contact
2024-10-28 06:30:18,498 - INFO - Encoded column: month
2024-10-28 06:30:18,502 - INFO - Encoded column: y
2024-10-28 06:30:18,625 - INFO - Saved encoded data to CSV file: /opt/airflow/data/processed/encoded_data.csv
2024-10-28 06:30:18,631 - INFO - Saved encoded data to pickle file: /opt/airflow/data/processed/encoded_data.pkl
2024-10-28 06:30:18,631 - INFO - Categorical encoding process completed successfully
2024-10-28 06:30:20,714 - INFO - Starting correlation analysis
2024-10-28 06:30:20,715 - INFO - Input file: /opt/airflow/data/processed/encoded_data.pkl
2024-10-28 06:30:20,723 - INFO - Loaded data from /opt/airflow/data/processed/encoded_data.pkl with shape (45211, 16)
2024-10-28 06:30:20,748 - INFO - Correlation matrix saved to /opt/airflow/data/processed/correlation_matrix.csv
2024-10-28 06:30:20,749 - INFO - Correlation matrix saved to /opt/airflow/data/processed/correlation_matrix.pkl
2024-10-28 06:30:20,751 - INFO - No highly correlated pairs found.
2024-10-28 06:30:21,027 - INFO - Correlation heatmap saved to /opt/airflow/data/processed/eda_plots/correlation_heatmap.png
2024-10-28 06:30:21,027 - INFO - Correlation analysis completed successfully
