2024-10-27 22:18:16,728 - INFO - Starting data download process
2024-10-27 22:18:17,525 - INFO - Latest file files/md5/75/4954d29a573fb8ff0a6f327960d9cf downloaded from GCS.
2024-10-27 22:18:17,568 - INFO - File content pickled and saved as /opt/airflow/data/processed/raw_data.pkl.
2024-10-27 22:18:20,044 - INFO - Starting data loading process
2024-10-27 22:18:20,046 - INFO - Using pickle file: /opt/airflow/data/processed/raw_data.pkl
2024-10-27 22:18:20,075 - INFO - Pickle file loaded successfully
2024-10-27 22:18:20,378 - INFO - Data saved as CSV to: /opt/airflow/data/processed/raw_data.csv
2024-10-27 22:18:21,773 - INFO - Starting data processing
2024-10-27 22:18:21,776 - INFO - Input file: /opt/airflow/data/processed/raw_data.csv
2024-10-27 22:18:21,873 - INFO - Data loaded successfully. DataFrame shape: (45211, 17)
2024-10-27 22:18:21,897 - INFO - DataFrame info saved to /opt/airflow/data/processed/dataframe_info.csv
2024-10-27 22:18:21,915 - INFO - DataFrame description saved to /opt/airflow/data/processed/dataframe_description.csv
2024-10-27 22:18:21,935 - INFO - No duplicate rows found.
2024-10-27 22:18:22,294 - INFO - Percentage of null or unknown values in each column:
2024-10-27 22:18:22,298 - INFO - age: 0.00%
2024-10-27 22:18:22,302 - INFO - job: 0.64%
2024-10-27 22:18:22,305 - INFO - marital: 0.00%
2024-10-27 22:18:22,308 - INFO - education: 4.11%
2024-10-27 22:18:22,310 - INFO - default: 0.00%
2024-10-27 22:18:22,312 - INFO - balance: 0.00%
2024-10-27 22:18:22,314 - INFO - housing: 0.00%
2024-10-27 22:18:22,316 - INFO - loan: 0.00%
2024-10-27 22:18:22,318 - INFO - contact: 28.80%
2024-10-27 22:18:22,319 - INFO - day: 0.00%
2024-10-27 22:18:22,320 - INFO - month: 0.00%
2024-10-27 22:18:22,321 - INFO - duration: 0.00%
2024-10-27 22:18:22,322 - INFO - campaign: 0.00%
2024-10-27 22:18:22,324 - INFO - pdays: 0.00%
2024-10-27 22:18:22,325 - INFO - previous: 0.00%
2024-10-27 22:18:22,327 - INFO - poutcome: 81.75%
2024-10-27 22:18:22,328 - INFO - y: 0.00%
2024-10-27 22:18:22,335 - INFO - Dropped features with >80% null or unknown values: ['poutcome']
2024-10-27 22:18:22,364 - INFO - Filled unknown values in 'job' column with mode value: blue-collar
2024-10-27 22:18:22,392 - INFO - Filled unknown values in 'education' column with mode value: secondary
2024-10-27 22:18:22,438 - INFO - Processed data saved as pickle at /opt/airflow/data/processed/processed_data.pkl
2024-10-27 22:18:22,440 - INFO - Data processing completed successfully
2024-10-27 22:18:26,221 - INFO - Starting EDA process
2024-10-27 22:18:26,224 - INFO - Using input file: /opt/airflow/data/processed/outlier_handled_data.pkl
2024-10-27 22:18:26,307 - INFO - Loaded data from /opt/airflow/data/processed/outlier_handled_data.pkl with shape (45211, 16)
2024-10-27 22:18:26,316 - INFO - Data head:
    age           job  marital  education default  balance housing loan  contact  day month  duration  campaign  pdays  previous   y
0  58.0    management  married   tertiary      no   2143.0     yes   no  unknown  5.0   may     261.0       1.0   -1.0       0.0  no
1  44.0    technician   single  secondary      no     29.0     yes   no  unknown  5.0   may     151.0       1.0   -1.0       0.0  no
2  33.0  entrepreneur  married  secondary      no      2.0     yes  yes  unknown  5.0   may      76.0       1.0   -1.0       0.0  no
3  47.0   blue-collar  married  secondary      no   1506.0     yes   no  unknown  5.0   may      92.0       1.0   -1.0       0.0  no
4  33.0   blue-collar   single  secondary      no      1.0      no   no  unknown  5.0   may     198.0       1.0   -1.0       0.0  no
2024-10-27 22:18:26,319 - INFO - Current column names: ['age', 'job', 'marital', 'education', 'default', 'balance', 'housing', 'loan', 'contact', 'day', 'month', 'duration', 'campaign', 'pdays', 'previous', 'y']
2024-10-27 22:18:26,408 - INFO - Saved plot: /opt/airflow/data/processed/eda_plots/deposit_distribution.png
2024-10-27 22:18:26,413 - INFO - Contact method distribution:
contact
cellular     0.647741
unknown      0.287983
telephone    0.064276
Name: proportion, dtype: Float64
2024-10-27 22:18:26,569 - INFO - Saved plot: /opt/airflow/data/processed/eda_plots/contact_method_distribution.png
2024-10-27 22:18:26,675 - INFO - Saved plot: /opt/airflow/data/processed/eda_plots/housing_loan_distribution.png
2024-10-27 22:18:26,781 - INFO - Saved plot: /opt/airflow/data/processed/eda_plots/personal_loan_distribution.png
2024-10-27 22:18:26,877 - INFO - Saved plot: /opt/airflow/data/processed/eda_plots/default_status_distribution.png
2024-10-27 22:18:26,885 - INFO - Month distribution:
month
may    0.304483
jul    0.152507
aug    0.138174
jun    0.118135
nov     0.08781
apr    0.064851
feb    0.058592
jan    0.031032
oct    0.016323
sep    0.012807
mar    0.010551
dec    0.004733
Name: proportion, dtype: Float64
2024-10-27 22:18:27,021 - INFO - Saved plot: /opt/airflow/data/processed/eda_plots/month_distribution.png
2024-10-27 22:18:27,149 - INFO - Saved plot: /opt/airflow/data/processed/eda_plots/age_distribution.png
2024-10-27 22:18:27,277 - INFO - Saved plot: /opt/airflow/data/processed/eda_plots/job_distribution.png
2024-10-27 22:18:27,401 - INFO - Saved plot: /opt/airflow/data/processed/eda_plots/marital_status_distribution.png
2024-10-27 22:18:27,508 - INFO - Saved plot: /opt/airflow/data/processed/eda_plots/education_distribution.png
2024-10-27 22:18:27,928 - INFO - Saved plot: /opt/airflow/data/processed/eda_plots/correlation_heatmap.png
2024-10-27 22:18:27,931 - INFO - EDA process completed successfully
