2024-10-28 23:10:07,592 - INFO - Starting data download process
2024-10-28 23:10:07,596 - INFO - Starting data download process
2024-10-28 23:10:09,014 - INFO - Latest file files/md5/75/4954d29a573fb8ff0a6f327960d9cf downloaded from GCS.
2024-10-28 23:10:09,072 - INFO - Latest file files/md5/75/4954d29a573fb8ff0a6f327960d9cf downloaded from GCS.
2024-10-28 23:10:09,185 - INFO - File content pickled and saved as /opt/airflow/data/processed/raw_data.pkl.
2024-10-28 23:10:09,249 - INFO - File content pickled and saved as /opt/airflow/data/processed/raw_data.pkl.
2024-10-28 23:10:18,254 - INFO - Starting data loading process
2024-10-28 23:10:18,260 - INFO - Using pickle file: /opt/airflow/data/processed/raw_data.pkl
2024-10-28 23:10:18,279 - INFO - Starting data loading process
2024-10-28 23:10:18,291 - INFO - Using pickle file: /opt/airflow/data/processed/raw_data.pkl
2024-10-28 23:10:18,326 - INFO - Pickle file loaded successfully
2024-10-28 23:10:18,337 - INFO - Pickle file loaded successfully
2024-10-28 23:10:19,198 - INFO - Data saved as CSV to: /opt/airflow/data/processed/raw_data.csv
2024-10-28 23:10:19,201 - INFO - Data saved as CSV to: /opt/airflow/data/processed/raw_data.csv
2024-10-28 23:10:27,827 - INFO - Starting data processing
2024-10-28 23:10:27,827 - INFO - Starting data processing
2024-10-28 23:10:27,831 - INFO - Input file: /opt/airflow/data/processed/raw_data.csv
2024-10-28 23:10:27,831 - INFO - Input file: /opt/airflow/data/processed/raw_data.csv
2024-10-28 23:10:27,967 - INFO - Data loaded successfully. DataFrame shape: (45211, 17)
2024-10-28 23:10:27,970 - INFO - Data loaded successfully. DataFrame shape: (45211, 17)
2024-10-28 23:10:28,079 - INFO - DataFrame info saved to /opt/airflow/data/processed/dataframe_info.csv
2024-10-28 23:10:28,080 - INFO - DataFrame info saved to /opt/airflow/data/processed/dataframe_info.csv
2024-10-28 23:10:28,122 - INFO - DataFrame description saved to /opt/airflow/data/processed/dataframe_description.csv
2024-10-28 23:10:28,136 - INFO - DataFrame description saved to /opt/airflow/data/processed/dataframe_description.csv
2024-10-28 23:10:28,165 - INFO - No duplicate rows found.
2024-10-28 23:10:28,175 - INFO - No duplicate rows found.
2024-10-28 23:10:29,061 - INFO - Percentage of null or unknown values in each column:
2024-10-28 23:10:29,066 - INFO - age: 0.00%
2024-10-28 23:10:29,070 - INFO - job: 0.64%
2024-10-28 23:10:29,073 - INFO - marital: 0.00%
2024-10-28 23:10:29,075 - INFO - education: 4.11%
2024-10-28 23:10:29,078 - INFO - default: 0.00%
2024-10-28 23:10:29,081 - INFO - balance: 0.00%
2024-10-28 23:10:29,084 - INFO - housing: 0.00%
2024-10-28 23:10:29,087 - INFO - loan: 0.00%
2024-10-28 23:10:29,089 - INFO - Percentage of null or unknown values in each column:
2024-10-28 23:10:29,090 - INFO - contact: 28.80%
2024-10-28 23:10:29,092 - INFO - age: 0.00%
2024-10-28 23:10:29,093 - INFO - day: 0.00%
2024-10-28 23:10:29,096 - INFO - job: 0.64%
2024-10-28 23:10:29,096 - INFO - month: 0.00%
2024-10-28 23:10:29,099 - INFO - marital: 0.00%
2024-10-28 23:10:29,099 - INFO - duration: 0.00%
2024-10-28 23:10:29,101 - INFO - education: 4.11%
2024-10-28 23:10:29,102 - INFO - campaign: 0.00%
2024-10-28 23:10:29,104 - INFO - default: 0.00%
2024-10-28 23:10:29,104 - INFO - pdays: 0.00%
2024-10-28 23:10:29,106 - INFO - balance: 0.00%
2024-10-28 23:10:29,107 - INFO - previous: 0.00%
2024-10-28 23:10:29,109 - INFO - housing: 0.00%
2024-10-28 23:10:29,110 - INFO - poutcome: 81.75%
2024-10-28 23:10:29,112 - INFO - loan: 0.00%
2024-10-28 23:10:29,112 - INFO - y: 0.00%
2024-10-28 23:10:29,114 - INFO - contact: 28.80%
2024-10-28 23:10:29,116 - INFO - day: 0.00%
2024-10-28 23:10:29,119 - INFO - month: 0.00%
2024-10-28 23:10:29,121 - INFO - duration: 0.00%
2024-10-28 23:10:29,121 - INFO - Dropped features with >80% null or unknown values: ['poutcome']
2024-10-28 23:10:29,123 - INFO - campaign: 0.00%
2024-10-28 23:10:29,125 - INFO - pdays: 0.00%
2024-10-28 23:10:29,127 - INFO - previous: 0.00%
2024-10-28 23:10:29,129 - INFO - poutcome: 81.75%
2024-10-28 23:10:29,131 - INFO - y: 0.00%
2024-10-28 23:10:29,142 - INFO - Dropped features with >80% null or unknown values: ['poutcome']
2024-10-28 23:10:29,181 - INFO - Filled unknown values in 'job' column with mode value: blue-collar
2024-10-28 23:10:29,201 - INFO - Filled unknown values in 'job' column with mode value: blue-collar
2024-10-28 23:10:29,269 - INFO - Filled unknown values in 'education' column with mode value: secondary
2024-10-28 23:10:29,305 - INFO - Filled unknown values in 'education' column with mode value: secondary
2024-10-28 23:10:29,349 - INFO - Processed data saved as pickle at /opt/airflow/data/processed/processed_data.pkl
2024-10-28 23:10:29,353 - INFO - Data processing completed successfully
2024-10-28 23:10:29,383 - INFO - Processed data saved as pickle at /opt/airflow/data/processed/processed_data.pkl
2024-10-28 23:10:29,388 - INFO - Data processing completed successfully
2024-10-28 23:10:47,365 - INFO - Starting EDA process
2024-10-28 23:10:47,371 - INFO - Using input file: /opt/airflow/data/processed/outlier_handled_data.pkl
2024-10-28 23:10:47,502 - INFO - Starting EDA process
2024-10-28 23:10:47,508 - INFO - Using input file: /opt/airflow/data/processed/outlier_handled_data.pkl
2024-10-28 23:10:47,614 - INFO - Loaded data from /opt/airflow/data/processed/outlier_handled_data.pkl with shape (45211, 16)
2024-10-28 23:10:47,640 - INFO - Data head:
    age           job  marital  education default  balance housing loan  contact  day month  duration  campaign  pdays  previous   y
0  58.0    management  married   tertiary      no   2143.0     yes   no  unknown  5.0   may     261.0       1.0   -1.0       0.0  no
1  44.0    technician   single  secondary      no     29.0     yes   no  unknown  5.0   may     151.0       1.0   -1.0       0.0  no
2  33.0  entrepreneur  married  secondary      no      2.0     yes  yes  unknown  5.0   may      76.0       1.0   -1.0       0.0  no
3  47.0   blue-collar  married  secondary      no   1506.0     yes   no  unknown  5.0   may      92.0       1.0   -1.0       0.0  no
4  33.0   blue-collar   single  secondary      no      1.0      no   no  unknown  5.0   may     198.0       1.0   -1.0       0.0  no
2024-10-28 23:10:47,647 - INFO - Current column names: ['age', 'job', 'marital', 'education', 'default', 'balance', 'housing', 'loan', 'contact', 'day', 'month', 'duration', 'campaign', 'pdays', 'previous', 'y']
2024-10-28 23:10:47,775 - INFO - Loaded data from /opt/airflow/data/processed/outlier_handled_data.pkl with shape (45211, 16)
2024-10-28 23:10:47,806 - INFO - Data head:
    age           job  marital  education default  balance housing loan  contact  day month  duration  campaign  pdays  previous   y
0  58.0    management  married   tertiary      no   2143.0     yes   no  unknown  5.0   may     261.0       1.0   -1.0       0.0  no
1  44.0    technician   single  secondary      no     29.0     yes   no  unknown  5.0   may     151.0       1.0   -1.0       0.0  no
2  33.0  entrepreneur  married  secondary      no      2.0     yes  yes  unknown  5.0   may      76.0       1.0   -1.0       0.0  no
3  47.0   blue-collar  married  secondary      no   1506.0     yes   no  unknown  5.0   may      92.0       1.0   -1.0       0.0  no
4  33.0   blue-collar   single  secondary      no      1.0      no   no  unknown  5.0   may     198.0       1.0   -1.0       0.0  no
2024-10-28 23:10:47,811 - INFO - Current column names: ['age', 'job', 'marital', 'education', 'default', 'balance', 'housing', 'loan', 'contact', 'day', 'month', 'duration', 'campaign', 'pdays', 'previous', 'y']
2024-10-28 23:10:47,910 - INFO - Saved plot: /opt/airflow/data/processed/eda_plots/deposit_distribution.png
2024-10-28 23:10:47,923 - INFO - Contact method distribution:
cellular     0.647741
unknown      0.287983
telephone    0.064276
Name: contact, dtype: Float64
2024-10-28 23:10:48,059 - INFO - Saved plot: /opt/airflow/data/processed/eda_plots/deposit_distribution.png
2024-10-28 23:10:48,078 - INFO - Contact method distribution:
cellular     0.647741
unknown      0.287983
telephone    0.064276
Name: contact, dtype: Float64
2024-10-28 23:10:48,238 - INFO - Saved plot: /opt/airflow/data/processed/eda_plots/contact_method_distribution.png
2024-10-28 23:10:48,269 - INFO - Saved plot: /opt/airflow/data/processed/eda_plots/contact_method_distribution.png
2024-10-28 23:10:48,421 - INFO - Saved plot: /opt/airflow/data/processed/eda_plots/housing_loan_distribution.png
2024-10-28 23:10:48,438 - INFO - Saved plot: /opt/airflow/data/processed/eda_plots/housing_loan_distribution.png
2024-10-28 23:10:48,634 - INFO - Saved plot: /opt/airflow/data/processed/eda_plots/personal_loan_distribution.png
2024-10-28 23:10:48,637 - INFO - Saved plot: /opt/airflow/data/processed/eda_plots/personal_loan_distribution.png
2024-10-28 23:10:48,812 - INFO - Saved plot: /opt/airflow/data/processed/eda_plots/default_status_distribution.png
2024-10-28 23:10:48,813 - INFO - Saved plot: /opt/airflow/data/processed/eda_plots/default_status_distribution.png
2024-10-28 23:10:48,823 - INFO - Month distribution:
may    0.304483
jul    0.152507
aug    0.138174
jun    0.118135
nov     0.08781
apr    0.064851
feb    0.058592
jan    0.031032
oct    0.016323
sep    0.012807
mar    0.010551
dec    0.004733
Name: month, dtype: Float64
2024-10-28 23:10:48,824 - INFO - Month distribution:
may    0.304483
jul    0.152507
aug    0.138174
jun    0.118135
nov     0.08781
apr    0.064851
feb    0.058592
jan    0.031032
oct    0.016323
sep    0.012807
mar    0.010551
dec    0.004733
Name: month, dtype: Float64
2024-10-28 23:10:49,069 - INFO - Saved plot: /opt/airflow/data/processed/eda_plots/month_distribution.png
2024-10-28 23:10:49,070 - INFO - Saved plot: /opt/airflow/data/processed/eda_plots/month_distribution.png
2024-10-28 23:10:49,443 - INFO - Saved plot: /opt/airflow/data/processed/eda_plots/age_distribution.png
2024-10-28 23:10:49,444 - INFO - Saved plot: /opt/airflow/data/processed/eda_plots/age_distribution.png
2024-10-28 23:10:49,941 - INFO - Saved plot: /opt/airflow/data/processed/eda_plots/job_distribution.png
2024-10-28 23:10:49,942 - INFO - Saved plot: /opt/airflow/data/processed/eda_plots/job_distribution.png
2024-10-28 23:10:50,185 - INFO - Saved plot: /opt/airflow/data/processed/eda_plots/marital_status_distribution.png
2024-10-28 23:10:50,189 - INFO - Saved plot: /opt/airflow/data/processed/eda_plots/marital_status_distribution.png
2024-10-28 23:10:50,393 - INFO - Saved plot: /opt/airflow/data/processed/eda_plots/education_distribution.png
2024-10-28 23:10:50,397 - INFO - Saved plot: /opt/airflow/data/processed/eda_plots/education_distribution.png
2024-10-28 23:10:50,953 - INFO - Saved plot: /opt/airflow/data/processed/eda_plots/correlation_heatmap.png
2024-10-28 23:10:50,959 - INFO - EDA process completed successfully
2024-10-28 23:10:51,045 - INFO - Saved plot: /opt/airflow/data/processed/eda_plots/correlation_heatmap.png
2024-10-28 23:10:51,051 - INFO - EDA process completed successfully
2024-10-28 23:11:00,129 - INFO - Starting categorical encoding process
2024-10-28 23:11:00,138 - INFO - Starting categorical encoding process
2024-10-28 23:11:00,323 - INFO - Loaded data from /opt/airflow/data/processed/outlier_handled_data.pkl with shape (45211, 16)
2024-10-28 23:11:00,323 - INFO - Loaded data from /opt/airflow/data/processed/outlier_handled_data.pkl with shape (45211, 16)
2024-10-28 23:11:00,328 - INFO - Column datatypes:
2024-10-28 23:11:00,328 - INFO - Column datatypes:
2024-10-28 23:11:00,333 - INFO - age: float64
2024-10-28 23:11:00,333 - INFO - age: float64
2024-10-28 23:11:00,336 - INFO - job: string
2024-10-28 23:11:00,336 - INFO - job: string
2024-10-28 23:11:00,339 - INFO - marital: string
2024-10-28 23:11:00,340 - INFO - marital: string
2024-10-28 23:11:00,342 - INFO - education: string
2024-10-28 23:11:00,342 - INFO - education: string
2024-10-28 23:11:00,345 - INFO - default: string
2024-10-28 23:11:00,346 - INFO - default: string
2024-10-28 23:11:00,348 - INFO - balance: float64
2024-10-28 23:11:00,348 - INFO - balance: float64
2024-10-28 23:11:00,351 - INFO - housing: string
2024-10-28 23:11:00,351 - INFO - housing: string
2024-10-28 23:11:00,353 - INFO - loan: string
2024-10-28 23:11:00,354 - INFO - loan: string
2024-10-28 23:11:00,356 - INFO - contact: string
2024-10-28 23:11:00,357 - INFO - contact: string
2024-10-28 23:11:00,359 - INFO - day: float64
2024-10-28 23:11:00,359 - INFO - day: float64
2024-10-28 23:11:00,362 - INFO - month: string
2024-10-28 23:11:00,362 - INFO - month: string
2024-10-28 23:11:00,364 - INFO - duration: float64
2024-10-28 23:11:00,365 - INFO - duration: float64
2024-10-28 23:11:00,367 - INFO - campaign: float64
2024-10-28 23:11:00,367 - INFO - campaign: float64
2024-10-28 23:11:00,369 - INFO - pdays: float64
2024-10-28 23:11:00,369 - INFO - pdays: float64
2024-10-28 23:11:00,372 - INFO - previous: float64
2024-10-28 23:11:00,372 - INFO - previous: float64
2024-10-28 23:11:00,375 - INFO - y: string
2024-10-28 23:11:00,375 - INFO - y: string
2024-10-28 23:11:00,397 - INFO - Identified 9 categorical columns: ['job', 'marital', 'education', 'default', 'housing', 'loan', 'contact', 'month', 'y']
2024-10-28 23:11:00,397 - INFO - Identified 9 categorical columns: ['job', 'marital', 'education', 'default', 'housing', 'loan', 'contact', 'month', 'y']
2024-10-28 23:11:00,431 - INFO - Encoded column: job
2024-10-28 23:11:00,431 - INFO - Encoded column: job
2024-10-28 23:11:00,459 - INFO - Encoded column: marital
2024-10-28 23:11:00,459 - INFO - Encoded column: marital
2024-10-28 23:11:00,496 - INFO - Encoded column: education
2024-10-28 23:11:00,496 - INFO - Encoded column: education
2024-10-28 23:11:00,520 - INFO - Encoded column: default
2024-10-28 23:11:00,520 - INFO - Encoded column: default
2024-10-28 23:11:00,543 - INFO - Encoded column: housing
2024-10-28 23:11:00,543 - INFO - Encoded column: housing
2024-10-28 23:11:00,568 - INFO - Encoded column: loan
2024-10-28 23:11:00,568 - INFO - Encoded column: loan
2024-10-28 23:11:00,590 - INFO - Encoded column: contact
2024-10-28 23:11:00,591 - INFO - Encoded column: contact
2024-10-28 23:11:00,612 - INFO - Encoded column: month
2024-10-28 23:11:00,613 - INFO - Encoded column: month
2024-10-28 23:11:00,634 - INFO - Encoded column: y
2024-10-28 23:11:00,634 - INFO - Encoded column: y
2024-10-28 23:11:01,042 - INFO - Saved encoded data to CSV file: /opt/airflow/data/processed/encoded_data.csv
2024-10-28 23:11:01,048 - INFO - Saved encoded data to CSV file: /opt/airflow/data/processed/encoded_data.csv
2024-10-28 23:11:01,122 - INFO - Saved encoded data to pickle file: /opt/airflow/data/processed/encoded_data.pkl
2024-10-28 23:11:01,123 - INFO - Saved encoded data to pickle file: /opt/airflow/data/processed/encoded_data.pkl
2024-10-28 23:11:01,125 - INFO - Categorical encoding process completed successfully
2024-10-28 23:11:01,126 - INFO - Categorical encoding process completed successfully
2024-10-28 23:11:10,515 - INFO - Starting correlation analysis
2024-10-28 23:11:10,527 - INFO - Input file: /opt/airflow/data/processed/encoded_data.pkl
2024-10-28 23:11:10,648 - INFO - Loaded data from /opt/airflow/data/processed/encoded_data.pkl with shape (45211, 16)
2024-10-28 23:11:10,655 - INFO - Starting correlation analysis
2024-10-28 23:11:10,668 - INFO - Input file: /opt/airflow/data/processed/encoded_data.pkl
2024-10-28 23:11:10,819 - INFO - Loaded data from /opt/airflow/data/processed/encoded_data.pkl with shape (45211, 16)
2024-10-28 23:11:10,836 - INFO - Correlation matrix saved to /opt/airflow/data/processed/correlation_matrix.csv
2024-10-28 23:11:10,844 - INFO - Correlation matrix saved to /opt/airflow/data/processed/correlation_matrix.pkl
2024-10-28 23:11:10,865 - INFO - No highly correlated pairs found.
2024-10-28 23:11:10,897 - INFO - Correlation matrix saved to /opt/airflow/data/processed/correlation_matrix.csv
2024-10-28 23:11:10,908 - INFO - Correlation matrix saved to /opt/airflow/data/processed/correlation_matrix.pkl
2024-10-28 23:11:10,917 - INFO - No highly correlated pairs found.
2024-10-28 23:11:12,380 - INFO - Correlation heatmap saved to /opt/airflow/data/processed/eda_plots/correlation_heatmap.png
2024-10-28 23:11:12,384 - INFO - Correlation analysis completed successfully
2024-10-28 23:11:12,427 - INFO - Correlation heatmap saved to /opt/airflow/data/processed/eda_plots/correlation_heatmap.png
2024-10-28 23:11:12,436 - INFO - Correlation analysis completed successfully
2024-10-28 23:11:22,438 - INFO - Starting SMOTE analysis
2024-10-28 23:11:22,443 - INFO - Input file: /opt/airflow/data/processed/encoded_data.pkl
2024-10-28 23:11:22,451 - INFO - Starting SMOTE analysis
2024-10-28 23:11:22,456 - INFO - Input file: /opt/airflow/data/processed/encoded_data.pkl
2024-10-28 23:11:22,579 - INFO - Loaded data from /opt/airflow/data/processed/encoded_data.pkl with shape (45211, 16)
2024-10-28 23:11:22,588 - INFO - Loaded data from /opt/airflow/data/processed/encoded_data.pkl with shape (45211, 16)
2024-10-28 23:11:22,687 - INFO - Target variable distribution before SMOTE:
0    0.883015
1    0.116985
Name: y, dtype: float64
2024-10-28 23:11:22,689 - INFO - Target variable distribution before SMOTE:
0    0.883015
1    0.116985
Name: y, dtype: float64
2024-10-28 23:11:22,811 - INFO - Shape of training data before SMOTE: (36168, 15)
2024-10-28 23:11:22,815 - INFO - Shape of training data after SMOTE: (63940, 15)
2024-10-28 23:11:22,818 - INFO - Shape of training data before SMOTE: (36168, 15)
2024-10-28 23:11:22,820 - INFO - Target variable distribution after SMOTE:
0    0.5
1    0.5
Name: y, dtype: float64
2024-10-28 23:11:22,821 - INFO - Shape of training data after SMOTE: (63940, 15)
2024-10-28 23:11:22,826 - INFO - Target variable distribution after SMOTE:
0    0.5
1    0.5
Name: y, dtype: float64
2024-10-28 23:11:23,612 - INFO - Saved SMOTE resampled training data to CSV: /opt/airflow/data/processed/smote_resampled_train_data.csv
2024-10-28 23:11:23,615 - INFO - Saved SMOTE resampled training data to CSV: /opt/airflow/data/processed/smote_resampled_train_data.csv
2024-10-28 23:11:23,802 - INFO - Saved test data to CSV: /opt/airflow/data/processed/test_data.csv
2024-10-28 23:11:23,817 - INFO - Saved test data to CSV: /opt/airflow/data/processed/test_data.csv
2024-10-28 23:11:23,928 - INFO - Saved SMOTE resampled training data to pickle: /opt/airflow/data/processed/smote_resampled_train_data.pkl
2024-10-28 23:11:23,932 - INFO - Saved SMOTE resampled training data to pickle: /opt/airflow/data/processed/smote_resampled_train_data.pkl
2024-10-28 23:11:23,955 - INFO - Saved test data to pickle: /opt/airflow/data/processed/test_data.pkl
2024-10-28 23:11:23,957 - INFO - Saved test data to pickle: /opt/airflow/data/processed/test_data.pkl
2024-10-28 23:11:23,959 - INFO - SMOTE analysis completed successfully
2024-10-28 23:11:23,960 - INFO - SMOTE analysis completed successfully
