[2024-10-23T02:12:34.418+0000] {local_task_job_runner.py:120} INFO - ::group::Pre task execution logs
[2024-10-23T02:12:34.472+0000] {taskinstance.py:2076} INFO - Dependencies all met for dep_context=non-requeueable deps ti=<TaskInstance: DataPipeline.download_data_from_gcp manual__2024-10-23T02:12:32.475913+00:00 [queued]>
[2024-10-23T02:12:34.485+0000] {taskinstance.py:2076} INFO - Dependencies all met for dep_context=requeueable deps ti=<TaskInstance: DataPipeline.download_data_from_gcp manual__2024-10-23T02:12:32.475913+00:00 [queued]>
[2024-10-23T02:12:34.491+0000] {taskinstance.py:2306} INFO - Starting attempt 1 of 3
[2024-10-23T02:12:34.517+0000] {taskinstance.py:2330} INFO - Executing <Task(PythonOperator): download_data_from_gcp> on 2024-10-23 02:12:32.475913+00:00
[2024-10-23T02:12:34.528+0000] {standard_task_runner.py:90} INFO - Running: ['***', 'tasks', 'run', 'DataPipeline', 'download_data_from_gcp', 'manual__2024-10-23T02:12:32.475913+00:00', '--job-id', '6', '--raw', '--subdir', 'DAGS_FOLDER/src/***.py', '--cfg-path', '/tmp/tmph58xb4eu']
[2024-10-23T02:12:34.525+0000] {warnings.py:112} WARNING - /home/***/.local/lib/python3.12/site-packages/***/task/task_runner/standard_task_runner.py:61: DeprecationWarning: This process (pid=104) is multi-threaded, use of fork() may lead to deadlocks in the child.
  pid = os.fork()

[2024-10-23T02:12:34.538+0000] {standard_task_runner.py:91} INFO - Job 6: Subtask download_data_from_gcp
[2024-10-23T02:12:34.539+0000] {standard_task_runner.py:63} INFO - Started process 106 to run task
[2024-10-23T02:12:34.654+0000] {task_command.py:426} INFO - Running <TaskInstance: DataPipeline.download_data_from_gcp manual__2024-10-23T02:12:32.475913+00:00 [running]> on host 086019f7b15d
[2024-10-23T02:12:34.842+0000] {taskinstance.py:2648} INFO - Exporting env vars: AIRFLOW_CTX_DAG_OWNER='MLopsProjectGroup6' AIRFLOW_CTX_DAG_ID='DataPipeline' AIRFLOW_CTX_TASK_ID='download_data_from_gcp' AIRFLOW_CTX_EXECUTION_DATE='2024-10-23T02:12:32.475913+00:00' AIRFLOW_CTX_TRY_NUMBER='1' AIRFLOW_CTX_DAG_RUN_ID='manual__2024-10-23T02:12:32.475913+00:00'
[2024-10-23T02:12:34.844+0000] {taskinstance.py:430} INFO - ::endgroup::
[2024-10-23T02:12:34.871+0000] {DownloadData.py:30} INFO - Project directory fetched successfully
[2024-10-23T02:12:36.106+0000] {DownloadData.py:56} INFO - Latest file files/md5/f6/cb2c1256ffe2836b36df321f46e92c downloaded from GCS.
[2024-10-23T02:12:36.119+0000] {DownloadData.py:63} INFO - File content pickled and saved as /opt/***/data/processed/raw_data.pkl.
[2024-10-23T02:12:36.121+0000] {python.py:237} INFO - Done. Returned value was: True
[2024-10-23T02:12:36.122+0000] {taskinstance.py:441} INFO - ::group::Post task execution logs
[2024-10-23T02:12:36.150+0000] {taskinstance.py:1206} INFO - Marking task as SUCCESS. dag_id=DataPipeline, task_id=download_data_from_gcp, run_id=manual__2024-10-23T02:12:32.475913+00:00, execution_date=20241023T021232, start_date=20241023T021234, end_date=20241023T021236
[2024-10-23T02:12:36.202+0000] {local_task_job_runner.py:240} INFO - Task exited with return code 0
[2024-10-23T02:12:36.223+0000] {taskinstance.py:3503} INFO - 1 downstream tasks scheduled from follow-on schedule check
[2024-10-23T02:12:36.226+0000] {local_task_job_runner.py:222} INFO - ::endgroup::
