[2024-10-25T18:01:45.394+0000] {local_task_job_runner.py:120} INFO - ::group::Pre task execution logs
[2024-10-25T18:01:45.439+0000] {taskinstance.py:2076} INFO - Dependencies all met for dep_context=non-requeueable deps ti=<TaskInstance: DataPipeline.process_data manual__2024-10-25T18:01:32.997484+00:00 [queued]>
[2024-10-25T18:01:45.452+0000] {taskinstance.py:2076} INFO - Dependencies all met for dep_context=requeueable deps ti=<TaskInstance: DataPipeline.process_data manual__2024-10-25T18:01:32.997484+00:00 [queued]>
[2024-10-25T18:01:45.453+0000] {taskinstance.py:2306} INFO - Starting attempt 1 of 3
[2024-10-25T18:01:45.472+0000] {taskinstance.py:2330} INFO - Executing <Task(PythonOperator): process_data> on 2024-10-25 18:01:32.997484+00:00
[2024-10-25T18:01:45.480+0000] {warnings.py:112} WARNING - /home/***/.local/lib/python3.12/site-packages/***/task/task_runner/standard_task_runner.py:61: DeprecationWarning: This process (pid=82) is multi-threaded, use of fork() may lead to deadlocks in the child.
  pid = os.fork()

[2024-10-25T18:01:45.482+0000] {standard_task_runner.py:63} INFO - Started process 84 to run task
[2024-10-25T18:01:45.483+0000] {standard_task_runner.py:90} INFO - Running: ['***', 'tasks', 'run', 'DataPipeline', 'process_data', 'manual__2024-10-25T18:01:32.997484+00:00', '--job-id', '10', '--raw', '--subdir', 'DAGS_FOLDER/src/***.py', '--cfg-path', '/tmp/tmpiccrqk3u']
[2024-10-25T18:01:45.487+0000] {standard_task_runner.py:91} INFO - Job 10: Subtask process_data
[2024-10-25T18:01:45.563+0000] {task_command.py:426} INFO - Running <TaskInstance: DataPipeline.process_data manual__2024-10-25T18:01:32.997484+00:00 [running]> on host 29d65c49b73c
[2024-10-25T18:01:45.722+0000] {taskinstance.py:2648} INFO - Exporting env vars: AIRFLOW_CTX_DAG_OWNER='MLopsProjectGroup6' AIRFLOW_CTX_DAG_ID='DataPipeline' AIRFLOW_CTX_TASK_ID='process_data' AIRFLOW_CTX_EXECUTION_DATE='2024-10-25T18:01:32.997484+00:00' AIRFLOW_CTX_TRY_NUMBER='1' AIRFLOW_CTX_DAG_RUN_ID='manual__2024-10-25T18:01:32.997484+00:00'
[2024-10-25T18:01:45.724+0000] {taskinstance.py:430} INFO - ::endgroup::
[2024-10-25T18:01:45.739+0000] {HandlingNullValues.py:35} INFO - Starting data processing
[2024-10-25T18:01:45.740+0000] {HandlingNullValues.py:36} INFO - Input file: /opt/***/data/processed/raw_data.csv
[2024-10-25T18:01:45.839+0000] {HandlingNullValues.py:40} INFO - Data loaded successfully. DataFrame shape: (45211, 1)
[2024-10-25T18:01:45.870+0000] {HandlingNullValues.py:48} INFO - DataFrame info saved to /opt/***/data/processed/dataframe_info.csv
[2024-10-25T18:01:45.908+0000] {HandlingNullValues.py:53} INFO - DataFrame description saved to /opt/***/data/processed/dataframe_description.csv
[2024-10-25T18:01:45.920+0000] {HandlingNullValues.py:61} INFO - No duplicate rows found.
[2024-10-25T18:01:45.923+0000] {HandlingNullValues.py:72} INFO - No features dropped due to null values
[2024-10-25T18:01:46.001+0000] {HandlingNullValues.py:76} INFO - Processed data saved as pickle at /opt/***/data/processed/processed_data.pkl
[2024-10-25T18:01:46.001+0000] {HandlingNullValues.py:78} INFO - Data processing completed successfully
[2024-10-25T18:01:46.003+0000] {python.py:237} INFO - Done. Returned value was: None
[2024-10-25T18:01:46.003+0000] {taskinstance.py:441} INFO - ::group::Post task execution logs
[2024-10-25T18:01:46.015+0000] {taskinstance.py:1206} INFO - Marking task as SUCCESS. dag_id=DataPipeline, task_id=process_data, run_id=manual__2024-10-25T18:01:32.997484+00:00, execution_date=20241025T180132, start_date=20241025T180145, end_date=20241025T180146
[2024-10-25T18:01:46.064+0000] {local_task_job_runner.py:240} INFO - Task exited with return code 0
[2024-10-25T18:01:46.084+0000] {taskinstance.py:3503} INFO - 0 downstream tasks scheduled from follow-on schedule check
[2024-10-25T18:01:46.087+0000] {local_task_job_runner.py:222} INFO - ::endgroup::
