[2024-10-23T22:57:19.387+0000] {local_task_job_runner.py:120} INFO - ::group::Pre task execution logs
[2024-10-23T22:57:19.412+0000] {taskinstance.py:2076} INFO - Dependencies all met for dep_context=non-requeueable deps ti=<TaskInstance: DataPipeline.process_data manual__2024-10-23T22:57:09.239239+00:00 [queued]>
[2024-10-23T22:57:19.422+0000] {taskinstance.py:2076} INFO - Dependencies all met for dep_context=requeueable deps ti=<TaskInstance: DataPipeline.process_data manual__2024-10-23T22:57:09.239239+00:00 [queued]>
[2024-10-23T22:57:19.424+0000] {taskinstance.py:2306} INFO - Starting attempt 1 of 3
[2024-10-23T22:57:19.439+0000] {taskinstance.py:2330} INFO - Executing <Task(PythonOperator): process_data> on 2024-10-23 22:57:09.239239+00:00
[2024-10-23T22:57:19.446+0000] {warnings.py:112} WARNING - /home/***/.local/lib/python3.12/site-packages/***/task/task_runner/standard_task_runner.py:61: DeprecationWarning: This process (pid=5965) is multi-threaded, use of fork() may lead to deadlocks in the child.
  pid = os.fork()

[2024-10-23T22:57:19.448+0000] {standard_task_runner.py:63} INFO - Started process 5967 to run task
[2024-10-23T22:57:19.449+0000] {standard_task_runner.py:90} INFO - Running: ['***', 'tasks', 'run', 'DataPipeline', 'process_data', 'manual__2024-10-23T22:57:09.239239+00:00', '--job-id', '105', '--raw', '--subdir', 'DAGS_FOLDER/src/***.py', '--cfg-path', '/tmp/tmpkgkbiwap']
[2024-10-23T22:57:19.452+0000] {standard_task_runner.py:91} INFO - Job 105: Subtask process_data
[2024-10-23T22:57:19.513+0000] {task_command.py:426} INFO - Running <TaskInstance: DataPipeline.process_data manual__2024-10-23T22:57:09.239239+00:00 [running]> on host 6c58daef65ee
[2024-10-23T22:57:19.673+0000] {taskinstance.py:2648} INFO - Exporting env vars: AIRFLOW_CTX_DAG_OWNER='MLopsProjectGroup6' AIRFLOW_CTX_DAG_ID='DataPipeline' AIRFLOW_CTX_TASK_ID='process_data' AIRFLOW_CTX_EXECUTION_DATE='2024-10-23T22:57:09.239239+00:00' AIRFLOW_CTX_TRY_NUMBER='1' AIRFLOW_CTX_DAG_RUN_ID='manual__2024-10-23T22:57:09.239239+00:00'
[2024-10-23T22:57:19.675+0000] {taskinstance.py:430} INFO - ::endgroup::
[2024-10-23T22:57:19.700+0000] {HandlingNullValues.py:27} INFO - Loading CSV data for processing
[2024-10-23T22:57:20.021+0000] {HandlingNullValues.py:33} INFO - DataFrame shape: (41188, 1)
[2024-10-23T22:57:20.078+0000] {HandlingNullValues.py:41} INFO - DataFrame info saved to /opt/***/dags/../data/processed/dataframe_info.csv
[2024-10-23T22:57:20.123+0000] {HandlingNullValues.py:46} INFO - DataFrame description saved to /opt/***/dags/../data/processed/dataframe_description.csv
[2024-10-23T22:57:20.128+0000] {HandlingNullValues.py:51} INFO - Found 12 duplicate rows. Dropping duplicates.
[2024-10-23T22:57:20.134+0000] {HandlingNullValues.py:53} INFO - Duplicate rows dropped.
[2024-10-23T22:57:20.141+0000] {HandlingNullValues.py:68} INFO - No features dropped
[2024-10-23T22:57:20.381+0000] {HandlingNullValues.py:72} INFO - Processed data saved as pickle at /opt/***/dags/../data/processed/processed_data.pkl
[2024-10-23T22:57:20.384+0000] {python.py:237} INFO - Done. Returned value was: None
[2024-10-23T22:57:20.385+0000] {taskinstance.py:441} INFO - ::group::Post task execution logs
[2024-10-23T22:57:20.397+0000] {taskinstance.py:1206} INFO - Marking task as SUCCESS. dag_id=DataPipeline, task_id=process_data, run_id=manual__2024-10-23T22:57:09.239239+00:00, execution_date=20241023T225709, start_date=20241023T225719, end_date=20241023T225720
[2024-10-23T22:57:20.469+0000] {local_task_job_runner.py:240} INFO - Task exited with return code 0
[2024-10-23T22:57:20.498+0000] {taskinstance.py:3503} INFO - 0 downstream tasks scheduled from follow-on schedule check
[2024-10-23T22:57:20.505+0000] {local_task_job_runner.py:222} INFO - ::endgroup::
