[2024-10-23T01:18:50.276+0000] {local_task_job_runner.py:120} INFO - ::group::Pre task execution logs
[2024-10-23T01:18:50.312+0000] {taskinstance.py:2076} INFO - Dependencies all met for dep_context=non-requeueable deps ti=<TaskInstance: DataPipeline.download_data_from_gcp_task manual__2024-10-23T01:18:45.452150+00:00 [queued]>
[2024-10-23T01:18:50.322+0000] {taskinstance.py:2076} INFO - Dependencies all met for dep_context=requeueable deps ti=<TaskInstance: DataPipeline.download_data_from_gcp_task manual__2024-10-23T01:18:45.452150+00:00 [queued]>
[2024-10-23T01:18:50.326+0000] {taskinstance.py:2306} INFO - Starting attempt 1 of 3
[2024-10-23T01:18:50.345+0000] {taskinstance.py:2330} INFO - Executing <Task(PythonOperator): download_data_from_gcp_task> on 2024-10-23 01:18:45.452150+00:00
[2024-10-23T01:18:50.355+0000] {warnings.py:112} WARNING - /home/***/.local/lib/python3.12/site-packages/***/task/task_runner/standard_task_runner.py:61: DeprecationWarning: This process (pid=70) is multi-threaded, use of fork() may lead to deadlocks in the child.
  pid = os.fork()

[2024-10-23T01:18:50.363+0000] {standard_task_runner.py:63} INFO - Started process 72 to run task
[2024-10-23T01:18:50.358+0000] {standard_task_runner.py:90} INFO - Running: ['***', 'tasks', 'run', 'DataPipeline', 'download_data_from_gcp_task', 'manual__2024-10-23T01:18:45.452150+00:00', '--job-id', '3', '--raw', '--subdir', 'DAGS_FOLDER/src/***.py', '--cfg-path', '/tmp/tmpacsyte16']
[2024-10-23T01:18:50.364+0000] {standard_task_runner.py:91} INFO - Job 3: Subtask download_data_from_gcp_task
[2024-10-23T01:18:50.445+0000] {task_command.py:426} INFO - Running <TaskInstance: DataPipeline.download_data_from_gcp_task manual__2024-10-23T01:18:45.452150+00:00 [running]> on host 93d5b90f8873
[2024-10-23T01:18:50.588+0000] {taskinstance.py:2648} INFO - Exporting env vars: AIRFLOW_CTX_DAG_OWNER='MLopsProjectGroup6' AIRFLOW_CTX_DAG_ID='DataPipeline' AIRFLOW_CTX_TASK_ID='download_data_from_gcp_task' AIRFLOW_CTX_EXECUTION_DATE='2024-10-23T01:18:45.452150+00:00' AIRFLOW_CTX_TRY_NUMBER='1' AIRFLOW_CTX_DAG_RUN_ID='manual__2024-10-23T01:18:45.452150+00:00'
[2024-10-23T01:18:50.591+0000] {taskinstance.py:430} INFO - ::endgroup::
[2024-10-23T01:18:50.637+0000] {DownloadData.py:31} INFO - Project directory fetched successfully
[2024-10-23T01:18:51.664+0000] {DownloadData.py:57} INFO - Latest file files/md5/f6/cb2c1256ffe2836b36df321f46e92c downloaded from GCS.
[2024-10-23T01:18:51.709+0000] {DownloadData.py:64} INFO - File content pickled and saved as /opt/***/dags/data/processed/raw_data.pkl.
[2024-10-23T01:18:51.710+0000] {python.py:237} INFO - Done. Returned value was: /opt/***/dags/data/processed/raw_data.pkl
[2024-10-23T01:18:51.711+0000] {taskinstance.py:441} INFO - ::group::Post task execution logs
[2024-10-23T01:18:51.738+0000] {taskinstance.py:1206} INFO - Marking task as SUCCESS. dag_id=DataPipeline, task_id=download_data_from_gcp_task, run_id=manual__2024-10-23T01:18:45.452150+00:00, execution_date=20241023T011845, start_date=20241023T011850, end_date=20241023T011851
[2024-10-23T01:18:51.785+0000] {local_task_job_runner.py:240} INFO - Task exited with return code 0
[2024-10-23T01:18:51.819+0000] {taskinstance.py:3503} INFO - 1 downstream tasks scheduled from follow-on schedule check
[2024-10-23T01:18:51.823+0000] {local_task_job_runner.py:222} INFO - ::endgroup::
