[2024-10-25T18:39:07.359+0000] {local_task_job_runner.py:120} INFO - ::group::Pre task execution logs
[2024-10-25T18:39:07.373+0000] {taskinstance.py:2076} INFO - Dependencies all met for dep_context=non-requeueable deps ti=<TaskInstance: DataPipeline.load_data manual__2024-10-25T18:39:03.770372+00:00 [queued]>
[2024-10-25T18:39:07.378+0000] {taskinstance.py:2076} INFO - Dependencies all met for dep_context=requeueable deps ti=<TaskInstance: DataPipeline.load_data manual__2024-10-25T18:39:03.770372+00:00 [queued]>
[2024-10-25T18:39:07.379+0000] {taskinstance.py:2306} INFO - Starting attempt 1 of 3
[2024-10-25T18:39:07.389+0000] {taskinstance.py:2330} INFO - Executing <Task(PythonOperator): load_data> on 2024-10-25 18:39:03.770372+00:00
[2024-10-25T18:39:07.393+0000] {warnings.py:112} WARNING - /home/***/.local/lib/python3.12/site-packages/***/task/task_runner/standard_task_runner.py:61: DeprecationWarning: This process (pid=286) is multi-threaded, use of fork() may lead to deadlocks in the child.
  pid = os.fork()

[2024-10-25T18:39:07.394+0000] {standard_task_runner.py:63} INFO - Started process 288 to run task
[2024-10-25T18:39:07.395+0000] {standard_task_runner.py:90} INFO - Running: ['***', 'tasks', 'run', 'DataPipeline', 'load_data', 'manual__2024-10-25T18:39:03.770372+00:00', '--job-id', '17', '--raw', '--subdir', 'DAGS_FOLDER/src/***.py', '--cfg-path', '/tmp/tmp8ho3hacp']
[2024-10-25T18:39:07.397+0000] {standard_task_runner.py:91} INFO - Job 17: Subtask load_data
[2024-10-25T18:39:07.432+0000] {task_command.py:426} INFO - Running <TaskInstance: DataPipeline.load_data manual__2024-10-25T18:39:03.770372+00:00 [running]> on host 4eacdf23ab95
[2024-10-25T18:39:07.509+0000] {taskinstance.py:2648} INFO - Exporting env vars: AIRFLOW_CTX_DAG_OWNER='MLopsProjectGroup6' AIRFLOW_CTX_DAG_ID='DataPipeline' AIRFLOW_CTX_TASK_ID='load_data' AIRFLOW_CTX_EXECUTION_DATE='2024-10-25T18:39:03.770372+00:00' AIRFLOW_CTX_TRY_NUMBER='1' AIRFLOW_CTX_DAG_RUN_ID='manual__2024-10-25T18:39:03.770372+00:00'
[2024-10-25T18:39:07.511+0000] {taskinstance.py:430} INFO - ::endgroup::
[2024-10-25T18:39:07.525+0000] {LoadData.py:34} INFO - Starting data loading process
[2024-10-25T18:39:07.525+0000] {LoadData.py:35} INFO - Starting data loading process
[2024-10-25T18:39:07.528+0000] {LoadData.py:34} INFO - Using pickle file: /opt/***/data/processed/raw_data.pkl
[2024-10-25T18:39:07.529+0000] {LoadData.py:35} INFO - Using pickle file: /opt/***/data/processed/raw_data.pkl
[2024-10-25T18:39:07.556+0000] {LoadData.py:34} INFO - Pickle file loaded successfully
[2024-10-25T18:39:07.557+0000] {LoadData.py:35} INFO - Pickle file loaded successfully
[2024-10-25T18:39:07.816+0000] {LoadData.py:34} INFO - Data saved as CSV to: /opt/***/data/processed/raw_data.csv
[2024-10-25T18:39:07.817+0000] {LoadData.py:35} INFO - Data saved as CSV to: /opt/***/data/processed/raw_data.csv
[2024-10-25T18:39:07.819+0000] {python.py:237} INFO - Done. Returned value was: /opt/***/data/processed/raw_data.csv
[2024-10-25T18:39:07.819+0000] {taskinstance.py:441} INFO - ::group::Post task execution logs
[2024-10-25T18:39:07.834+0000] {taskinstance.py:1206} INFO - Marking task as SUCCESS. dag_id=DataPipeline, task_id=load_data, run_id=manual__2024-10-25T18:39:03.770372+00:00, execution_date=20241025T183903, start_date=20241025T183907, end_date=20241025T183907
[2024-10-25T18:39:07.889+0000] {local_task_job_runner.py:240} INFO - Task exited with return code 0
[2024-10-25T18:39:07.915+0000] {taskinstance.py:3503} INFO - 1 downstream tasks scheduled from follow-on schedule check
[2024-10-25T18:39:07.918+0000] {local_task_job_runner.py:222} INFO - ::endgroup::
