[2024-10-25T17:47:42.000+0000] {processor.py:161} INFO - Started process (PID=38) to work on /opt/airflow/dags/src/airflow.py
[2024-10-25T17:47:42.003+0000] {processor.py:830} INFO - Processing file /opt/airflow/dags/src/airflow.py for tasks to queue
[2024-10-25T17:47:42.007+0000] {logging_mixin.py:188} INFO - [2024-10-25T17:47:42.006+0000] {dagbag.py:545} INFO - Filling up the DagBag from /opt/airflow/dags/src/airflow.py
[2024-10-25T17:47:46.527+0000] {processor.py:840} INFO - DAG(s) 'DataPipeline' retrieved from /opt/airflow/dags/src/airflow.py
[2024-10-25T17:47:46.986+0000] {logging_mixin.py:188} INFO - [2024-10-25T17:47:46.985+0000] {override.py:1829} INFO - Created Permission View: can edit on DAG:DataPipeline
[2024-10-25T17:47:47.005+0000] {logging_mixin.py:188} INFO - [2024-10-25T17:47:47.004+0000] {override.py:1829} INFO - Created Permission View: can delete on DAG:DataPipeline
[2024-10-25T17:47:47.022+0000] {logging_mixin.py:188} INFO - [2024-10-25T17:47:47.022+0000] {override.py:1829} INFO - Created Permission View: can read on DAG:DataPipeline
[2024-10-25T17:47:47.023+0000] {logging_mixin.py:188} INFO - [2024-10-25T17:47:47.023+0000] {dag.py:3096} INFO - Sync 1 DAGs
[2024-10-25T17:47:47.041+0000] {logging_mixin.py:188} INFO - [2024-10-25T17:47:47.041+0000] {dag.py:3118} INFO - Creating ORM DAG for DataPipeline
[2024-10-25T17:47:47.043+0000] {logging_mixin.py:188} INFO - [2024-10-25T17:47:47.043+0000] {dag.py:3954} INFO - Setting next_dagrun for DataPipeline to None, run_after=None
[2024-10-25T17:47:47.080+0000] {processor.py:183} INFO - Processing /opt/airflow/dags/src/airflow.py took 5.089 seconds
[2024-10-25T17:48:17.561+0000] {processor.py:161} INFO - Started process (PID=52) to work on /opt/airflow/dags/src/airflow.py
[2024-10-25T17:48:17.577+0000] {processor.py:830} INFO - Processing file /opt/airflow/dags/src/airflow.py for tasks to queue
[2024-10-25T17:48:17.583+0000] {logging_mixin.py:188} INFO - [2024-10-25T17:48:17.581+0000] {dagbag.py:545} INFO - Filling up the DagBag from /opt/airflow/dags/src/airflow.py
[2024-10-25T17:48:18.523+0000] {processor.py:840} INFO - DAG(s) 'DataPipeline' retrieved from /opt/airflow/dags/src/airflow.py
[2024-10-25T17:48:18.584+0000] {logging_mixin.py:188} INFO - [2024-10-25T17:48:18.583+0000] {dag.py:3096} INFO - Sync 1 DAGs
[2024-10-25T17:48:18.600+0000] {logging_mixin.py:188} INFO - [2024-10-25T17:48:18.600+0000] {dag.py:3954} INFO - Setting next_dagrun for DataPipeline to None, run_after=None
[2024-10-25T17:48:18.630+0000] {processor.py:183} INFO - Processing /opt/airflow/dags/src/airflow.py took 1.082 seconds
[2024-10-25T17:48:48.889+0000] {processor.py:161} INFO - Started process (PID=60) to work on /opt/airflow/dags/src/airflow.py
[2024-10-25T17:48:48.892+0000] {processor.py:830} INFO - Processing file /opt/airflow/dags/src/airflow.py for tasks to queue
[2024-10-25T17:48:48.897+0000] {logging_mixin.py:188} INFO - [2024-10-25T17:48:48.896+0000] {dagbag.py:545} INFO - Filling up the DagBag from /opt/airflow/dags/src/airflow.py
[2024-10-25T17:48:50.056+0000] {processor.py:840} INFO - DAG(s) 'DataPipeline' retrieved from /opt/airflow/dags/src/airflow.py
[2024-10-25T17:48:50.097+0000] {logging_mixin.py:188} INFO - [2024-10-25T17:48:50.095+0000] {dag.py:3096} INFO - Sync 1 DAGs
[2024-10-25T17:48:50.114+0000] {logging_mixin.py:188} INFO - [2024-10-25T17:48:50.113+0000] {dag.py:3954} INFO - Setting next_dagrun for DataPipeline to None, run_after=None
[2024-10-25T17:48:50.151+0000] {processor.py:183} INFO - Processing /opt/airflow/dags/src/airflow.py took 1.274 seconds
[2024-10-25T17:49:20.476+0000] {processor.py:161} INFO - Started process (PID=68) to work on /opt/airflow/dags/src/airflow.py
[2024-10-25T17:49:20.478+0000] {processor.py:830} INFO - Processing file /opt/airflow/dags/src/airflow.py for tasks to queue
[2024-10-25T17:49:20.482+0000] {logging_mixin.py:188} INFO - [2024-10-25T17:49:20.482+0000] {dagbag.py:545} INFO - Filling up the DagBag from /opt/airflow/dags/src/airflow.py
[2024-10-25T17:49:21.438+0000] {processor.py:840} INFO - DAG(s) 'DataPipeline' retrieved from /opt/airflow/dags/src/airflow.py
[2024-10-25T17:49:21.478+0000] {logging_mixin.py:188} INFO - [2024-10-25T17:49:21.477+0000] {dag.py:3096} INFO - Sync 1 DAGs
[2024-10-25T17:49:21.500+0000] {logging_mixin.py:188} INFO - [2024-10-25T17:49:21.499+0000] {dag.py:3954} INFO - Setting next_dagrun for DataPipeline to None, run_after=None
[2024-10-25T17:49:21.537+0000] {processor.py:183} INFO - Processing /opt/airflow/dags/src/airflow.py took 1.071 seconds
[2024-10-25T17:49:51.889+0000] {processor.py:161} INFO - Started process (PID=76) to work on /opt/airflow/dags/src/airflow.py
[2024-10-25T17:49:51.890+0000] {processor.py:830} INFO - Processing file /opt/airflow/dags/src/airflow.py for tasks to queue
[2024-10-25T17:49:51.897+0000] {logging_mixin.py:188} INFO - [2024-10-25T17:49:51.896+0000] {dagbag.py:545} INFO - Filling up the DagBag from /opt/airflow/dags/src/airflow.py
[2024-10-25T17:49:52.940+0000] {processor.py:840} INFO - DAG(s) 'DataPipeline' retrieved from /opt/airflow/dags/src/airflow.py
[2024-10-25T17:49:52.974+0000] {logging_mixin.py:188} INFO - [2024-10-25T17:49:52.973+0000] {dag.py:3096} INFO - Sync 1 DAGs
[2024-10-25T17:49:52.991+0000] {logging_mixin.py:188} INFO - [2024-10-25T17:49:52.991+0000] {dag.py:3954} INFO - Setting next_dagrun for DataPipeline to None, run_after=None
[2024-10-25T17:49:53.018+0000] {processor.py:183} INFO - Processing /opt/airflow/dags/src/airflow.py took 1.139 seconds
[2024-10-25T17:50:23.285+0000] {processor.py:161} INFO - Started process (PID=84) to work on /opt/airflow/dags/src/airflow.py
[2024-10-25T17:50:23.287+0000] {processor.py:830} INFO - Processing file /opt/airflow/dags/src/airflow.py for tasks to queue
[2024-10-25T17:50:23.291+0000] {logging_mixin.py:188} INFO - [2024-10-25T17:50:23.291+0000] {dagbag.py:545} INFO - Filling up the DagBag from /opt/airflow/dags/src/airflow.py
[2024-10-25T17:50:24.207+0000] {processor.py:840} INFO - DAG(s) 'DataPipeline' retrieved from /opt/airflow/dags/src/airflow.py
[2024-10-25T17:50:24.253+0000] {logging_mixin.py:188} INFO - [2024-10-25T17:50:24.252+0000] {dag.py:3096} INFO - Sync 1 DAGs
[2024-10-25T17:50:24.270+0000] {logging_mixin.py:188} INFO - [2024-10-25T17:50:24.270+0000] {dag.py:3954} INFO - Setting next_dagrun for DataPipeline to None, run_after=None
[2024-10-25T17:50:24.306+0000] {processor.py:183} INFO - Processing /opt/airflow/dags/src/airflow.py took 1.030 seconds
[2024-10-25T17:50:54.694+0000] {processor.py:161} INFO - Started process (PID=92) to work on /opt/airflow/dags/src/airflow.py
[2024-10-25T17:50:54.695+0000] {processor.py:830} INFO - Processing file /opt/airflow/dags/src/airflow.py for tasks to queue
[2024-10-25T17:50:54.699+0000] {logging_mixin.py:188} INFO - [2024-10-25T17:50:54.699+0000] {dagbag.py:545} INFO - Filling up the DagBag from /opt/airflow/dags/src/airflow.py
[2024-10-25T17:50:55.566+0000] {processor.py:840} INFO - DAG(s) 'DataPipeline' retrieved from /opt/airflow/dags/src/airflow.py
[2024-10-25T17:50:55.603+0000] {logging_mixin.py:188} INFO - [2024-10-25T17:50:55.602+0000] {dag.py:3096} INFO - Sync 1 DAGs
[2024-10-25T17:50:55.622+0000] {logging_mixin.py:188} INFO - [2024-10-25T17:50:55.622+0000] {dag.py:3954} INFO - Setting next_dagrun for DataPipeline to None, run_after=None
[2024-10-25T17:50:55.662+0000] {processor.py:183} INFO - Processing /opt/airflow/dags/src/airflow.py took 0.977 seconds
[2024-10-25T18:00:27.703+0000] {processor.py:161} INFO - Started process (PID=38) to work on /opt/airflow/dags/src/airflow.py
[2024-10-25T18:00:27.704+0000] {processor.py:830} INFO - Processing file /opt/airflow/dags/src/airflow.py for tasks to queue
[2024-10-25T18:00:27.708+0000] {logging_mixin.py:188} INFO - [2024-10-25T18:00:27.706+0000] {dagbag.py:545} INFO - Filling up the DagBag from /opt/airflow/dags/src/airflow.py
[2024-10-25T18:00:30.555+0000] {processor.py:840} INFO - DAG(s) 'DataPipeline' retrieved from /opt/airflow/dags/src/airflow.py
[2024-10-25T18:00:30.864+0000] {logging_mixin.py:188} INFO - [2024-10-25T18:00:30.864+0000] {dag.py:3096} INFO - Sync 1 DAGs
[2024-10-25T18:00:30.879+0000] {logging_mixin.py:188} INFO - [2024-10-25T18:00:30.879+0000] {dag.py:3954} INFO - Setting next_dagrun for DataPipeline to None, run_after=None
[2024-10-25T18:00:30.917+0000] {processor.py:183} INFO - Processing /opt/airflow/dags/src/airflow.py took 3.233 seconds
[2024-10-25T18:01:01.114+0000] {processor.py:161} INFO - Started process (PID=46) to work on /opt/airflow/dags/src/airflow.py
[2024-10-25T18:01:01.116+0000] {processor.py:830} INFO - Processing file /opt/airflow/dags/src/airflow.py for tasks to queue
[2024-10-25T18:01:01.118+0000] {logging_mixin.py:188} INFO - [2024-10-25T18:01:01.118+0000] {dagbag.py:545} INFO - Filling up the DagBag from /opt/airflow/dags/src/airflow.py
[2024-10-25T18:01:02.107+0000] {processor.py:840} INFO - DAG(s) 'DataPipeline' retrieved from /opt/airflow/dags/src/airflow.py
[2024-10-25T18:01:02.134+0000] {logging_mixin.py:188} INFO - [2024-10-25T18:01:02.133+0000] {dag.py:3096} INFO - Sync 1 DAGs
[2024-10-25T18:01:02.147+0000] {logging_mixin.py:188} INFO - [2024-10-25T18:01:02.146+0000] {dag.py:3954} INFO - Setting next_dagrun for DataPipeline to None, run_after=None
[2024-10-25T18:01:02.179+0000] {processor.py:183} INFO - Processing /opt/airflow/dags/src/airflow.py took 1.073 seconds
[2024-10-25T18:01:32.443+0000] {processor.py:161} INFO - Started process (PID=60) to work on /opt/airflow/dags/src/airflow.py
[2024-10-25T18:01:32.446+0000] {processor.py:830} INFO - Processing file /opt/airflow/dags/src/airflow.py for tasks to queue
[2024-10-25T18:01:32.453+0000] {logging_mixin.py:188} INFO - [2024-10-25T18:01:32.453+0000] {dagbag.py:545} INFO - Filling up the DagBag from /opt/airflow/dags/src/airflow.py
[2024-10-25T18:01:33.792+0000] {processor.py:840} INFO - DAG(s) 'DataPipeline' retrieved from /opt/airflow/dags/src/airflow.py
[2024-10-25T18:01:33.847+0000] {logging_mixin.py:188} INFO - [2024-10-25T18:01:33.847+0000] {dag.py:3096} INFO - Sync 1 DAGs
[2024-10-25T18:01:33.873+0000] {logging_mixin.py:188} INFO - [2024-10-25T18:01:33.872+0000] {dag.py:3954} INFO - Setting next_dagrun for DataPipeline to None, run_after=None
[2024-10-25T18:01:33.919+0000] {processor.py:183} INFO - Processing /opt/airflow/dags/src/airflow.py took 1.490 seconds
[2024-10-25T18:02:04.376+0000] {processor.py:161} INFO - Started process (PID=68) to work on /opt/airflow/dags/src/airflow.py
[2024-10-25T18:02:04.378+0000] {processor.py:830} INFO - Processing file /opt/airflow/dags/src/airflow.py for tasks to queue
[2024-10-25T18:02:04.383+0000] {logging_mixin.py:188} INFO - [2024-10-25T18:02:04.383+0000] {dagbag.py:545} INFO - Filling up the DagBag from /opt/airflow/dags/src/airflow.py
[2024-10-25T18:02:05.248+0000] {processor.py:840} INFO - DAG(s) 'DataPipeline' retrieved from /opt/airflow/dags/src/airflow.py
[2024-10-25T18:02:05.276+0000] {logging_mixin.py:188} INFO - [2024-10-25T18:02:05.276+0000] {dag.py:3096} INFO - Sync 1 DAGs
[2024-10-25T18:02:05.289+0000] {logging_mixin.py:188} INFO - [2024-10-25T18:02:05.289+0000] {dag.py:3954} INFO - Setting next_dagrun for DataPipeline to None, run_after=None
[2024-10-25T18:02:05.319+0000] {processor.py:183} INFO - Processing /opt/airflow/dags/src/airflow.py took 0.960 seconds
[2024-10-25T18:02:35.756+0000] {processor.py:161} INFO - Started process (PID=76) to work on /opt/airflow/dags/src/airflow.py
[2024-10-25T18:02:35.758+0000] {processor.py:830} INFO - Processing file /opt/airflow/dags/src/airflow.py for tasks to queue
[2024-10-25T18:02:35.761+0000] {logging_mixin.py:188} INFO - [2024-10-25T18:02:35.760+0000] {dagbag.py:545} INFO - Filling up the DagBag from /opt/airflow/dags/src/airflow.py
[2024-10-25T18:02:36.621+0000] {processor.py:840} INFO - DAG(s) 'DataPipeline' retrieved from /opt/airflow/dags/src/airflow.py
[2024-10-25T18:02:36.646+0000] {logging_mixin.py:188} INFO - [2024-10-25T18:02:36.645+0000] {dag.py:3096} INFO - Sync 1 DAGs
[2024-10-25T18:02:36.668+0000] {logging_mixin.py:188} INFO - [2024-10-25T18:02:36.667+0000] {dag.py:3954} INFO - Setting next_dagrun for DataPipeline to None, run_after=None
[2024-10-25T18:02:36.727+0000] {processor.py:183} INFO - Processing /opt/airflow/dags/src/airflow.py took 0.982 seconds
[2024-10-25T18:03:07.089+0000] {processor.py:161} INFO - Started process (PID=84) to work on /opt/airflow/dags/src/airflow.py
[2024-10-25T18:03:07.091+0000] {processor.py:830} INFO - Processing file /opt/airflow/dags/src/airflow.py for tasks to queue
[2024-10-25T18:03:07.095+0000] {logging_mixin.py:188} INFO - [2024-10-25T18:03:07.095+0000] {dagbag.py:545} INFO - Filling up the DagBag from /opt/airflow/dags/src/airflow.py
[2024-10-25T18:03:07.937+0000] {processor.py:840} INFO - DAG(s) 'DataPipeline' retrieved from /opt/airflow/dags/src/airflow.py
[2024-10-25T18:03:07.989+0000] {logging_mixin.py:188} INFO - [2024-10-25T18:03:07.988+0000] {dag.py:3096} INFO - Sync 1 DAGs
[2024-10-25T18:03:08.003+0000] {logging_mixin.py:188} INFO - [2024-10-25T18:03:08.003+0000] {dag.py:3954} INFO - Setting next_dagrun for DataPipeline to None, run_after=None
[2024-10-25T18:03:08.025+0000] {processor.py:183} INFO - Processing /opt/airflow/dags/src/airflow.py took 0.946 seconds
[2024-10-25T18:22:29.667+0000] {processor.py:161} INFO - Started process (PID=38) to work on /opt/airflow/dags/src/airflow.py
[2024-10-25T18:22:29.668+0000] {processor.py:830} INFO - Processing file /opt/airflow/dags/src/airflow.py for tasks to queue
[2024-10-25T18:22:29.670+0000] {logging_mixin.py:188} INFO - [2024-10-25T18:22:29.669+0000] {dagbag.py:545} INFO - Filling up the DagBag from /opt/airflow/dags/src/airflow.py
[2024-10-25T18:22:30.937+0000] {processor.py:840} INFO - DAG(s) 'DataPipeline' retrieved from /opt/airflow/dags/src/airflow.py
[2024-10-25T18:22:31.111+0000] {logging_mixin.py:188} INFO - [2024-10-25T18:22:31.111+0000] {dag.py:3096} INFO - Sync 1 DAGs
[2024-10-25T18:22:31.118+0000] {logging_mixin.py:188} INFO - [2024-10-25T18:22:31.118+0000] {dag.py:3954} INFO - Setting next_dagrun for DataPipeline to None, run_after=None
[2024-10-25T18:22:31.140+0000] {processor.py:183} INFO - Processing /opt/airflow/dags/src/airflow.py took 1.476 seconds
[2024-10-25T18:23:01.397+0000] {processor.py:161} INFO - Started process (PID=46) to work on /opt/airflow/dags/src/airflow.py
[2024-10-25T18:23:01.398+0000] {processor.py:830} INFO - Processing file /opt/airflow/dags/src/airflow.py for tasks to queue
[2024-10-25T18:23:01.399+0000] {logging_mixin.py:188} INFO - [2024-10-25T18:23:01.399+0000] {dagbag.py:545} INFO - Filling up the DagBag from /opt/airflow/dags/src/airflow.py
[2024-10-25T18:23:01.794+0000] {processor.py:840} INFO - DAG(s) 'DataPipeline' retrieved from /opt/airflow/dags/src/airflow.py
[2024-10-25T18:23:01.810+0000] {logging_mixin.py:188} INFO - [2024-10-25T18:23:01.810+0000] {dag.py:3096} INFO - Sync 1 DAGs
[2024-10-25T18:23:01.817+0000] {logging_mixin.py:188} INFO - [2024-10-25T18:23:01.817+0000] {dag.py:3954} INFO - Setting next_dagrun for DataPipeline to None, run_after=None
[2024-10-25T18:23:01.834+0000] {processor.py:183} INFO - Processing /opt/airflow/dags/src/airflow.py took 0.440 seconds
[2024-10-25T18:23:32.110+0000] {processor.py:161} INFO - Started process (PID=54) to work on /opt/airflow/dags/src/airflow.py
[2024-10-25T18:23:32.111+0000] {processor.py:830} INFO - Processing file /opt/airflow/dags/src/airflow.py for tasks to queue
[2024-10-25T18:23:32.113+0000] {logging_mixin.py:188} INFO - [2024-10-25T18:23:32.112+0000] {dagbag.py:545} INFO - Filling up the DagBag from /opt/airflow/dags/src/airflow.py
[2024-10-25T18:23:32.585+0000] {processor.py:840} INFO - DAG(s) 'DataPipeline' retrieved from /opt/airflow/dags/src/airflow.py
[2024-10-25T18:23:32.612+0000] {logging_mixin.py:188} INFO - [2024-10-25T18:23:32.611+0000] {dag.py:3096} INFO - Sync 1 DAGs
[2024-10-25T18:23:32.620+0000] {logging_mixin.py:188} INFO - [2024-10-25T18:23:32.619+0000] {dag.py:3954} INFO - Setting next_dagrun for DataPipeline to None, run_after=None
[2024-10-25T18:23:32.634+0000] {processor.py:183} INFO - Processing /opt/airflow/dags/src/airflow.py took 0.530 seconds
[2024-10-25T18:24:02.880+0000] {processor.py:161} INFO - Started process (PID=62) to work on /opt/airflow/dags/src/airflow.py
[2024-10-25T18:24:02.881+0000] {processor.py:830} INFO - Processing file /opt/airflow/dags/src/airflow.py for tasks to queue
[2024-10-25T18:24:02.884+0000] {logging_mixin.py:188} INFO - [2024-10-25T18:24:02.883+0000] {dagbag.py:545} INFO - Filling up the DagBag from /opt/airflow/dags/src/airflow.py
[2024-10-25T18:24:03.397+0000] {processor.py:840} INFO - DAG(s) 'DataPipeline' retrieved from /opt/airflow/dags/src/airflow.py
[2024-10-25T18:24:03.414+0000] {logging_mixin.py:188} INFO - [2024-10-25T18:24:03.414+0000] {dag.py:3096} INFO - Sync 1 DAGs
[2024-10-25T18:24:03.424+0000] {logging_mixin.py:188} INFO - [2024-10-25T18:24:03.424+0000] {dag.py:3954} INFO - Setting next_dagrun for DataPipeline to None, run_after=None
[2024-10-25T18:24:03.488+0000] {processor.py:183} INFO - Processing /opt/airflow/dags/src/airflow.py took 0.617 seconds
[2024-10-25T18:24:33.732+0000] {processor.py:161} INFO - Started process (PID=70) to work on /opt/airflow/dags/src/airflow.py
[2024-10-25T18:24:33.733+0000] {processor.py:830} INFO - Processing file /opt/airflow/dags/src/airflow.py for tasks to queue
[2024-10-25T18:24:33.734+0000] {logging_mixin.py:188} INFO - [2024-10-25T18:24:33.734+0000] {dagbag.py:545} INFO - Filling up the DagBag from /opt/airflow/dags/src/airflow.py
[2024-10-25T18:24:34.127+0000] {processor.py:840} INFO - DAG(s) 'DataPipeline' retrieved from /opt/airflow/dags/src/airflow.py
[2024-10-25T18:24:34.142+0000] {logging_mixin.py:188} INFO - [2024-10-25T18:24:34.142+0000] {dag.py:3096} INFO - Sync 1 DAGs
[2024-10-25T18:24:34.150+0000] {logging_mixin.py:188} INFO - [2024-10-25T18:24:34.150+0000] {dag.py:3954} INFO - Setting next_dagrun for DataPipeline to None, run_after=None
[2024-10-25T18:24:34.162+0000] {processor.py:183} INFO - Processing /opt/airflow/dags/src/airflow.py took 0.434 seconds
[2024-10-25T18:25:04.471+0000] {processor.py:161} INFO - Started process (PID=78) to work on /opt/airflow/dags/src/airflow.py
[2024-10-25T18:25:04.472+0000] {processor.py:830} INFO - Processing file /opt/airflow/dags/src/airflow.py for tasks to queue
[2024-10-25T18:25:04.474+0000] {logging_mixin.py:188} INFO - [2024-10-25T18:25:04.473+0000] {dagbag.py:545} INFO - Filling up the DagBag from /opt/airflow/dags/src/airflow.py
[2024-10-25T18:25:04.894+0000] {processor.py:840} INFO - DAG(s) 'DataPipeline' retrieved from /opt/airflow/dags/src/airflow.py
[2024-10-25T18:25:04.910+0000] {logging_mixin.py:188} INFO - [2024-10-25T18:25:04.909+0000] {dag.py:3096} INFO - Sync 1 DAGs
[2024-10-25T18:25:04.917+0000] {logging_mixin.py:188} INFO - [2024-10-25T18:25:04.916+0000] {dag.py:3954} INFO - Setting next_dagrun for DataPipeline to None, run_after=None
[2024-10-25T18:25:04.932+0000] {processor.py:183} INFO - Processing /opt/airflow/dags/src/airflow.py took 0.466 seconds
[2024-10-25T18:25:35.222+0000] {processor.py:161} INFO - Started process (PID=86) to work on /opt/airflow/dags/src/airflow.py
[2024-10-25T18:25:35.223+0000] {processor.py:830} INFO - Processing file /opt/airflow/dags/src/airflow.py for tasks to queue
[2024-10-25T18:25:35.224+0000] {logging_mixin.py:188} INFO - [2024-10-25T18:25:35.224+0000] {dagbag.py:545} INFO - Filling up the DagBag from /opt/airflow/dags/src/airflow.py
[2024-10-25T18:25:35.616+0000] {processor.py:840} INFO - DAG(s) 'DataPipeline' retrieved from /opt/airflow/dags/src/airflow.py
[2024-10-25T18:25:35.632+0000] {logging_mixin.py:188} INFO - [2024-10-25T18:25:35.632+0000] {dag.py:3096} INFO - Sync 1 DAGs
[2024-10-25T18:25:35.638+0000] {logging_mixin.py:188} INFO - [2024-10-25T18:25:35.638+0000] {dag.py:3954} INFO - Setting next_dagrun for DataPipeline to None, run_after=None
[2024-10-25T18:25:35.652+0000] {processor.py:183} INFO - Processing /opt/airflow/dags/src/airflow.py took 0.434 seconds
[2024-10-25T18:26:05.992+0000] {processor.py:161} INFO - Started process (PID=94) to work on /opt/airflow/dags/src/airflow.py
[2024-10-25T18:26:05.993+0000] {processor.py:830} INFO - Processing file /opt/airflow/dags/src/airflow.py for tasks to queue
[2024-10-25T18:26:05.995+0000] {logging_mixin.py:188} INFO - [2024-10-25T18:26:05.995+0000] {dagbag.py:545} INFO - Filling up the DagBag from /opt/airflow/dags/src/airflow.py
[2024-10-25T18:26:06.413+0000] {processor.py:840} INFO - DAG(s) 'DataPipeline' retrieved from /opt/airflow/dags/src/airflow.py
[2024-10-25T18:26:06.428+0000] {logging_mixin.py:188} INFO - [2024-10-25T18:26:06.427+0000] {dag.py:3096} INFO - Sync 1 DAGs
[2024-10-25T18:26:06.434+0000] {logging_mixin.py:188} INFO - [2024-10-25T18:26:06.434+0000] {dag.py:3954} INFO - Setting next_dagrun for DataPipeline to None, run_after=None
[2024-10-25T18:26:06.448+0000] {processor.py:183} INFO - Processing /opt/airflow/dags/src/airflow.py took 0.464 seconds
[2024-10-25T18:26:36.768+0000] {processor.py:161} INFO - Started process (PID=102) to work on /opt/airflow/dags/src/airflow.py
[2024-10-25T18:26:36.769+0000] {processor.py:830} INFO - Processing file /opt/airflow/dags/src/airflow.py for tasks to queue
[2024-10-25T18:26:36.770+0000] {logging_mixin.py:188} INFO - [2024-10-25T18:26:36.770+0000] {dagbag.py:545} INFO - Filling up the DagBag from /opt/airflow/dags/src/airflow.py
[2024-10-25T18:26:37.141+0000] {processor.py:840} INFO - DAG(s) 'DataPipeline' retrieved from /opt/airflow/dags/src/airflow.py
[2024-10-25T18:26:37.155+0000] {logging_mixin.py:188} INFO - [2024-10-25T18:26:37.155+0000] {dag.py:3096} INFO - Sync 1 DAGs
[2024-10-25T18:26:37.162+0000] {logging_mixin.py:188} INFO - [2024-10-25T18:26:37.161+0000] {dag.py:3954} INFO - Setting next_dagrun for DataPipeline to None, run_after=None
[2024-10-25T18:26:37.174+0000] {processor.py:183} INFO - Processing /opt/airflow/dags/src/airflow.py took 0.410 seconds
[2024-10-25T18:27:07.446+0000] {processor.py:161} INFO - Started process (PID=110) to work on /opt/airflow/dags/src/airflow.py
[2024-10-25T18:27:07.447+0000] {processor.py:830} INFO - Processing file /opt/airflow/dags/src/airflow.py for tasks to queue
[2024-10-25T18:27:07.450+0000] {logging_mixin.py:188} INFO - [2024-10-25T18:27:07.449+0000] {dagbag.py:545} INFO - Filling up the DagBag from /opt/airflow/dags/src/airflow.py
[2024-10-25T18:27:07.926+0000] {processor.py:840} INFO - DAG(s) 'DataPipeline' retrieved from /opt/airflow/dags/src/airflow.py
[2024-10-25T18:27:07.944+0000] {logging_mixin.py:188} INFO - [2024-10-25T18:27:07.943+0000] {dag.py:3096} INFO - Sync 1 DAGs
[2024-10-25T18:27:07.952+0000] {logging_mixin.py:188} INFO - [2024-10-25T18:27:07.952+0000] {dag.py:3954} INFO - Setting next_dagrun for DataPipeline to None, run_after=None
[2024-10-25T18:27:07.975+0000] {processor.py:183} INFO - Processing /opt/airflow/dags/src/airflow.py took 0.538 seconds
[2024-10-25T18:27:38.329+0000] {processor.py:161} INFO - Started process (PID=118) to work on /opt/airflow/dags/src/airflow.py
[2024-10-25T18:27:38.330+0000] {processor.py:830} INFO - Processing file /opt/airflow/dags/src/airflow.py for tasks to queue
[2024-10-25T18:27:38.331+0000] {logging_mixin.py:188} INFO - [2024-10-25T18:27:38.331+0000] {dagbag.py:545} INFO - Filling up the DagBag from /opt/airflow/dags/src/airflow.py
[2024-10-25T18:27:38.768+0000] {processor.py:840} INFO - DAG(s) 'DataPipeline' retrieved from /opt/airflow/dags/src/airflow.py
[2024-10-25T18:27:38.790+0000] {logging_mixin.py:188} INFO - [2024-10-25T18:27:38.789+0000] {dag.py:3096} INFO - Sync 1 DAGs
[2024-10-25T18:27:38.802+0000] {logging_mixin.py:188} INFO - [2024-10-25T18:27:38.801+0000] {dag.py:3954} INFO - Setting next_dagrun for DataPipeline to None, run_after=None
[2024-10-25T18:27:38.818+0000] {processor.py:183} INFO - Processing /opt/airflow/dags/src/airflow.py took 0.493 seconds
[2024-10-25T18:28:09.095+0000] {processor.py:161} INFO - Started process (PID=126) to work on /opt/airflow/dags/src/airflow.py
[2024-10-25T18:28:09.096+0000] {processor.py:830} INFO - Processing file /opt/airflow/dags/src/airflow.py for tasks to queue
[2024-10-25T18:28:09.097+0000] {logging_mixin.py:188} INFO - [2024-10-25T18:28:09.097+0000] {dagbag.py:545} INFO - Filling up the DagBag from /opt/airflow/dags/src/airflow.py
[2024-10-25T18:28:09.511+0000] {processor.py:840} INFO - DAG(s) 'DataPipeline' retrieved from /opt/airflow/dags/src/airflow.py
[2024-10-25T18:28:09.527+0000] {logging_mixin.py:188} INFO - [2024-10-25T18:28:09.526+0000] {dag.py:3096} INFO - Sync 1 DAGs
[2024-10-25T18:28:09.534+0000] {logging_mixin.py:188} INFO - [2024-10-25T18:28:09.533+0000] {dag.py:3954} INFO - Setting next_dagrun for DataPipeline to None, run_after=None
[2024-10-25T18:28:09.545+0000] {processor.py:183} INFO - Processing /opt/airflow/dags/src/airflow.py took 0.455 seconds
[2024-10-25T18:28:39.801+0000] {processor.py:161} INFO - Started process (PID=134) to work on /opt/airflow/dags/src/airflow.py
[2024-10-25T18:28:39.801+0000] {processor.py:830} INFO - Processing file /opt/airflow/dags/src/airflow.py for tasks to queue
[2024-10-25T18:28:39.803+0000] {logging_mixin.py:188} INFO - [2024-10-25T18:28:39.803+0000] {dagbag.py:545} INFO - Filling up the DagBag from /opt/airflow/dags/src/airflow.py
[2024-10-25T18:28:40.240+0000] {processor.py:840} INFO - DAG(s) 'DataPipeline' retrieved from /opt/airflow/dags/src/airflow.py
[2024-10-25T18:28:40.256+0000] {logging_mixin.py:188} INFO - [2024-10-25T18:28:40.256+0000] {dag.py:3096} INFO - Sync 1 DAGs
[2024-10-25T18:28:40.264+0000] {logging_mixin.py:188} INFO - [2024-10-25T18:28:40.264+0000] {dag.py:3954} INFO - Setting next_dagrun for DataPipeline to None, run_after=None
[2024-10-25T18:28:40.279+0000] {processor.py:183} INFO - Processing /opt/airflow/dags/src/airflow.py took 0.482 seconds
[2024-10-25T18:29:10.581+0000] {processor.py:161} INFO - Started process (PID=142) to work on /opt/airflow/dags/src/airflow.py
[2024-10-25T18:29:10.582+0000] {processor.py:830} INFO - Processing file /opt/airflow/dags/src/airflow.py for tasks to queue
[2024-10-25T18:29:10.585+0000] {logging_mixin.py:188} INFO - [2024-10-25T18:29:10.584+0000] {dagbag.py:545} INFO - Filling up the DagBag from /opt/airflow/dags/src/airflow.py
[2024-10-25T18:29:11.012+0000] {processor.py:840} INFO - DAG(s) 'DataPipeline' retrieved from /opt/airflow/dags/src/airflow.py
[2024-10-25T18:29:11.028+0000] {logging_mixin.py:188} INFO - [2024-10-25T18:29:11.028+0000] {dag.py:3096} INFO - Sync 1 DAGs
[2024-10-25T18:29:11.035+0000] {logging_mixin.py:188} INFO - [2024-10-25T18:29:11.035+0000] {dag.py:3954} INFO - Setting next_dagrun for DataPipeline to None, run_after=None
[2024-10-25T18:29:11.049+0000] {processor.py:183} INFO - Processing /opt/airflow/dags/src/airflow.py took 0.476 seconds
[2024-10-25T18:29:41.311+0000] {processor.py:161} INFO - Started process (PID=150) to work on /opt/airflow/dags/src/airflow.py
[2024-10-25T18:29:41.312+0000] {processor.py:830} INFO - Processing file /opt/airflow/dags/src/airflow.py for tasks to queue
[2024-10-25T18:29:41.314+0000] {logging_mixin.py:188} INFO - [2024-10-25T18:29:41.314+0000] {dagbag.py:545} INFO - Filling up the DagBag from /opt/airflow/dags/src/airflow.py
[2024-10-25T18:29:41.825+0000] {processor.py:840} INFO - DAG(s) 'DataPipeline' retrieved from /opt/airflow/dags/src/airflow.py
[2024-10-25T18:29:41.846+0000] {logging_mixin.py:188} INFO - [2024-10-25T18:29:41.845+0000] {dag.py:3096} INFO - Sync 1 DAGs
[2024-10-25T18:29:41.855+0000] {logging_mixin.py:188} INFO - [2024-10-25T18:29:41.855+0000] {dag.py:3954} INFO - Setting next_dagrun for DataPipeline to None, run_after=None
[2024-10-25T18:29:41.871+0000] {processor.py:183} INFO - Processing /opt/airflow/dags/src/airflow.py took 0.565 seconds
[2024-10-25T18:30:12.119+0000] {processor.py:161} INFO - Started process (PID=158) to work on /opt/airflow/dags/src/airflow.py
[2024-10-25T18:30:12.120+0000] {processor.py:830} INFO - Processing file /opt/airflow/dags/src/airflow.py for tasks to queue
[2024-10-25T18:30:12.122+0000] {logging_mixin.py:188} INFO - [2024-10-25T18:30:12.122+0000] {dagbag.py:545} INFO - Filling up the DagBag from /opt/airflow/dags/src/airflow.py
[2024-10-25T18:30:12.536+0000] {processor.py:840} INFO - DAG(s) 'DataPipeline' retrieved from /opt/airflow/dags/src/airflow.py
[2024-10-25T18:30:12.551+0000] {logging_mixin.py:188} INFO - [2024-10-25T18:30:12.550+0000] {dag.py:3096} INFO - Sync 1 DAGs
[2024-10-25T18:30:12.558+0000] {logging_mixin.py:188} INFO - [2024-10-25T18:30:12.558+0000] {dag.py:3954} INFO - Setting next_dagrun for DataPipeline to None, run_after=None
[2024-10-25T18:30:12.585+0000] {processor.py:183} INFO - Processing /opt/airflow/dags/src/airflow.py took 0.471 seconds
[2024-10-25T18:30:42.775+0000] {processor.py:161} INFO - Started process (PID=165) to work on /opt/airflow/dags/src/airflow.py
[2024-10-25T18:30:42.776+0000] {processor.py:830} INFO - Processing file /opt/airflow/dags/src/airflow.py for tasks to queue
[2024-10-25T18:30:42.778+0000] {logging_mixin.py:188} INFO - [2024-10-25T18:30:42.777+0000] {dagbag.py:545} INFO - Filling up the DagBag from /opt/airflow/dags/src/airflow.py
[2024-10-25T18:30:43.217+0000] {processor.py:840} INFO - DAG(s) 'DataPipeline' retrieved from /opt/airflow/dags/src/airflow.py
[2024-10-25T18:30:43.233+0000] {logging_mixin.py:188} INFO - [2024-10-25T18:30:43.233+0000] {dag.py:3096} INFO - Sync 1 DAGs
[2024-10-25T18:30:43.241+0000] {logging_mixin.py:188} INFO - [2024-10-25T18:30:43.241+0000] {dag.py:3954} INFO - Setting next_dagrun for DataPipeline to None, run_after=None
[2024-10-25T18:30:43.257+0000] {processor.py:183} INFO - Processing /opt/airflow/dags/src/airflow.py took 0.486 seconds
[2024-10-25T18:31:13.510+0000] {processor.py:161} INFO - Started process (PID=173) to work on /opt/airflow/dags/src/airflow.py
[2024-10-25T18:31:13.511+0000] {processor.py:830} INFO - Processing file /opt/airflow/dags/src/airflow.py for tasks to queue
[2024-10-25T18:31:13.513+0000] {logging_mixin.py:188} INFO - [2024-10-25T18:31:13.512+0000] {dagbag.py:545} INFO - Filling up the DagBag from /opt/airflow/dags/src/airflow.py
[2024-10-25T18:31:13.905+0000] {processor.py:840} INFO - DAG(s) 'DataPipeline' retrieved from /opt/airflow/dags/src/airflow.py
[2024-10-25T18:31:13.920+0000] {logging_mixin.py:188} INFO - [2024-10-25T18:31:13.920+0000] {dag.py:3096} INFO - Sync 1 DAGs
[2024-10-25T18:31:13.927+0000] {logging_mixin.py:188} INFO - [2024-10-25T18:31:13.927+0000] {dag.py:3954} INFO - Setting next_dagrun for DataPipeline to None, run_after=None
[2024-10-25T18:31:13.941+0000] {processor.py:183} INFO - Processing /opt/airflow/dags/src/airflow.py took 0.435 seconds
[2024-10-25T18:31:44.348+0000] {processor.py:161} INFO - Started process (PID=181) to work on /opt/airflow/dags/src/airflow.py
[2024-10-25T18:31:44.349+0000] {processor.py:830} INFO - Processing file /opt/airflow/dags/src/airflow.py for tasks to queue
[2024-10-25T18:31:44.351+0000] {logging_mixin.py:188} INFO - [2024-10-25T18:31:44.350+0000] {dagbag.py:545} INFO - Filling up the DagBag from /opt/airflow/dags/src/airflow.py
[2024-10-25T18:31:44.733+0000] {processor.py:840} INFO - DAG(s) 'DataPipeline' retrieved from /opt/airflow/dags/src/airflow.py
[2024-10-25T18:31:44.748+0000] {logging_mixin.py:188} INFO - [2024-10-25T18:31:44.748+0000] {dag.py:3096} INFO - Sync 1 DAGs
[2024-10-25T18:31:44.756+0000] {logging_mixin.py:188} INFO - [2024-10-25T18:31:44.756+0000] {dag.py:3954} INFO - Setting next_dagrun for DataPipeline to None, run_after=None
[2024-10-25T18:31:44.771+0000] {processor.py:183} INFO - Processing /opt/airflow/dags/src/airflow.py took 0.427 seconds
[2024-10-25T18:32:15.115+0000] {processor.py:161} INFO - Started process (PID=189) to work on /opt/airflow/dags/src/airflow.py
[2024-10-25T18:32:15.116+0000] {processor.py:830} INFO - Processing file /opt/airflow/dags/src/airflow.py for tasks to queue
[2024-10-25T18:32:15.118+0000] {logging_mixin.py:188} INFO - [2024-10-25T18:32:15.118+0000] {dagbag.py:545} INFO - Filling up the DagBag from /opt/airflow/dags/src/airflow.py
[2024-10-25T18:32:15.494+0000] {processor.py:840} INFO - DAG(s) 'DataPipeline' retrieved from /opt/airflow/dags/src/airflow.py
[2024-10-25T18:32:15.509+0000] {logging_mixin.py:188} INFO - [2024-10-25T18:32:15.508+0000] {dag.py:3096} INFO - Sync 1 DAGs
[2024-10-25T18:32:15.516+0000] {logging_mixin.py:188} INFO - [2024-10-25T18:32:15.516+0000] {dag.py:3954} INFO - Setting next_dagrun for DataPipeline to None, run_after=None
[2024-10-25T18:32:15.528+0000] {processor.py:183} INFO - Processing /opt/airflow/dags/src/airflow.py took 0.417 seconds
[2024-10-25T18:32:45.812+0000] {processor.py:161} INFO - Started process (PID=197) to work on /opt/airflow/dags/src/airflow.py
[2024-10-25T18:32:45.813+0000] {processor.py:830} INFO - Processing file /opt/airflow/dags/src/airflow.py for tasks to queue
[2024-10-25T18:32:45.814+0000] {logging_mixin.py:188} INFO - [2024-10-25T18:32:45.814+0000] {dagbag.py:545} INFO - Filling up the DagBag from /opt/airflow/dags/src/airflow.py
[2024-10-25T18:32:46.180+0000] {processor.py:840} INFO - DAG(s) 'DataPipeline' retrieved from /opt/airflow/dags/src/airflow.py
[2024-10-25T18:32:46.195+0000] {logging_mixin.py:188} INFO - [2024-10-25T18:32:46.195+0000] {dag.py:3096} INFO - Sync 1 DAGs
[2024-10-25T18:32:46.202+0000] {logging_mixin.py:188} INFO - [2024-10-25T18:32:46.201+0000] {dag.py:3954} INFO - Setting next_dagrun for DataPipeline to None, run_after=None
[2024-10-25T18:32:46.214+0000] {processor.py:183} INFO - Processing /opt/airflow/dags/src/airflow.py took 0.406 seconds
[2024-10-25T18:33:16.589+0000] {processor.py:161} INFO - Started process (PID=204) to work on /opt/airflow/dags/src/airflow.py
[2024-10-25T18:33:16.590+0000] {processor.py:830} INFO - Processing file /opt/airflow/dags/src/airflow.py for tasks to queue
[2024-10-25T18:33:16.591+0000] {logging_mixin.py:188} INFO - [2024-10-25T18:33:16.591+0000] {dagbag.py:545} INFO - Filling up the DagBag from /opt/airflow/dags/src/airflow.py
[2024-10-25T18:33:16.994+0000] {processor.py:840} INFO - DAG(s) 'DataPipeline' retrieved from /opt/airflow/dags/src/airflow.py
[2024-10-25T18:33:17.010+0000] {logging_mixin.py:188} INFO - [2024-10-25T18:33:17.010+0000] {dag.py:3096} INFO - Sync 1 DAGs
[2024-10-25T18:33:17.018+0000] {logging_mixin.py:188} INFO - [2024-10-25T18:33:17.018+0000] {dag.py:3954} INFO - Setting next_dagrun for DataPipeline to None, run_after=None
[2024-10-25T18:33:17.034+0000] {processor.py:183} INFO - Processing /opt/airflow/dags/src/airflow.py took 0.450 seconds
[2024-10-25T18:33:47.309+0000] {processor.py:161} INFO - Started process (PID=212) to work on /opt/airflow/dags/src/airflow.py
[2024-10-25T18:33:47.310+0000] {processor.py:830} INFO - Processing file /opt/airflow/dags/src/airflow.py for tasks to queue
[2024-10-25T18:33:47.312+0000] {logging_mixin.py:188} INFO - [2024-10-25T18:33:47.312+0000] {dagbag.py:545} INFO - Filling up the DagBag from /opt/airflow/dags/src/airflow.py
[2024-10-25T18:33:47.732+0000] {processor.py:840} INFO - DAG(s) 'DataPipeline' retrieved from /opt/airflow/dags/src/airflow.py
[2024-10-25T18:33:47.747+0000] {logging_mixin.py:188} INFO - [2024-10-25T18:33:47.746+0000] {dag.py:3096} INFO - Sync 1 DAGs
[2024-10-25T18:33:47.755+0000] {logging_mixin.py:188} INFO - [2024-10-25T18:33:47.755+0000] {dag.py:3954} INFO - Setting next_dagrun for DataPipeline to None, run_after=None
[2024-10-25T18:33:47.774+0000] {processor.py:183} INFO - Processing /opt/airflow/dags/src/airflow.py took 0.470 seconds
[2024-10-25T18:34:18.120+0000] {processor.py:161} INFO - Started process (PID=226) to work on /opt/airflow/dags/src/airflow.py
[2024-10-25T18:34:18.121+0000] {processor.py:830} INFO - Processing file /opt/airflow/dags/src/airflow.py for tasks to queue
[2024-10-25T18:34:18.123+0000] {logging_mixin.py:188} INFO - [2024-10-25T18:34:18.122+0000] {dagbag.py:545} INFO - Filling up the DagBag from /opt/airflow/dags/src/airflow.py
[2024-10-25T18:34:18.527+0000] {processor.py:840} INFO - DAG(s) 'DataPipeline' retrieved from /opt/airflow/dags/src/airflow.py
[2024-10-25T18:34:18.543+0000] {logging_mixin.py:188} INFO - [2024-10-25T18:34:18.542+0000] {dag.py:3096} INFO - Sync 1 DAGs
[2024-10-25T18:34:18.549+0000] {logging_mixin.py:188} INFO - [2024-10-25T18:34:18.549+0000] {dag.py:3954} INFO - Setting next_dagrun for DataPipeline to None, run_after=None
[2024-10-25T18:34:18.563+0000] {processor.py:183} INFO - Processing /opt/airflow/dags/src/airflow.py took 0.448 seconds
[2024-10-25T18:34:48.807+0000] {processor.py:161} INFO - Started process (PID=234) to work on /opt/airflow/dags/src/airflow.py
[2024-10-25T18:34:48.808+0000] {processor.py:830} INFO - Processing file /opt/airflow/dags/src/airflow.py for tasks to queue
[2024-10-25T18:34:48.810+0000] {logging_mixin.py:188} INFO - [2024-10-25T18:34:48.810+0000] {dagbag.py:545} INFO - Filling up the DagBag from /opt/airflow/dags/src/airflow.py
[2024-10-25T18:34:49.238+0000] {processor.py:840} INFO - DAG(s) 'DataPipeline' retrieved from /opt/airflow/dags/src/airflow.py
[2024-10-25T18:34:49.280+0000] {logging_mixin.py:188} INFO - [2024-10-25T18:34:49.279+0000] {dag.py:3096} INFO - Sync 1 DAGs
[2024-10-25T18:34:49.287+0000] {logging_mixin.py:188} INFO - [2024-10-25T18:34:49.287+0000] {dag.py:3954} INFO - Setting next_dagrun for DataPipeline to None, run_after=None
[2024-10-25T18:34:49.304+0000] {processor.py:183} INFO - Processing /opt/airflow/dags/src/airflow.py took 0.502 seconds
[2024-10-25T18:35:19.587+0000] {processor.py:161} INFO - Started process (PID=242) to work on /opt/airflow/dags/src/airflow.py
[2024-10-25T18:35:19.588+0000] {processor.py:830} INFO - Processing file /opt/airflow/dags/src/airflow.py for tasks to queue
[2024-10-25T18:35:19.589+0000] {logging_mixin.py:188} INFO - [2024-10-25T18:35:19.589+0000] {dagbag.py:545} INFO - Filling up the DagBag from /opt/airflow/dags/src/airflow.py
[2024-10-25T18:35:20.055+0000] {processor.py:840} INFO - DAG(s) 'DataPipeline' retrieved from /opt/airflow/dags/src/airflow.py
[2024-10-25T18:35:20.073+0000] {logging_mixin.py:188} INFO - [2024-10-25T18:35:20.072+0000] {dag.py:3096} INFO - Sync 1 DAGs
[2024-10-25T18:35:20.081+0000] {logging_mixin.py:188} INFO - [2024-10-25T18:35:20.080+0000] {dag.py:3954} INFO - Setting next_dagrun for DataPipeline to None, run_after=None
[2024-10-25T18:35:20.099+0000] {processor.py:183} INFO - Processing /opt/airflow/dags/src/airflow.py took 0.516 seconds
[2024-10-25T18:35:50.300+0000] {processor.py:161} INFO - Started process (PID=250) to work on /opt/airflow/dags/src/airflow.py
[2024-10-25T18:35:50.301+0000] {processor.py:830} INFO - Processing file /opt/airflow/dags/src/airflow.py for tasks to queue
[2024-10-25T18:35:50.303+0000] {logging_mixin.py:188} INFO - [2024-10-25T18:35:50.302+0000] {dagbag.py:545} INFO - Filling up the DagBag from /opt/airflow/dags/src/airflow.py
[2024-10-25T18:35:50.792+0000] {processor.py:840} INFO - DAG(s) 'DataPipeline' retrieved from /opt/airflow/dags/src/airflow.py
[2024-10-25T18:35:50.808+0000] {logging_mixin.py:188} INFO - [2024-10-25T18:35:50.808+0000] {dag.py:3096} INFO - Sync 1 DAGs
[2024-10-25T18:35:50.816+0000] {logging_mixin.py:188} INFO - [2024-10-25T18:35:50.816+0000] {dag.py:3954} INFO - Setting next_dagrun for DataPipeline to None, run_after=None
[2024-10-25T18:35:50.829+0000] {processor.py:183} INFO - Processing /opt/airflow/dags/src/airflow.py took 0.533 seconds
[2024-10-25T18:36:21.075+0000] {processor.py:161} INFO - Started process (PID=257) to work on /opt/airflow/dags/src/airflow.py
[2024-10-25T18:36:21.076+0000] {processor.py:830} INFO - Processing file /opt/airflow/dags/src/airflow.py for tasks to queue
[2024-10-25T18:36:21.078+0000] {logging_mixin.py:188} INFO - [2024-10-25T18:36:21.078+0000] {dagbag.py:545} INFO - Filling up the DagBag from /opt/airflow/dags/src/airflow.py
[2024-10-25T18:36:21.499+0000] {processor.py:840} INFO - DAG(s) 'DataPipeline' retrieved from /opt/airflow/dags/src/airflow.py
[2024-10-25T18:36:21.515+0000] {logging_mixin.py:188} INFO - [2024-10-25T18:36:21.515+0000] {dag.py:3096} INFO - Sync 1 DAGs
[2024-10-25T18:36:21.523+0000] {logging_mixin.py:188} INFO - [2024-10-25T18:36:21.523+0000] {dag.py:3954} INFO - Setting next_dagrun for DataPipeline to None, run_after=None
[2024-10-25T18:36:21.539+0000] {processor.py:183} INFO - Processing /opt/airflow/dags/src/airflow.py took 0.469 seconds
[2024-10-25T18:36:51.768+0000] {processor.py:161} INFO - Started process (PID=265) to work on /opt/airflow/dags/src/airflow.py
[2024-10-25T18:36:51.768+0000] {processor.py:830} INFO - Processing file /opt/airflow/dags/src/airflow.py for tasks to queue
[2024-10-25T18:36:51.770+0000] {logging_mixin.py:188} INFO - [2024-10-25T18:36:51.770+0000] {dagbag.py:545} INFO - Filling up the DagBag from /opt/airflow/dags/src/airflow.py
[2024-10-25T18:36:52.170+0000] {processor.py:840} INFO - DAG(s) 'DataPipeline' retrieved from /opt/airflow/dags/src/airflow.py
[2024-10-25T18:36:52.186+0000] {logging_mixin.py:188} INFO - [2024-10-25T18:36:52.185+0000] {dag.py:3096} INFO - Sync 1 DAGs
[2024-10-25T18:36:52.195+0000] {logging_mixin.py:188} INFO - [2024-10-25T18:36:52.194+0000] {dag.py:3954} INFO - Setting next_dagrun for DataPipeline to None, run_after=None
[2024-10-25T18:36:52.210+0000] {processor.py:183} INFO - Processing /opt/airflow/dags/src/airflow.py took 0.446 seconds
[2024-10-25T18:37:22.566+0000] {processor.py:161} INFO - Started process (PID=273) to work on /opt/airflow/dags/src/airflow.py
[2024-10-25T18:37:22.567+0000] {processor.py:830} INFO - Processing file /opt/airflow/dags/src/airflow.py for tasks to queue
[2024-10-25T18:37:22.569+0000] {logging_mixin.py:188} INFO - [2024-10-25T18:37:22.569+0000] {dagbag.py:545} INFO - Filling up the DagBag from /opt/airflow/dags/src/airflow.py
[2024-10-25T18:37:22.963+0000] {processor.py:840} INFO - DAG(s) 'DataPipeline' retrieved from /opt/airflow/dags/src/airflow.py
[2024-10-25T18:37:22.978+0000] {logging_mixin.py:188} INFO - [2024-10-25T18:37:22.977+0000] {dag.py:3096} INFO - Sync 1 DAGs
[2024-10-25T18:37:22.984+0000] {logging_mixin.py:188} INFO - [2024-10-25T18:37:22.984+0000] {dag.py:3954} INFO - Setting next_dagrun for DataPipeline to None, run_after=None
[2024-10-25T18:37:22.996+0000] {processor.py:183} INFO - Processing /opt/airflow/dags/src/airflow.py took 0.435 seconds
[2024-10-25T18:37:53.410+0000] {processor.py:161} INFO - Started process (PID=281) to work on /opt/airflow/dags/src/airflow.py
[2024-10-25T18:37:53.411+0000] {processor.py:830} INFO - Processing file /opt/airflow/dags/src/airflow.py for tasks to queue
[2024-10-25T18:37:53.412+0000] {logging_mixin.py:188} INFO - [2024-10-25T18:37:53.412+0000] {dagbag.py:545} INFO - Filling up the DagBag from /opt/airflow/dags/src/airflow.py
[2024-10-25T18:37:53.852+0000] {processor.py:840} INFO - DAG(s) 'DataPipeline' retrieved from /opt/airflow/dags/src/airflow.py
[2024-10-25T18:37:53.868+0000] {logging_mixin.py:188} INFO - [2024-10-25T18:37:53.868+0000] {dag.py:3096} INFO - Sync 1 DAGs
[2024-10-25T18:37:53.875+0000] {logging_mixin.py:188} INFO - [2024-10-25T18:37:53.875+0000] {dag.py:3954} INFO - Setting next_dagrun for DataPipeline to None, run_after=None
[2024-10-25T18:37:53.895+0000] {processor.py:183} INFO - Processing /opt/airflow/dags/src/airflow.py took 0.489 seconds
[2024-10-25T18:38:24.153+0000] {processor.py:161} INFO - Started process (PID=289) to work on /opt/airflow/dags/src/airflow.py
[2024-10-25T18:38:24.154+0000] {processor.py:830} INFO - Processing file /opt/airflow/dags/src/airflow.py for tasks to queue
[2024-10-25T18:38:24.156+0000] {logging_mixin.py:188} INFO - [2024-10-25T18:38:24.156+0000] {dagbag.py:545} INFO - Filling up the DagBag from /opt/airflow/dags/src/airflow.py
[2024-10-25T18:38:24.626+0000] {processor.py:840} INFO - DAG(s) 'DataPipeline' retrieved from /opt/airflow/dags/src/airflow.py
[2024-10-25T18:38:24.642+0000] {logging_mixin.py:188} INFO - [2024-10-25T18:38:24.641+0000] {dag.py:3096} INFO - Sync 1 DAGs
[2024-10-25T18:38:24.649+0000] {logging_mixin.py:188} INFO - [2024-10-25T18:38:24.649+0000] {dag.py:3954} INFO - Setting next_dagrun for DataPipeline to None, run_after=None
[2024-10-25T18:38:24.663+0000] {processor.py:183} INFO - Processing /opt/airflow/dags/src/airflow.py took 0.516 seconds
[2024-10-25T18:38:54.926+0000] {processor.py:161} INFO - Started process (PID=297) to work on /opt/airflow/dags/src/airflow.py
[2024-10-25T18:38:54.927+0000] {processor.py:830} INFO - Processing file /opt/airflow/dags/src/airflow.py for tasks to queue
[2024-10-25T18:38:54.928+0000] {logging_mixin.py:188} INFO - [2024-10-25T18:38:54.928+0000] {dagbag.py:545} INFO - Filling up the DagBag from /opt/airflow/dags/src/airflow.py
[2024-10-25T18:38:55.439+0000] {processor.py:840} INFO - DAG(s) 'DataPipeline' retrieved from /opt/airflow/dags/src/airflow.py
[2024-10-25T18:38:55.455+0000] {logging_mixin.py:188} INFO - [2024-10-25T18:38:55.454+0000] {dag.py:3096} INFO - Sync 1 DAGs
[2024-10-25T18:38:55.462+0000] {logging_mixin.py:188} INFO - [2024-10-25T18:38:55.462+0000] {dag.py:3954} INFO - Setting next_dagrun for DataPipeline to None, run_after=None
[2024-10-25T18:38:55.478+0000] {processor.py:183} INFO - Processing /opt/airflow/dags/src/airflow.py took 0.557 seconds
[2024-10-25T18:39:25.617+0000] {processor.py:161} INFO - Started process (PID=305) to work on /opt/airflow/dags/src/airflow.py
[2024-10-25T18:39:25.618+0000] {processor.py:830} INFO - Processing file /opt/airflow/dags/src/airflow.py for tasks to queue
[2024-10-25T18:39:25.620+0000] {logging_mixin.py:188} INFO - [2024-10-25T18:39:25.620+0000] {dagbag.py:545} INFO - Filling up the DagBag from /opt/airflow/dags/src/airflow.py
[2024-10-25T18:39:25.985+0000] {processor.py:840} INFO - DAG(s) 'DataPipeline' retrieved from /opt/airflow/dags/src/airflow.py
[2024-10-25T18:39:25.998+0000] {logging_mixin.py:188} INFO - [2024-10-25T18:39:25.998+0000] {dag.py:3096} INFO - Sync 1 DAGs
[2024-10-25T18:39:26.005+0000] {logging_mixin.py:188} INFO - [2024-10-25T18:39:26.005+0000] {dag.py:3954} INFO - Setting next_dagrun for DataPipeline to None, run_after=None
[2024-10-25T18:39:26.020+0000] {processor.py:183} INFO - Processing /opt/airflow/dags/src/airflow.py took 0.409 seconds
[2024-10-25T18:39:56.291+0000] {processor.py:161} INFO - Started process (PID=313) to work on /opt/airflow/dags/src/airflow.py
[2024-10-25T18:39:56.292+0000] {processor.py:830} INFO - Processing file /opt/airflow/dags/src/airflow.py for tasks to queue
[2024-10-25T18:39:56.293+0000] {logging_mixin.py:188} INFO - [2024-10-25T18:39:56.293+0000] {dagbag.py:545} INFO - Filling up the DagBag from /opt/airflow/dags/src/airflow.py
[2024-10-25T18:39:56.753+0000] {processor.py:840} INFO - DAG(s) 'DataPipeline' retrieved from /opt/airflow/dags/src/airflow.py
[2024-10-25T18:39:56.769+0000] {logging_mixin.py:188} INFO - [2024-10-25T18:39:56.769+0000] {dag.py:3096} INFO - Sync 1 DAGs
[2024-10-25T18:39:56.777+0000] {logging_mixin.py:188} INFO - [2024-10-25T18:39:56.777+0000] {dag.py:3954} INFO - Setting next_dagrun for DataPipeline to None, run_after=None
[2024-10-25T18:39:56.789+0000] {processor.py:183} INFO - Processing /opt/airflow/dags/src/airflow.py took 0.503 seconds
[2024-10-25T18:40:27.089+0000] {processor.py:161} INFO - Started process (PID=321) to work on /opt/airflow/dags/src/airflow.py
[2024-10-25T18:40:27.091+0000] {processor.py:830} INFO - Processing file /opt/airflow/dags/src/airflow.py for tasks to queue
[2024-10-25T18:40:27.092+0000] {logging_mixin.py:188} INFO - [2024-10-25T18:40:27.092+0000] {dagbag.py:545} INFO - Filling up the DagBag from /opt/airflow/dags/src/airflow.py
[2024-10-25T18:40:27.465+0000] {processor.py:840} INFO - DAG(s) 'DataPipeline' retrieved from /opt/airflow/dags/src/airflow.py
[2024-10-25T18:40:27.481+0000] {logging_mixin.py:188} INFO - [2024-10-25T18:40:27.480+0000] {dag.py:3096} INFO - Sync 1 DAGs
[2024-10-25T18:40:27.487+0000] {logging_mixin.py:188} INFO - [2024-10-25T18:40:27.487+0000] {dag.py:3954} INFO - Setting next_dagrun for DataPipeline to None, run_after=None
[2024-10-25T18:40:27.504+0000] {processor.py:183} INFO - Processing /opt/airflow/dags/src/airflow.py took 0.420 seconds
[2024-10-25T18:40:57.860+0000] {processor.py:161} INFO - Started process (PID=329) to work on /opt/airflow/dags/src/airflow.py
[2024-10-25T18:40:57.861+0000] {processor.py:830} INFO - Processing file /opt/airflow/dags/src/airflow.py for tasks to queue
[2024-10-25T18:40:57.862+0000] {logging_mixin.py:188} INFO - [2024-10-25T18:40:57.862+0000] {dagbag.py:545} INFO - Filling up the DagBag from /opt/airflow/dags/src/airflow.py
[2024-10-25T18:40:58.228+0000] {processor.py:840} INFO - DAG(s) 'DataPipeline' retrieved from /opt/airflow/dags/src/airflow.py
[2024-10-25T18:40:58.242+0000] {logging_mixin.py:188} INFO - [2024-10-25T18:40:58.242+0000] {dag.py:3096} INFO - Sync 1 DAGs
[2024-10-25T18:40:58.249+0000] {logging_mixin.py:188} INFO - [2024-10-25T18:40:58.249+0000] {dag.py:3954} INFO - Setting next_dagrun for DataPipeline to None, run_after=None
[2024-10-25T18:40:58.265+0000] {processor.py:183} INFO - Processing /opt/airflow/dags/src/airflow.py took 0.409 seconds
[2024-10-25T18:41:28.569+0000] {processor.py:161} INFO - Started process (PID=337) to work on /opt/airflow/dags/src/airflow.py
[2024-10-25T18:41:28.570+0000] {processor.py:830} INFO - Processing file /opt/airflow/dags/src/airflow.py for tasks to queue
[2024-10-25T18:41:28.571+0000] {logging_mixin.py:188} INFO - [2024-10-25T18:41:28.571+0000] {dagbag.py:545} INFO - Filling up the DagBag from /opt/airflow/dags/src/airflow.py
[2024-10-25T18:41:28.947+0000] {processor.py:840} INFO - DAG(s) 'DataPipeline' retrieved from /opt/airflow/dags/src/airflow.py
[2024-10-25T18:41:28.961+0000] {logging_mixin.py:188} INFO - [2024-10-25T18:41:28.961+0000] {dag.py:3096} INFO - Sync 1 DAGs
[2024-10-25T18:41:28.968+0000] {logging_mixin.py:188} INFO - [2024-10-25T18:41:28.968+0000] {dag.py:3954} INFO - Setting next_dagrun for DataPipeline to None, run_after=None
[2024-10-25T18:41:28.982+0000] {processor.py:183} INFO - Processing /opt/airflow/dags/src/airflow.py took 0.418 seconds
[2024-10-25T18:41:59.313+0000] {processor.py:161} INFO - Started process (PID=345) to work on /opt/airflow/dags/src/airflow.py
[2024-10-25T18:41:59.314+0000] {processor.py:830} INFO - Processing file /opt/airflow/dags/src/airflow.py for tasks to queue
[2024-10-25T18:41:59.315+0000] {logging_mixin.py:188} INFO - [2024-10-25T18:41:59.315+0000] {dagbag.py:545} INFO - Filling up the DagBag from /opt/airflow/dags/src/airflow.py
[2024-10-25T18:41:59.815+0000] {processor.py:840} INFO - DAG(s) 'DataPipeline' retrieved from /opt/airflow/dags/src/airflow.py
[2024-10-25T18:41:59.830+0000] {logging_mixin.py:188} INFO - [2024-10-25T18:41:59.830+0000] {dag.py:3096} INFO - Sync 1 DAGs
[2024-10-25T18:41:59.837+0000] {logging_mixin.py:188} INFO - [2024-10-25T18:41:59.837+0000] {dag.py:3954} INFO - Setting next_dagrun for DataPipeline to None, run_after=None
[2024-10-25T18:41:59.857+0000] {processor.py:183} INFO - Processing /opt/airflow/dags/src/airflow.py took 0.549 seconds
[2024-10-25T18:42:30.136+0000] {processor.py:161} INFO - Started process (PID=353) to work on /opt/airflow/dags/src/airflow.py
[2024-10-25T18:42:30.137+0000] {processor.py:830} INFO - Processing file /opt/airflow/dags/src/airflow.py for tasks to queue
[2024-10-25T18:42:30.138+0000] {logging_mixin.py:188} INFO - [2024-10-25T18:42:30.138+0000] {dagbag.py:545} INFO - Filling up the DagBag from /opt/airflow/dags/src/airflow.py
[2024-10-25T18:42:30.525+0000] {processor.py:840} INFO - DAG(s) 'DataPipeline' retrieved from /opt/airflow/dags/src/airflow.py
[2024-10-25T18:42:30.541+0000] {logging_mixin.py:188} INFO - [2024-10-25T18:42:30.540+0000] {dag.py:3096} INFO - Sync 1 DAGs
[2024-10-25T18:42:30.550+0000] {logging_mixin.py:188} INFO - [2024-10-25T18:42:30.550+0000] {dag.py:3954} INFO - Setting next_dagrun for DataPipeline to None, run_after=None
[2024-10-25T18:42:30.566+0000] {processor.py:183} INFO - Processing /opt/airflow/dags/src/airflow.py took 0.434 seconds
[2024-10-25T18:43:00.881+0000] {processor.py:161} INFO - Started process (PID=361) to work on /opt/airflow/dags/src/airflow.py
[2024-10-25T18:43:00.882+0000] {processor.py:830} INFO - Processing file /opt/airflow/dags/src/airflow.py for tasks to queue
[2024-10-25T18:43:00.883+0000] {logging_mixin.py:188} INFO - [2024-10-25T18:43:00.883+0000] {dagbag.py:545} INFO - Filling up the DagBag from /opt/airflow/dags/src/airflow.py
[2024-10-25T18:43:01.267+0000] {processor.py:840} INFO - DAG(s) 'DataPipeline' retrieved from /opt/airflow/dags/src/airflow.py
[2024-10-25T18:43:01.283+0000] {logging_mixin.py:188} INFO - [2024-10-25T18:43:01.283+0000] {dag.py:3096} INFO - Sync 1 DAGs
[2024-10-25T18:43:01.292+0000] {logging_mixin.py:188} INFO - [2024-10-25T18:43:01.292+0000] {dag.py:3954} INFO - Setting next_dagrun for DataPipeline to None, run_after=None
[2024-10-25T18:43:01.304+0000] {processor.py:183} INFO - Processing /opt/airflow/dags/src/airflow.py took 0.427 seconds
[2024-10-25T18:43:31.659+0000] {processor.py:161} INFO - Started process (PID=369) to work on /opt/airflow/dags/src/airflow.py
[2024-10-25T18:43:31.660+0000] {processor.py:830} INFO - Processing file /opt/airflow/dags/src/airflow.py for tasks to queue
[2024-10-25T18:43:31.661+0000] {logging_mixin.py:188} INFO - [2024-10-25T18:43:31.661+0000] {dagbag.py:545} INFO - Filling up the DagBag from /opt/airflow/dags/src/airflow.py
[2024-10-25T18:43:32.027+0000] {processor.py:840} INFO - DAG(s) 'DataPipeline' retrieved from /opt/airflow/dags/src/airflow.py
[2024-10-25T18:43:32.043+0000] {logging_mixin.py:188} INFO - [2024-10-25T18:43:32.043+0000] {dag.py:3096} INFO - Sync 1 DAGs
[2024-10-25T18:43:32.050+0000] {logging_mixin.py:188} INFO - [2024-10-25T18:43:32.050+0000] {dag.py:3954} INFO - Setting next_dagrun for DataPipeline to None, run_after=None
[2024-10-25T18:43:32.064+0000] {processor.py:183} INFO - Processing /opt/airflow/dags/src/airflow.py took 0.409 seconds
[2024-10-25T18:44:02.369+0000] {processor.py:161} INFO - Started process (PID=377) to work on /opt/airflow/dags/src/airflow.py
[2024-10-25T18:44:02.370+0000] {processor.py:830} INFO - Processing file /opt/airflow/dags/src/airflow.py for tasks to queue
[2024-10-25T18:44:02.372+0000] {logging_mixin.py:188} INFO - [2024-10-25T18:44:02.371+0000] {dagbag.py:545} INFO - Filling up the DagBag from /opt/airflow/dags/src/airflow.py
[2024-10-25T18:44:02.786+0000] {processor.py:840} INFO - DAG(s) 'DataPipeline' retrieved from /opt/airflow/dags/src/airflow.py
[2024-10-25T18:44:02.802+0000] {logging_mixin.py:188} INFO - [2024-10-25T18:44:02.801+0000] {dag.py:3096} INFO - Sync 1 DAGs
[2024-10-25T18:44:02.808+0000] {logging_mixin.py:188} INFO - [2024-10-25T18:44:02.808+0000] {dag.py:3954} INFO - Setting next_dagrun for DataPipeline to None, run_after=None
[2024-10-25T18:44:02.823+0000] {processor.py:183} INFO - Processing /opt/airflow/dags/src/airflow.py took 0.457 seconds
[2024-10-25T18:44:33.114+0000] {processor.py:161} INFO - Started process (PID=385) to work on /opt/airflow/dags/src/airflow.py
[2024-10-25T18:44:33.115+0000] {processor.py:830} INFO - Processing file /opt/airflow/dags/src/airflow.py for tasks to queue
[2024-10-25T18:44:33.116+0000] {logging_mixin.py:188} INFO - [2024-10-25T18:44:33.116+0000] {dagbag.py:545} INFO - Filling up the DagBag from /opt/airflow/dags/src/airflow.py
[2024-10-25T18:44:33.502+0000] {processor.py:840} INFO - DAG(s) 'DataPipeline' retrieved from /opt/airflow/dags/src/airflow.py
[2024-10-25T18:44:33.516+0000] {logging_mixin.py:188} INFO - [2024-10-25T18:44:33.516+0000] {dag.py:3096} INFO - Sync 1 DAGs
[2024-10-25T18:44:33.524+0000] {logging_mixin.py:188} INFO - [2024-10-25T18:44:33.523+0000] {dag.py:3954} INFO - Setting next_dagrun for DataPipeline to None, run_after=None
[2024-10-25T18:44:33.535+0000] {processor.py:183} INFO - Processing /opt/airflow/dags/src/airflow.py took 0.425 seconds
[2024-10-25T18:45:03.857+0000] {processor.py:161} INFO - Started process (PID=393) to work on /opt/airflow/dags/src/airflow.py
[2024-10-25T18:45:03.857+0000] {processor.py:830} INFO - Processing file /opt/airflow/dags/src/airflow.py for tasks to queue
[2024-10-25T18:45:03.859+0000] {logging_mixin.py:188} INFO - [2024-10-25T18:45:03.859+0000] {dagbag.py:545} INFO - Filling up the DagBag from /opt/airflow/dags/src/airflow.py
[2024-10-25T18:45:04.244+0000] {processor.py:840} INFO - DAG(s) 'DataPipeline' retrieved from /opt/airflow/dags/src/airflow.py
[2024-10-25T18:45:04.258+0000] {logging_mixin.py:188} INFO - [2024-10-25T18:45:04.258+0000] {dag.py:3096} INFO - Sync 1 DAGs
[2024-10-25T18:45:04.264+0000] {logging_mixin.py:188} INFO - [2024-10-25T18:45:04.264+0000] {dag.py:3954} INFO - Setting next_dagrun for DataPipeline to None, run_after=None
[2024-10-25T18:45:04.278+0000] {processor.py:183} INFO - Processing /opt/airflow/dags/src/airflow.py took 0.425 seconds
[2024-10-25T18:45:34.611+0000] {processor.py:161} INFO - Started process (PID=401) to work on /opt/airflow/dags/src/airflow.py
[2024-10-25T18:45:34.612+0000] {processor.py:830} INFO - Processing file /opt/airflow/dags/src/airflow.py for tasks to queue
[2024-10-25T18:45:34.613+0000] {logging_mixin.py:188} INFO - [2024-10-25T18:45:34.613+0000] {dagbag.py:545} INFO - Filling up the DagBag from /opt/airflow/dags/src/airflow.py
[2024-10-25T18:45:34.997+0000] {processor.py:840} INFO - DAG(s) 'DataPipeline' retrieved from /opt/airflow/dags/src/airflow.py
[2024-10-25T18:45:35.012+0000] {logging_mixin.py:188} INFO - [2024-10-25T18:45:35.012+0000] {dag.py:3096} INFO - Sync 1 DAGs
[2024-10-25T18:45:35.020+0000] {logging_mixin.py:188} INFO - [2024-10-25T18:45:35.020+0000] {dag.py:3954} INFO - Setting next_dagrun for DataPipeline to None, run_after=None
[2024-10-25T18:45:35.034+0000] {processor.py:183} INFO - Processing /opt/airflow/dags/src/airflow.py took 0.427 seconds
[2024-10-25T18:46:05.342+0000] {processor.py:161} INFO - Started process (PID=409) to work on /opt/airflow/dags/src/airflow.py
[2024-10-25T18:46:05.343+0000] {processor.py:830} INFO - Processing file /opt/airflow/dags/src/airflow.py for tasks to queue
[2024-10-25T18:46:05.345+0000] {logging_mixin.py:188} INFO - [2024-10-25T18:46:05.345+0000] {dagbag.py:545} INFO - Filling up the DagBag from /opt/airflow/dags/src/airflow.py
[2024-10-25T18:46:05.849+0000] {processor.py:840} INFO - DAG(s) 'DataPipeline' retrieved from /opt/airflow/dags/src/airflow.py
[2024-10-25T18:46:05.866+0000] {logging_mixin.py:188} INFO - [2024-10-25T18:46:05.865+0000] {dag.py:3096} INFO - Sync 1 DAGs
[2024-10-25T18:46:05.873+0000] {logging_mixin.py:188} INFO - [2024-10-25T18:46:05.873+0000] {dag.py:3954} INFO - Setting next_dagrun for DataPipeline to None, run_after=None
[2024-10-25T18:46:05.890+0000] {processor.py:183} INFO - Processing /opt/airflow/dags/src/airflow.py took 0.552 seconds
[2024-10-25T18:46:36.239+0000] {processor.py:161} INFO - Started process (PID=416) to work on /opt/airflow/dags/src/airflow.py
[2024-10-25T18:46:36.240+0000] {processor.py:830} INFO - Processing file /opt/airflow/dags/src/airflow.py for tasks to queue
[2024-10-25T18:46:36.241+0000] {logging_mixin.py:188} INFO - [2024-10-25T18:46:36.241+0000] {dagbag.py:545} INFO - Filling up the DagBag from /opt/airflow/dags/src/airflow.py
[2024-10-25T18:46:36.686+0000] {processor.py:840} INFO - DAG(s) 'DataPipeline' retrieved from /opt/airflow/dags/src/airflow.py
[2024-10-25T18:46:36.707+0000] {logging_mixin.py:188} INFO - [2024-10-25T18:46:36.707+0000] {dag.py:3096} INFO - Sync 1 DAGs
[2024-10-25T18:46:36.722+0000] {logging_mixin.py:188} INFO - [2024-10-25T18:46:36.722+0000] {dag.py:3954} INFO - Setting next_dagrun for DataPipeline to None, run_after=None
[2024-10-25T18:46:36.749+0000] {processor.py:183} INFO - Processing /opt/airflow/dags/src/airflow.py took 0.514 seconds
[2024-10-25T18:47:07.085+0000] {processor.py:161} INFO - Started process (PID=424) to work on /opt/airflow/dags/src/airflow.py
[2024-10-25T18:47:07.086+0000] {processor.py:830} INFO - Processing file /opt/airflow/dags/src/airflow.py for tasks to queue
[2024-10-25T18:47:07.089+0000] {logging_mixin.py:188} INFO - [2024-10-25T18:47:07.089+0000] {dagbag.py:545} INFO - Filling up the DagBag from /opt/airflow/dags/src/airflow.py
[2024-10-25T18:47:07.513+0000] {processor.py:840} INFO - DAG(s) 'DataPipeline' retrieved from /opt/airflow/dags/src/airflow.py
[2024-10-25T18:47:07.529+0000] {logging_mixin.py:188} INFO - [2024-10-25T18:47:07.529+0000] {dag.py:3096} INFO - Sync 1 DAGs
[2024-10-25T18:47:07.536+0000] {logging_mixin.py:188} INFO - [2024-10-25T18:47:07.536+0000] {dag.py:3954} INFO - Setting next_dagrun for DataPipeline to None, run_after=None
[2024-10-25T18:47:07.550+0000] {processor.py:183} INFO - Processing /opt/airflow/dags/src/airflow.py took 0.469 seconds
[2024-10-25T18:47:37.908+0000] {processor.py:161} INFO - Started process (PID=432) to work on /opt/airflow/dags/src/airflow.py
[2024-10-25T18:47:37.909+0000] {processor.py:830} INFO - Processing file /opt/airflow/dags/src/airflow.py for tasks to queue
[2024-10-25T18:47:37.911+0000] {logging_mixin.py:188} INFO - [2024-10-25T18:47:37.911+0000] {dagbag.py:545} INFO - Filling up the DagBag from /opt/airflow/dags/src/airflow.py
[2024-10-25T18:47:38.294+0000] {processor.py:840} INFO - DAG(s) 'DataPipeline' retrieved from /opt/airflow/dags/src/airflow.py
[2024-10-25T18:47:38.309+0000] {logging_mixin.py:188} INFO - [2024-10-25T18:47:38.309+0000] {dag.py:3096} INFO - Sync 1 DAGs
[2024-10-25T18:47:38.316+0000] {logging_mixin.py:188} INFO - [2024-10-25T18:47:38.316+0000] {dag.py:3954} INFO - Setting next_dagrun for DataPipeline to None, run_after=None
[2024-10-25T18:47:38.330+0000] {processor.py:183} INFO - Processing /opt/airflow/dags/src/airflow.py took 0.426 seconds
[2024-10-25T18:48:08.659+0000] {processor.py:161} INFO - Started process (PID=440) to work on /opt/airflow/dags/src/airflow.py
[2024-10-25T18:48:08.660+0000] {processor.py:830} INFO - Processing file /opt/airflow/dags/src/airflow.py for tasks to queue
[2024-10-25T18:48:08.661+0000] {logging_mixin.py:188} INFO - [2024-10-25T18:48:08.661+0000] {dagbag.py:545} INFO - Filling up the DagBag from /opt/airflow/dags/src/airflow.py
[2024-10-25T18:48:09.054+0000] {processor.py:840} INFO - DAG(s) 'DataPipeline' retrieved from /opt/airflow/dags/src/airflow.py
[2024-10-25T18:48:09.070+0000] {logging_mixin.py:188} INFO - [2024-10-25T18:48:09.070+0000] {dag.py:3096} INFO - Sync 1 DAGs
[2024-10-25T18:48:09.087+0000] {logging_mixin.py:188} INFO - [2024-10-25T18:48:09.087+0000] {dag.py:3954} INFO - Setting next_dagrun for DataPipeline to None, run_after=None
[2024-10-25T18:48:09.099+0000] {processor.py:183} INFO - Processing /opt/airflow/dags/src/airflow.py took 0.445 seconds
[2024-10-25T18:48:39.421+0000] {processor.py:161} INFO - Started process (PID=448) to work on /opt/airflow/dags/src/airflow.py
[2024-10-25T18:48:39.421+0000] {processor.py:830} INFO - Processing file /opt/airflow/dags/src/airflow.py for tasks to queue
[2024-10-25T18:48:39.423+0000] {logging_mixin.py:188} INFO - [2024-10-25T18:48:39.423+0000] {dagbag.py:545} INFO - Filling up the DagBag from /opt/airflow/dags/src/airflow.py
[2024-10-25T18:48:39.829+0000] {processor.py:840} INFO - DAG(s) 'DataPipeline' retrieved from /opt/airflow/dags/src/airflow.py
[2024-10-25T18:48:39.843+0000] {logging_mixin.py:188} INFO - [2024-10-25T18:48:39.843+0000] {dag.py:3096} INFO - Sync 1 DAGs
[2024-10-25T18:48:39.850+0000] {logging_mixin.py:188} INFO - [2024-10-25T18:48:39.850+0000] {dag.py:3954} INFO - Setting next_dagrun for DataPipeline to None, run_after=None
[2024-10-25T18:48:39.865+0000] {processor.py:183} INFO - Processing /opt/airflow/dags/src/airflow.py took 0.448 seconds
[2024-10-25T18:49:10.200+0000] {processor.py:161} INFO - Started process (PID=457) to work on /opt/airflow/dags/src/airflow.py
[2024-10-25T18:49:10.201+0000] {processor.py:830} INFO - Processing file /opt/airflow/dags/src/airflow.py for tasks to queue
[2024-10-25T18:49:10.203+0000] {logging_mixin.py:188} INFO - [2024-10-25T18:49:10.203+0000] {dagbag.py:545} INFO - Filling up the DagBag from /opt/airflow/dags/src/airflow.py
[2024-10-25T18:49:10.575+0000] {processor.py:840} INFO - DAG(s) 'DataPipeline' retrieved from /opt/airflow/dags/src/airflow.py
[2024-10-25T18:49:10.590+0000] {logging_mixin.py:188} INFO - [2024-10-25T18:49:10.590+0000] {dag.py:3096} INFO - Sync 1 DAGs
[2024-10-25T18:49:10.597+0000] {logging_mixin.py:188} INFO - [2024-10-25T18:49:10.597+0000] {dag.py:3954} INFO - Setting next_dagrun for DataPipeline to None, run_after=None
[2024-10-25T18:49:10.611+0000] {processor.py:183} INFO - Processing /opt/airflow/dags/src/airflow.py took 0.416 seconds
[2024-10-25T18:49:40.975+0000] {processor.py:161} INFO - Started process (PID=465) to work on /opt/airflow/dags/src/airflow.py
[2024-10-25T18:49:40.976+0000] {processor.py:830} INFO - Processing file /opt/airflow/dags/src/airflow.py for tasks to queue
[2024-10-25T18:49:40.977+0000] {logging_mixin.py:188} INFO - [2024-10-25T18:49:40.977+0000] {dagbag.py:545} INFO - Filling up the DagBag from /opt/airflow/dags/src/airflow.py
[2024-10-25T18:49:41.369+0000] {processor.py:840} INFO - DAG(s) 'DataPipeline' retrieved from /opt/airflow/dags/src/airflow.py
[2024-10-25T18:49:41.386+0000] {logging_mixin.py:188} INFO - [2024-10-25T18:49:41.385+0000] {dag.py:3096} INFO - Sync 1 DAGs
[2024-10-25T18:49:41.392+0000] {logging_mixin.py:188} INFO - [2024-10-25T18:49:41.392+0000] {dag.py:3954} INFO - Setting next_dagrun for DataPipeline to None, run_after=None
[2024-10-25T18:49:41.407+0000] {processor.py:183} INFO - Processing /opt/airflow/dags/src/airflow.py took 0.439 seconds
