[2024-10-25T18:39:05.207+0000] {local_task_job_runner.py:120} INFO - ::group::Pre task execution logs
[2024-10-25T18:39:05.225+0000] {taskinstance.py:2076} INFO - Dependencies all met for dep_context=non-requeueable deps ti=<TaskInstance: DataPipeline.download_data_from_gcp manual__2024-10-25T18:39:03.770372+00:00 [queued]>
[2024-10-25T18:39:05.231+0000] {taskinstance.py:2076} INFO - Dependencies all met for dep_context=requeueable deps ti=<TaskInstance: DataPipeline.download_data_from_gcp manual__2024-10-25T18:39:03.770372+00:00 [queued]>
[2024-10-25T18:39:05.233+0000] {taskinstance.py:2306} INFO - Starting attempt 1 of 3
[2024-10-25T18:39:05.243+0000] {taskinstance.py:2330} INFO - Executing <Task(PythonOperator): download_data_from_gcp> on 2024-10-25 18:39:03.770372+00:00
[2024-10-25T18:39:05.248+0000] {warnings.py:112} WARNING - /home/***/.local/lib/python3.12/site-packages/***/task/task_runner/standard_task_runner.py:61: DeprecationWarning: This process (pid=283) is multi-threaded, use of fork() may lead to deadlocks in the child.
  pid = os.fork()

[2024-10-25T18:39:05.250+0000] {standard_task_runner.py:63} INFO - Started process 285 to run task
[2024-10-25T18:39:05.249+0000] {standard_task_runner.py:90} INFO - Running: ['***', 'tasks', 'run', 'DataPipeline', 'download_data_from_gcp', 'manual__2024-10-25T18:39:03.770372+00:00', '--job-id', '16', '--raw', '--subdir', 'DAGS_FOLDER/src/***.py', '--cfg-path', '/tmp/tmp1ut8xk3i']
[2024-10-25T18:39:05.251+0000] {standard_task_runner.py:91} INFO - Job 16: Subtask download_data_from_gcp
[2024-10-25T18:39:05.308+0000] {task_command.py:426} INFO - Running <TaskInstance: DataPipeline.download_data_from_gcp manual__2024-10-25T18:39:03.770372+00:00 [running]> on host 4eacdf23ab95
[2024-10-25T18:39:05.380+0000] {taskinstance.py:2648} INFO - Exporting env vars: AIRFLOW_CTX_DAG_OWNER='MLopsProjectGroup6' AIRFLOW_CTX_DAG_ID='DataPipeline' AIRFLOW_CTX_TASK_ID='download_data_from_gcp' AIRFLOW_CTX_EXECUTION_DATE='2024-10-25T18:39:03.770372+00:00' AIRFLOW_CTX_TRY_NUMBER='1' AIRFLOW_CTX_DAG_RUN_ID='manual__2024-10-25T18:39:03.770372+00:00'
[2024-10-25T18:39:05.381+0000] {taskinstance.py:430} INFO - ::endgroup::
[2024-10-25T18:39:05.392+0000] {DownloadData.py:31} INFO - Starting data download process
[2024-10-25T18:39:05.410+0000] {DownloadData.py:32} INFO - Starting data download process
[2024-10-25T18:39:06.362+0000] {DownloadData.py:31} INFO - Latest file files/md5/75/4954d29a573fb8ff0a6f327960d9cf downloaded from GCS.
[2024-10-25T18:39:06.363+0000] {DownloadData.py:32} INFO - Latest file files/md5/75/4954d29a573fb8ff0a6f327960d9cf downloaded from GCS.
[2024-10-25T18:39:06.399+0000] {DownloadData.py:31} INFO - File content pickled and saved as /opt/***/data/processed/raw_data.pkl.
[2024-10-25T18:39:06.400+0000] {DownloadData.py:32} INFO - File content pickled and saved as /opt/***/data/processed/raw_data.pkl.
[2024-10-25T18:39:06.402+0000] {python.py:237} INFO - Done. Returned value was: /opt/***/data/processed/raw_data.pkl
[2024-10-25T18:39:06.403+0000] {taskinstance.py:441} INFO - ::group::Post task execution logs
[2024-10-25T18:39:06.423+0000] {taskinstance.py:1206} INFO - Marking task as SUCCESS. dag_id=DataPipeline, task_id=download_data_from_gcp, run_id=manual__2024-10-25T18:39:03.770372+00:00, execution_date=20241025T183903, start_date=20241025T183905, end_date=20241025T183906
[2024-10-25T18:39:06.466+0000] {local_task_job_runner.py:240} INFO - Task exited with return code 0
[2024-10-25T18:39:06.482+0000] {taskinstance.py:3503} INFO - 1 downstream tasks scheduled from follow-on schedule check
[2024-10-25T18:39:06.484+0000] {local_task_job_runner.py:222} INFO - ::endgroup::
