[2024-10-26T06:38:07.902+0000] {local_task_job_runner.py:120} INFO - ::group::Pre task execution logs
[2024-10-26T06:38:07.913+0000] {taskinstance.py:2076} INFO - Dependencies all met for dep_context=non-requeueable deps ti=<TaskInstance: DataPipeline.download_data_from_gcp manual__2024-10-26T06:38:06.584004+00:00 [queued]>
[2024-10-26T06:38:07.917+0000] {taskinstance.py:2076} INFO - Dependencies all met for dep_context=requeueable deps ti=<TaskInstance: DataPipeline.download_data_from_gcp manual__2024-10-26T06:38:06.584004+00:00 [queued]>
[2024-10-26T06:38:07.917+0000] {taskinstance.py:2306} INFO - Starting attempt 1 of 3
[2024-10-26T06:38:07.924+0000] {taskinstance.py:2330} INFO - Executing <Task(PythonOperator): download_data_from_gcp> on 2024-10-26 06:38:06.584004+00:00
[2024-10-26T06:38:07.940+0000] {warnings.py:112} WARNING - /home/***/.local/lib/python3.12/site-packages/***/task/task_runner/standard_task_runner.py:61: DeprecationWarning: This process (pid=63) is multi-threaded, use of fork() may lead to deadlocks in the child.
  pid = os.fork()

[2024-10-26T06:38:07.941+0000] {standard_task_runner.py:90} INFO - Running: ['***', 'tasks', 'run', 'DataPipeline', 'download_data_from_gcp', 'manual__2024-10-26T06:38:06.584004+00:00', '--job-id', '48', '--raw', '--subdir', 'DAGS_FOLDER/src/***.py', '--cfg-path', '/tmp/tmpm8zoe7ad']
[2024-10-26T06:38:07.945+0000] {standard_task_runner.py:91} INFO - Job 48: Subtask download_data_from_gcp
[2024-10-26T06:38:07.945+0000] {standard_task_runner.py:63} INFO - Started process 65 to run task
[2024-10-26T06:38:07.970+0000] {task_command.py:426} INFO - Running <TaskInstance: DataPipeline.download_data_from_gcp manual__2024-10-26T06:38:06.584004+00:00 [running]> on host 7e8a88eeae3d
[2024-10-26T06:38:08.007+0000] {taskinstance.py:2648} INFO - Exporting env vars: AIRFLOW_CTX_DAG_OWNER='MLopsProjectGroup6' AIRFLOW_CTX_DAG_ID='DataPipeline' AIRFLOW_CTX_TASK_ID='download_data_from_gcp' AIRFLOW_CTX_EXECUTION_DATE='2024-10-26T06:38:06.584004+00:00' AIRFLOW_CTX_TRY_NUMBER='1' AIRFLOW_CTX_DAG_RUN_ID='manual__2024-10-26T06:38:06.584004+00:00'
[2024-10-26T06:38:08.008+0000] {taskinstance.py:430} INFO - ::endgroup::
[2024-10-26T06:38:08.015+0000] {DownloadData.py:31} INFO - Starting data download process
[2024-10-26T06:38:08.015+0000] {DownloadData.py:32} INFO - Starting data download process
[2024-10-26T06:38:08.016+0000] {DownloadData.py:34} ERROR - An unexpected error occurred: File /opt/***/config/key.json was not found.
[2024-10-26T06:38:08.016+0000] {DownloadData.py:35} ERROR - An unexpected error occurred: File /opt/***/config/key.json was not found.
[2024-10-26T06:38:08.017+0000] {python.py:237} INFO - Done. Returned value was: None
[2024-10-26T06:38:08.017+0000] {taskinstance.py:441} INFO - ::group::Post task execution logs
[2024-10-26T06:38:08.021+0000] {taskinstance.py:1206} INFO - Marking task as SUCCESS. dag_id=DataPipeline, task_id=download_data_from_gcp, run_id=manual__2024-10-26T06:38:06.584004+00:00, execution_date=20241026T063806, start_date=20241026T063807, end_date=20241026T063808
[2024-10-26T06:38:08.047+0000] {local_task_job_runner.py:240} INFO - Task exited with return code 0
[2024-10-26T06:38:08.071+0000] {taskinstance.py:3503} INFO - 1 downstream tasks scheduled from follow-on schedule check
[2024-10-26T06:38:08.072+0000] {local_task_job_runner.py:222} INFO - ::endgroup::
