[2024-10-25T18:01:41.934+0000] {local_task_job_runner.py:120} INFO - ::group::Pre task execution logs
[2024-10-25T18:01:41.966+0000] {taskinstance.py:2076} INFO - Dependencies all met for dep_context=non-requeueable deps ti=<TaskInstance: DataPipeline.load_data manual__2024-10-25T18:01:32.997484+00:00 [queued]>
[2024-10-25T18:01:41.981+0000] {taskinstance.py:2076} INFO - Dependencies all met for dep_context=requeueable deps ti=<TaskInstance: DataPipeline.load_data manual__2024-10-25T18:01:32.997484+00:00 [queued]>
[2024-10-25T18:01:41.985+0000] {taskinstance.py:2306} INFO - Starting attempt 1 of 3
[2024-10-25T18:01:42.002+0000] {taskinstance.py:2330} INFO - Executing <Task(PythonOperator): load_data> on 2024-10-25 18:01:32.997484+00:00
[2024-10-25T18:01:42.010+0000] {warnings.py:112} WARNING - /home/***/.local/lib/python3.12/site-packages/***/task/task_runner/standard_task_runner.py:61: DeprecationWarning: This process (pid=79) is multi-threaded, use of fork() may lead to deadlocks in the child.
  pid = os.fork()

[2024-10-25T18:01:42.013+0000] {standard_task_runner.py:63} INFO - Started process 81 to run task
[2024-10-25T18:01:42.013+0000] {standard_task_runner.py:90} INFO - Running: ['***', 'tasks', 'run', 'DataPipeline', 'load_data', 'manual__2024-10-25T18:01:32.997484+00:00', '--job-id', '9', '--raw', '--subdir', 'DAGS_FOLDER/src/***.py', '--cfg-path', '/tmp/tmpchlo05y8']
[2024-10-25T18:01:42.017+0000] {standard_task_runner.py:91} INFO - Job 9: Subtask load_data
[2024-10-25T18:01:42.091+0000] {task_command.py:426} INFO - Running <TaskInstance: DataPipeline.load_data manual__2024-10-25T18:01:32.997484+00:00 [running]> on host 29d65c49b73c
[2024-10-25T18:01:42.267+0000] {taskinstance.py:2648} INFO - Exporting env vars: AIRFLOW_CTX_DAG_OWNER='MLopsProjectGroup6' AIRFLOW_CTX_DAG_ID='DataPipeline' AIRFLOW_CTX_TASK_ID='load_data' AIRFLOW_CTX_EXECUTION_DATE='2024-10-25T18:01:32.997484+00:00' AIRFLOW_CTX_TRY_NUMBER='1' AIRFLOW_CTX_DAG_RUN_ID='manual__2024-10-25T18:01:32.997484+00:00'
[2024-10-25T18:01:42.347+0000] {taskinstance.py:430} INFO - ::endgroup::
[2024-10-25T18:01:42.369+0000] {LoadData.py:34} INFO - Starting data loading process
[2024-10-25T18:01:42.370+0000] {LoadData.py:35} INFO - Using pickle file: /opt/***/data/processed/raw_data.pkl
[2024-10-25T18:01:42.401+0000] {LoadData.py:40} INFO - Pickle file loaded successfully
[2024-10-25T18:01:43.020+0000] {LoadData.py:49} INFO - Data saved as CSV to: /opt/***/data/processed/raw_data.csv
[2024-10-25T18:01:43.024+0000] {python.py:237} INFO - Done. Returned value was: /opt/***/data/processed/raw_data.csv
[2024-10-25T18:01:43.025+0000] {taskinstance.py:441} INFO - ::group::Post task execution logs
[2024-10-25T18:01:43.055+0000] {taskinstance.py:1206} INFO - Marking task as SUCCESS. dag_id=DataPipeline, task_id=load_data, run_id=manual__2024-10-25T18:01:32.997484+00:00, execution_date=20241025T180132, start_date=20241025T180141, end_date=20241025T180143
[2024-10-25T18:01:43.112+0000] {local_task_job_runner.py:240} INFO - Task exited with return code 0
[2024-10-25T18:01:43.138+0000] {taskinstance.py:3503} INFO - 1 downstream tasks scheduled from follow-on schedule check
[2024-10-25T18:01:43.142+0000] {local_task_job_runner.py:222} INFO - ::endgroup::
