[2024-10-22T22:21:13.026+0000] {processor.py:161} INFO - Started process (PID=38) to work on /opt/airflow/dags/src/airflow.py
[2024-10-22T22:21:13.028+0000] {processor.py:830} INFO - Processing file /opt/airflow/dags/src/airflow.py for tasks to queue
[2024-10-22T22:21:13.029+0000] {logging_mixin.py:188} INFO - [2024-10-22T22:21:13.029+0000] {dagbag.py:545} INFO - Filling up the DagBag from /opt/airflow/dags/src/airflow.py
[2024-10-22T22:21:15.226+0000] {processor.py:840} INFO - DAG(s) 'DataPipeline' retrieved from /opt/airflow/dags/src/airflow.py
[2024-10-22T22:21:15.377+0000] {logging_mixin.py:188} INFO - [2024-10-22T22:21:15.376+0000] {override.py:1829} INFO - Created Permission View: can edit on DAG:DataPipeline
[2024-10-22T22:21:15.383+0000] {logging_mixin.py:188} INFO - [2024-10-22T22:21:15.383+0000] {override.py:1829} INFO - Created Permission View: can delete on DAG:DataPipeline
[2024-10-22T22:21:15.389+0000] {logging_mixin.py:188} INFO - [2024-10-22T22:21:15.388+0000] {override.py:1829} INFO - Created Permission View: can read on DAG:DataPipeline
[2024-10-22T22:21:15.389+0000] {logging_mixin.py:188} INFO - [2024-10-22T22:21:15.389+0000] {dag.py:3096} INFO - Sync 1 DAGs
[2024-10-22T22:21:15.396+0000] {logging_mixin.py:188} INFO - [2024-10-22T22:21:15.396+0000] {dag.py:3118} INFO - Creating ORM DAG for DataPipeline
[2024-10-22T22:21:15.397+0000] {logging_mixin.py:188} INFO - [2024-10-22T22:21:15.397+0000] {dag.py:3954} INFO - Setting next_dagrun for DataPipeline to None, run_after=None
[2024-10-22T22:21:15.411+0000] {processor.py:183} INFO - Processing /opt/airflow/dags/src/airflow.py took 2.389 seconds
[2024-10-22T22:21:45.700+0000] {processor.py:161} INFO - Started process (PID=46) to work on /opt/airflow/dags/src/airflow.py
[2024-10-22T22:21:45.702+0000] {processor.py:830} INFO - Processing file /opt/airflow/dags/src/airflow.py for tasks to queue
[2024-10-22T22:21:45.706+0000] {logging_mixin.py:188} INFO - [2024-10-22T22:21:45.705+0000] {dagbag.py:545} INFO - Filling up the DagBag from /opt/airflow/dags/src/airflow.py
[2024-10-22T22:21:46.190+0000] {processor.py:840} INFO - DAG(s) 'DataPipeline' retrieved from /opt/airflow/dags/src/airflow.py
[2024-10-22T22:21:46.206+0000] {logging_mixin.py:188} INFO - [2024-10-22T22:21:46.206+0000] {dag.py:3096} INFO - Sync 1 DAGs
[2024-10-22T22:21:46.213+0000] {logging_mixin.py:188} INFO - [2024-10-22T22:21:46.213+0000] {dag.py:3954} INFO - Setting next_dagrun for DataPipeline to None, run_after=None
[2024-10-22T22:21:46.226+0000] {processor.py:183} INFO - Processing /opt/airflow/dags/src/airflow.py took 0.535 seconds
[2024-10-22T22:22:16.499+0000] {processor.py:161} INFO - Started process (PID=54) to work on /opt/airflow/dags/src/airflow.py
[2024-10-22T22:22:16.500+0000] {processor.py:830} INFO - Processing file /opt/airflow/dags/src/airflow.py for tasks to queue
[2024-10-22T22:22:16.502+0000] {logging_mixin.py:188} INFO - [2024-10-22T22:22:16.501+0000] {dagbag.py:545} INFO - Filling up the DagBag from /opt/airflow/dags/src/airflow.py
[2024-10-22T22:22:16.919+0000] {processor.py:840} INFO - DAG(s) 'DataPipeline' retrieved from /opt/airflow/dags/src/airflow.py
[2024-10-22T22:22:16.935+0000] {logging_mixin.py:188} INFO - [2024-10-22T22:22:16.935+0000] {dag.py:3096} INFO - Sync 1 DAGs
[2024-10-22T22:22:16.944+0000] {logging_mixin.py:188} INFO - [2024-10-22T22:22:16.944+0000] {dag.py:3954} INFO - Setting next_dagrun for DataPipeline to None, run_after=None
[2024-10-22T22:22:16.970+0000] {processor.py:183} INFO - Processing /opt/airflow/dags/src/airflow.py took 0.475 seconds
[2024-10-22T22:22:47.220+0000] {processor.py:161} INFO - Started process (PID=62) to work on /opt/airflow/dags/src/airflow.py
[2024-10-22T22:22:47.230+0000] {processor.py:830} INFO - Processing file /opt/airflow/dags/src/airflow.py for tasks to queue
[2024-10-22T22:22:47.233+0000] {logging_mixin.py:188} INFO - [2024-10-22T22:22:47.233+0000] {dagbag.py:545} INFO - Filling up the DagBag from /opt/airflow/dags/src/airflow.py
[2024-10-22T22:22:47.730+0000] {processor.py:840} INFO - DAG(s) 'DataPipeline' retrieved from /opt/airflow/dags/src/airflow.py
[2024-10-22T22:22:47.746+0000] {logging_mixin.py:188} INFO - [2024-10-22T22:22:47.746+0000] {dag.py:3096} INFO - Sync 1 DAGs
[2024-10-22T22:22:47.758+0000] {logging_mixin.py:188} INFO - [2024-10-22T22:22:47.757+0000] {dag.py:3954} INFO - Setting next_dagrun for DataPipeline to None, run_after=None
[2024-10-22T22:22:47.785+0000] {processor.py:183} INFO - Processing /opt/airflow/dags/src/airflow.py took 0.575 seconds
[2024-10-22T22:23:18.074+0000] {processor.py:161} INFO - Started process (PID=70) to work on /opt/airflow/dags/src/airflow.py
[2024-10-22T22:23:18.075+0000] {processor.py:830} INFO - Processing file /opt/airflow/dags/src/airflow.py for tasks to queue
[2024-10-22T22:23:18.077+0000] {logging_mixin.py:188} INFO - [2024-10-22T22:23:18.077+0000] {dagbag.py:545} INFO - Filling up the DagBag from /opt/airflow/dags/src/airflow.py
[2024-10-22T22:23:18.506+0000] {processor.py:840} INFO - DAG(s) 'DataPipeline' retrieved from /opt/airflow/dags/src/airflow.py
[2024-10-22T22:23:18.522+0000] {logging_mixin.py:188} INFO - [2024-10-22T22:23:18.522+0000] {dag.py:3096} INFO - Sync 1 DAGs
[2024-10-22T22:23:18.530+0000] {logging_mixin.py:188} INFO - [2024-10-22T22:23:18.530+0000] {dag.py:3954} INFO - Setting next_dagrun for DataPipeline to None, run_after=None
[2024-10-22T22:23:18.543+0000] {processor.py:183} INFO - Processing /opt/airflow/dags/src/airflow.py took 0.475 seconds
[2024-10-22T22:23:48.691+0000] {processor.py:161} INFO - Started process (PID=78) to work on /opt/airflow/dags/src/airflow.py
[2024-10-22T22:23:48.692+0000] {processor.py:830} INFO - Processing file /opt/airflow/dags/src/airflow.py for tasks to queue
[2024-10-22T22:23:48.694+0000] {logging_mixin.py:188} INFO - [2024-10-22T22:23:48.694+0000] {dagbag.py:545} INFO - Filling up the DagBag from /opt/airflow/dags/src/airflow.py
[2024-10-22T22:23:49.074+0000] {processor.py:840} INFO - DAG(s) 'DataPipeline' retrieved from /opt/airflow/dags/src/airflow.py
[2024-10-22T22:23:49.091+0000] {logging_mixin.py:188} INFO - [2024-10-22T22:23:49.091+0000] {dag.py:3096} INFO - Sync 1 DAGs
[2024-10-22T22:23:49.099+0000] {logging_mixin.py:188} INFO - [2024-10-22T22:23:49.099+0000] {dag.py:3954} INFO - Setting next_dagrun for DataPipeline to None, run_after=None
[2024-10-22T22:23:49.140+0000] {processor.py:183} INFO - Processing /opt/airflow/dags/src/airflow.py took 0.457 seconds
[2024-10-22T22:24:19.393+0000] {processor.py:161} INFO - Started process (PID=86) to work on /opt/airflow/dags/src/airflow.py
[2024-10-22T22:24:19.394+0000] {processor.py:830} INFO - Processing file /opt/airflow/dags/src/airflow.py for tasks to queue
[2024-10-22T22:24:19.395+0000] {logging_mixin.py:188} INFO - [2024-10-22T22:24:19.395+0000] {dagbag.py:545} INFO - Filling up the DagBag from /opt/airflow/dags/src/airflow.py
[2024-10-22T22:24:19.801+0000] {processor.py:840} INFO - DAG(s) 'DataPipeline' retrieved from /opt/airflow/dags/src/airflow.py
[2024-10-22T22:24:19.816+0000] {logging_mixin.py:188} INFO - [2024-10-22T22:24:19.816+0000] {dag.py:3096} INFO - Sync 1 DAGs
[2024-10-22T22:24:19.824+0000] {logging_mixin.py:188} INFO - [2024-10-22T22:24:19.823+0000] {dag.py:3954} INFO - Setting next_dagrun for DataPipeline to None, run_after=None
[2024-10-22T22:24:19.839+0000] {processor.py:183} INFO - Processing /opt/airflow/dags/src/airflow.py took 0.451 seconds
[2024-10-22T22:24:50.157+0000] {processor.py:161} INFO - Started process (PID=94) to work on /opt/airflow/dags/src/airflow.py
[2024-10-22T22:24:50.159+0000] {processor.py:830} INFO - Processing file /opt/airflow/dags/src/airflow.py for tasks to queue
[2024-10-22T22:24:50.161+0000] {logging_mixin.py:188} INFO - [2024-10-22T22:24:50.161+0000] {dagbag.py:545} INFO - Filling up the DagBag from /opt/airflow/dags/src/airflow.py
[2024-10-22T22:24:50.564+0000] {processor.py:840} INFO - DAG(s) 'DataPipeline' retrieved from /opt/airflow/dags/src/airflow.py
[2024-10-22T22:24:50.581+0000] {logging_mixin.py:188} INFO - [2024-10-22T22:24:50.581+0000] {dag.py:3096} INFO - Sync 1 DAGs
[2024-10-22T22:24:50.588+0000] {logging_mixin.py:188} INFO - [2024-10-22T22:24:50.588+0000] {dag.py:3954} INFO - Setting next_dagrun for DataPipeline to None, run_after=None
[2024-10-22T22:24:50.603+0000] {processor.py:183} INFO - Processing /opt/airflow/dags/src/airflow.py took 0.455 seconds
[2024-10-22T22:25:20.884+0000] {processor.py:161} INFO - Started process (PID=102) to work on /opt/airflow/dags/src/airflow.py
[2024-10-22T22:25:20.886+0000] {processor.py:830} INFO - Processing file /opt/airflow/dags/src/airflow.py for tasks to queue
[2024-10-22T22:25:20.887+0000] {logging_mixin.py:188} INFO - [2024-10-22T22:25:20.887+0000] {dagbag.py:545} INFO - Filling up the DagBag from /opt/airflow/dags/src/airflow.py
[2024-10-22T22:25:21.310+0000] {processor.py:840} INFO - DAG(s) 'DataPipeline' retrieved from /opt/airflow/dags/src/airflow.py
[2024-10-22T22:25:21.325+0000] {logging_mixin.py:188} INFO - [2024-10-22T22:25:21.325+0000] {dag.py:3096} INFO - Sync 1 DAGs
[2024-10-22T22:25:21.332+0000] {logging_mixin.py:188} INFO - [2024-10-22T22:25:21.332+0000] {dag.py:3954} INFO - Setting next_dagrun for DataPipeline to None, run_after=None
[2024-10-22T22:25:21.347+0000] {processor.py:183} INFO - Processing /opt/airflow/dags/src/airflow.py took 0.468 seconds
[2024-10-22T22:25:51.673+0000] {processor.py:161} INFO - Started process (PID=110) to work on /opt/airflow/dags/src/airflow.py
[2024-10-22T22:25:51.674+0000] {processor.py:830} INFO - Processing file /opt/airflow/dags/src/airflow.py for tasks to queue
[2024-10-22T22:25:51.676+0000] {logging_mixin.py:188} INFO - [2024-10-22T22:25:51.676+0000] {dagbag.py:545} INFO - Filling up the DagBag from /opt/airflow/dags/src/airflow.py
[2024-10-22T22:25:52.047+0000] {processor.py:840} INFO - DAG(s) 'DataPipeline' retrieved from /opt/airflow/dags/src/airflow.py
[2024-10-22T22:25:52.061+0000] {logging_mixin.py:188} INFO - [2024-10-22T22:25:52.061+0000] {dag.py:3096} INFO - Sync 1 DAGs
[2024-10-22T22:25:52.067+0000] {logging_mixin.py:188} INFO - [2024-10-22T22:25:52.067+0000] {dag.py:3954} INFO - Setting next_dagrun for DataPipeline to None, run_after=None
[2024-10-22T22:25:52.082+0000] {processor.py:183} INFO - Processing /opt/airflow/dags/src/airflow.py took 0.413 seconds
[2024-10-22T22:26:22.482+0000] {processor.py:161} INFO - Started process (PID=118) to work on /opt/airflow/dags/src/airflow.py
[2024-10-22T22:26:22.483+0000] {processor.py:830} INFO - Processing file /opt/airflow/dags/src/airflow.py for tasks to queue
[2024-10-22T22:26:22.484+0000] {logging_mixin.py:188} INFO - [2024-10-22T22:26:22.484+0000] {dagbag.py:545} INFO - Filling up the DagBag from /opt/airflow/dags/src/airflow.py
[2024-10-22T22:26:22.855+0000] {processor.py:840} INFO - DAG(s) 'DataPipeline' retrieved from /opt/airflow/dags/src/airflow.py
[2024-10-22T22:26:22.870+0000] {logging_mixin.py:188} INFO - [2024-10-22T22:26:22.870+0000] {dag.py:3096} INFO - Sync 1 DAGs
[2024-10-22T22:26:22.877+0000] {logging_mixin.py:188} INFO - [2024-10-22T22:26:22.877+0000] {dag.py:3954} INFO - Setting next_dagrun for DataPipeline to None, run_after=None
[2024-10-22T22:26:22.891+0000] {processor.py:183} INFO - Processing /opt/airflow/dags/src/airflow.py took 0.413 seconds
[2024-10-22T22:26:53.188+0000] {processor.py:161} INFO - Started process (PID=126) to work on /opt/airflow/dags/src/airflow.py
[2024-10-22T22:26:53.189+0000] {processor.py:830} INFO - Processing file /opt/airflow/dags/src/airflow.py for tasks to queue
[2024-10-22T22:26:53.190+0000] {logging_mixin.py:188} INFO - [2024-10-22T22:26:53.190+0000] {dagbag.py:545} INFO - Filling up the DagBag from /opt/airflow/dags/src/airflow.py
[2024-10-22T22:26:53.630+0000] {processor.py:840} INFO - DAG(s) 'DataPipeline' retrieved from /opt/airflow/dags/src/airflow.py
[2024-10-22T22:26:53.649+0000] {logging_mixin.py:188} INFO - [2024-10-22T22:26:53.648+0000] {dag.py:3096} INFO - Sync 1 DAGs
[2024-10-22T22:26:53.657+0000] {logging_mixin.py:188} INFO - [2024-10-22T22:26:53.657+0000] {dag.py:3954} INFO - Setting next_dagrun for DataPipeline to None, run_after=None
[2024-10-22T22:26:53.676+0000] {processor.py:183} INFO - Processing /opt/airflow/dags/src/airflow.py took 0.494 seconds
[2024-10-22T22:27:23.962+0000] {processor.py:161} INFO - Started process (PID=134) to work on /opt/airflow/dags/src/airflow.py
[2024-10-22T22:27:23.963+0000] {processor.py:830} INFO - Processing file /opt/airflow/dags/src/airflow.py for tasks to queue
[2024-10-22T22:27:23.965+0000] {logging_mixin.py:188} INFO - [2024-10-22T22:27:23.965+0000] {dagbag.py:545} INFO - Filling up the DagBag from /opt/airflow/dags/src/airflow.py
[2024-10-22T22:27:24.375+0000] {processor.py:840} INFO - DAG(s) 'DataPipeline' retrieved from /opt/airflow/dags/src/airflow.py
[2024-10-22T22:27:24.391+0000] {logging_mixin.py:188} INFO - [2024-10-22T22:27:24.391+0000] {dag.py:3096} INFO - Sync 1 DAGs
[2024-10-22T22:27:24.406+0000] {logging_mixin.py:188} INFO - [2024-10-22T22:27:24.405+0000] {dag.py:3954} INFO - Setting next_dagrun for DataPipeline to None, run_after=None
[2024-10-22T22:27:24.429+0000] {processor.py:183} INFO - Processing /opt/airflow/dags/src/airflow.py took 0.471 seconds
[2024-10-22T22:27:54.719+0000] {processor.py:161} INFO - Started process (PID=142) to work on /opt/airflow/dags/src/airflow.py
[2024-10-22T22:27:54.720+0000] {processor.py:830} INFO - Processing file /opt/airflow/dags/src/airflow.py for tasks to queue
[2024-10-22T22:27:54.721+0000] {logging_mixin.py:188} INFO - [2024-10-22T22:27:54.721+0000] {dagbag.py:545} INFO - Filling up the DagBag from /opt/airflow/dags/src/airflow.py
[2024-10-22T22:27:55.075+0000] {processor.py:840} INFO - DAG(s) 'DataPipeline' retrieved from /opt/airflow/dags/src/airflow.py
[2024-10-22T22:27:55.089+0000] {logging_mixin.py:188} INFO - [2024-10-22T22:27:55.089+0000] {dag.py:3096} INFO - Sync 1 DAGs
[2024-10-22T22:27:55.096+0000] {logging_mixin.py:188} INFO - [2024-10-22T22:27:55.096+0000] {dag.py:3954} INFO - Setting next_dagrun for DataPipeline to None, run_after=None
[2024-10-22T22:27:55.110+0000] {processor.py:183} INFO - Processing /opt/airflow/dags/src/airflow.py took 0.395 seconds
[2024-10-22T22:28:25.417+0000] {processor.py:161} INFO - Started process (PID=150) to work on /opt/airflow/dags/src/airflow.py
[2024-10-22T22:28:25.418+0000] {processor.py:830} INFO - Processing file /opt/airflow/dags/src/airflow.py for tasks to queue
[2024-10-22T22:28:25.419+0000] {logging_mixin.py:188} INFO - [2024-10-22T22:28:25.419+0000] {dagbag.py:545} INFO - Filling up the DagBag from /opt/airflow/dags/src/airflow.py
[2024-10-22T22:28:25.873+0000] {processor.py:840} INFO - DAG(s) 'DataPipeline' retrieved from /opt/airflow/dags/src/airflow.py
[2024-10-22T22:28:25.891+0000] {logging_mixin.py:188} INFO - [2024-10-22T22:28:25.890+0000] {dag.py:3096} INFO - Sync 1 DAGs
[2024-10-22T22:28:25.899+0000] {logging_mixin.py:188} INFO - [2024-10-22T22:28:25.899+0000] {dag.py:3954} INFO - Setting next_dagrun for DataPipeline to None, run_after=None
[2024-10-22T22:28:25.916+0000] {processor.py:183} INFO - Processing /opt/airflow/dags/src/airflow.py took 0.503 seconds
[2024-10-22T22:28:56.212+0000] {processor.py:161} INFO - Started process (PID=158) to work on /opt/airflow/dags/src/airflow.py
[2024-10-22T22:28:56.213+0000] {processor.py:830} INFO - Processing file /opt/airflow/dags/src/airflow.py for tasks to queue
[2024-10-22T22:28:56.215+0000] {logging_mixin.py:188} INFO - [2024-10-22T22:28:56.215+0000] {dagbag.py:545} INFO - Filling up the DagBag from /opt/airflow/dags/src/airflow.py
[2024-10-22T22:28:56.674+0000] {processor.py:840} INFO - DAG(s) 'DataPipeline' retrieved from /opt/airflow/dags/src/airflow.py
[2024-10-22T22:28:56.690+0000] {logging_mixin.py:188} INFO - [2024-10-22T22:28:56.690+0000] {dag.py:3096} INFO - Sync 1 DAGs
[2024-10-22T22:28:56.697+0000] {logging_mixin.py:188} INFO - [2024-10-22T22:28:56.697+0000] {dag.py:3954} INFO - Setting next_dagrun for DataPipeline to None, run_after=None
[2024-10-22T22:28:56.713+0000] {processor.py:183} INFO - Processing /opt/airflow/dags/src/airflow.py took 0.505 seconds
[2024-10-22T22:29:26.968+0000] {processor.py:161} INFO - Started process (PID=166) to work on /opt/airflow/dags/src/airflow.py
[2024-10-22T22:29:26.969+0000] {processor.py:830} INFO - Processing file /opt/airflow/dags/src/airflow.py for tasks to queue
[2024-10-22T22:29:26.971+0000] {logging_mixin.py:188} INFO - [2024-10-22T22:29:26.970+0000] {dagbag.py:545} INFO - Filling up the DagBag from /opt/airflow/dags/src/airflow.py
[2024-10-22T22:29:27.338+0000] {processor.py:840} INFO - DAG(s) 'DataPipeline' retrieved from /opt/airflow/dags/src/airflow.py
[2024-10-22T22:29:27.352+0000] {logging_mixin.py:188} INFO - [2024-10-22T22:29:27.352+0000] {dag.py:3096} INFO - Sync 1 DAGs
[2024-10-22T22:29:27.360+0000] {logging_mixin.py:188} INFO - [2024-10-22T22:29:27.360+0000] {dag.py:3954} INFO - Setting next_dagrun for DataPipeline to None, run_after=None
[2024-10-22T22:29:27.374+0000] {processor.py:183} INFO - Processing /opt/airflow/dags/src/airflow.py took 0.410 seconds
[2024-10-22T22:29:57.680+0000] {processor.py:161} INFO - Started process (PID=174) to work on /opt/airflow/dags/src/airflow.py
[2024-10-22T22:29:57.681+0000] {processor.py:830} INFO - Processing file /opt/airflow/dags/src/airflow.py for tasks to queue
[2024-10-22T22:29:57.682+0000] {logging_mixin.py:188} INFO - [2024-10-22T22:29:57.682+0000] {dagbag.py:545} INFO - Filling up the DagBag from /opt/airflow/dags/src/airflow.py
[2024-10-22T22:29:58.079+0000] {processor.py:840} INFO - DAG(s) 'DataPipeline' retrieved from /opt/airflow/dags/src/airflow.py
[2024-10-22T22:29:58.096+0000] {logging_mixin.py:188} INFO - [2024-10-22T22:29:58.096+0000] {dag.py:3096} INFO - Sync 1 DAGs
[2024-10-22T22:29:58.104+0000] {logging_mixin.py:188} INFO - [2024-10-22T22:29:58.103+0000] {dag.py:3954} INFO - Setting next_dagrun for DataPipeline to None, run_after=None
[2024-10-22T22:29:58.118+0000] {processor.py:183} INFO - Processing /opt/airflow/dags/src/airflow.py took 0.442 seconds
[2024-10-22T22:30:24.433+0000] {processor.py:161} INFO - Started process (PID=182) to work on /opt/airflow/dags/src/airflow.py
[2024-10-22T22:30:24.443+0000] {processor.py:830} INFO - Processing file /opt/airflow/dags/src/airflow.py for tasks to queue
[2024-10-22T22:30:24.447+0000] {logging_mixin.py:188} INFO - [2024-10-22T22:30:24.446+0000] {dagbag.py:545} INFO - Filling up the DagBag from /opt/airflow/dags/src/airflow.py
[2024-10-22T22:30:24.947+0000] {processor.py:840} INFO - DAG(s) 'DataPipeline' retrieved from /opt/airflow/dags/src/airflow.py
[2024-10-22T22:30:25.048+0000] {logging_mixin.py:188} INFO - [2024-10-22T22:30:25.047+0000] {dag.py:3096} INFO - Sync 1 DAGs
[2024-10-22T22:30:25.054+0000] {logging_mixin.py:188} INFO - [2024-10-22T22:30:25.054+0000] {dag.py:3954} INFO - Setting next_dagrun for DataPipeline to None, run_after=None
[2024-10-22T22:30:25.072+0000] {processor.py:183} INFO - Processing /opt/airflow/dags/src/airflow.py took 0.644 seconds
[2024-10-22T22:30:55.162+0000] {processor.py:161} INFO - Started process (PID=191) to work on /opt/airflow/dags/src/airflow.py
[2024-10-22T22:30:55.163+0000] {processor.py:830} INFO - Processing file /opt/airflow/dags/src/airflow.py for tasks to queue
[2024-10-22T22:30:55.164+0000] {logging_mixin.py:188} INFO - [2024-10-22T22:30:55.164+0000] {dagbag.py:545} INFO - Filling up the DagBag from /opt/airflow/dags/src/airflow.py
[2024-10-22T22:30:55.540+0000] {processor.py:840} INFO - DAG(s) 'DataPipeline' retrieved from /opt/airflow/dags/src/airflow.py
[2024-10-22T22:30:55.556+0000] {logging_mixin.py:188} INFO - [2024-10-22T22:30:55.555+0000] {dag.py:3096} INFO - Sync 1 DAGs
[2024-10-22T22:30:55.563+0000] {logging_mixin.py:188} INFO - [2024-10-22T22:30:55.563+0000] {dag.py:3954} INFO - Setting next_dagrun for DataPipeline to None, run_after=None
[2024-10-22T22:30:55.581+0000] {processor.py:183} INFO - Processing /opt/airflow/dags/src/airflow.py took 0.423 seconds
[2024-10-22T22:31:25.703+0000] {processor.py:161} INFO - Started process (PID=200) to work on /opt/airflow/dags/src/airflow.py
[2024-10-22T22:31:25.705+0000] {processor.py:830} INFO - Processing file /opt/airflow/dags/src/airflow.py for tasks to queue
[2024-10-22T22:31:25.707+0000] {logging_mixin.py:188} INFO - [2024-10-22T22:31:25.706+0000] {dagbag.py:545} INFO - Filling up the DagBag from /opt/airflow/dags/src/airflow.py
[2024-10-22T22:31:26.089+0000] {processor.py:840} INFO - DAG(s) 'DataPipeline' retrieved from /opt/airflow/dags/src/airflow.py
[2024-10-22T22:31:26.106+0000] {logging_mixin.py:188} INFO - [2024-10-22T22:31:26.106+0000] {dag.py:3096} INFO - Sync 1 DAGs
[2024-10-22T22:31:26.114+0000] {logging_mixin.py:188} INFO - [2024-10-22T22:31:26.114+0000] {dag.py:3954} INFO - Setting next_dagrun for DataPipeline to None, run_after=None
[2024-10-22T22:31:26.132+0000] {processor.py:183} INFO - Processing /opt/airflow/dags/src/airflow.py took 0.433 seconds
[2024-10-22T22:31:35.937+0000] {processor.py:161} INFO - Started process (PID=208) to work on /opt/airflow/dags/src/airflow.py
[2024-10-22T22:31:35.938+0000] {processor.py:830} INFO - Processing file /opt/airflow/dags/src/airflow.py for tasks to queue
[2024-10-22T22:31:35.939+0000] {logging_mixin.py:188} INFO - [2024-10-22T22:31:35.939+0000] {dagbag.py:545} INFO - Filling up the DagBag from /opt/airflow/dags/src/airflow.py
[2024-10-22T22:31:36.519+0000] {processor.py:840} INFO - DAG(s) 'DataPipeline' retrieved from /opt/airflow/dags/src/airflow.py
[2024-10-22T22:31:36.535+0000] {logging_mixin.py:188} INFO - [2024-10-22T22:31:36.535+0000] {dag.py:3096} INFO - Sync 1 DAGs
[2024-10-22T22:31:36.542+0000] {logging_mixin.py:188} INFO - [2024-10-22T22:31:36.542+0000] {dag.py:3954} INFO - Setting next_dagrun for DataPipeline to None, run_after=None
[2024-10-22T22:31:36.560+0000] {processor.py:183} INFO - Processing /opt/airflow/dags/src/airflow.py took 0.628 seconds
[2024-10-22T22:32:51.186+0000] {processor.py:161} INFO - Started process (PID=38) to work on /opt/airflow/dags/src/airflow.py
[2024-10-22T22:32:51.187+0000] {processor.py:830} INFO - Processing file /opt/airflow/dags/src/airflow.py for tasks to queue
[2024-10-22T22:32:51.189+0000] {logging_mixin.py:188} INFO - [2024-10-22T22:32:51.189+0000] {dagbag.py:545} INFO - Filling up the DagBag from /opt/airflow/dags/src/airflow.py
[2024-10-22T22:32:52.478+0000] {processor.py:840} INFO - DAG(s) 'DataPipeline' retrieved from /opt/airflow/dags/src/airflow.py
[2024-10-22T22:32:52.671+0000] {logging_mixin.py:188} INFO - [2024-10-22T22:32:52.671+0000] {override.py:1829} INFO - Created Permission View: can delete on DAG:DataPipeline
[2024-10-22T22:32:52.681+0000] {logging_mixin.py:188} INFO - [2024-10-22T22:32:52.680+0000] {override.py:1829} INFO - Created Permission View: can read on DAG:DataPipeline
[2024-10-22T22:32:52.686+0000] {logging_mixin.py:188} INFO - [2024-10-22T22:32:52.686+0000] {override.py:1829} INFO - Created Permission View: can edit on DAG:DataPipeline
[2024-10-22T22:32:52.687+0000] {logging_mixin.py:188} INFO - [2024-10-22T22:32:52.687+0000] {dag.py:3096} INFO - Sync 1 DAGs
[2024-10-22T22:32:52.696+0000] {logging_mixin.py:188} INFO - [2024-10-22T22:32:52.695+0000] {dag.py:3118} INFO - Creating ORM DAG for DataPipeline
[2024-10-22T22:32:52.697+0000] {logging_mixin.py:188} INFO - [2024-10-22T22:32:52.696+0000] {dag.py:3954} INFO - Setting next_dagrun for DataPipeline to None, run_after=None
[2024-10-22T22:32:52.715+0000] {processor.py:183} INFO - Processing /opt/airflow/dags/src/airflow.py took 1.532 seconds
[2024-10-22T22:33:23.028+0000] {processor.py:161} INFO - Started process (PID=46) to work on /opt/airflow/dags/src/airflow.py
[2024-10-22T22:33:23.028+0000] {processor.py:830} INFO - Processing file /opt/airflow/dags/src/airflow.py for tasks to queue
[2024-10-22T22:33:23.030+0000] {logging_mixin.py:188} INFO - [2024-10-22T22:33:23.030+0000] {dagbag.py:545} INFO - Filling up the DagBag from /opt/airflow/dags/src/airflow.py
[2024-10-22T22:33:23.419+0000] {processor.py:840} INFO - DAG(s) 'DataPipeline' retrieved from /opt/airflow/dags/src/airflow.py
[2024-10-22T22:33:23.433+0000] {logging_mixin.py:188} INFO - [2024-10-22T22:33:23.433+0000] {dag.py:3096} INFO - Sync 1 DAGs
[2024-10-22T22:33:23.440+0000] {logging_mixin.py:188} INFO - [2024-10-22T22:33:23.440+0000] {dag.py:3954} INFO - Setting next_dagrun for DataPipeline to None, run_after=None
[2024-10-22T22:33:23.452+0000] {processor.py:183} INFO - Processing /opt/airflow/dags/src/airflow.py took 0.428 seconds
[2024-10-22T22:33:53.708+0000] {processor.py:161} INFO - Started process (PID=54) to work on /opt/airflow/dags/src/airflow.py
[2024-10-22T22:33:53.709+0000] {processor.py:830} INFO - Processing file /opt/airflow/dags/src/airflow.py for tasks to queue
[2024-10-22T22:33:53.711+0000] {logging_mixin.py:188} INFO - [2024-10-22T22:33:53.710+0000] {dagbag.py:545} INFO - Filling up the DagBag from /opt/airflow/dags/src/airflow.py
[2024-10-22T22:33:54.107+0000] {processor.py:840} INFO - DAG(s) 'DataPipeline' retrieved from /opt/airflow/dags/src/airflow.py
[2024-10-22T22:33:54.123+0000] {logging_mixin.py:188} INFO - [2024-10-22T22:33:54.122+0000] {dag.py:3096} INFO - Sync 1 DAGs
[2024-10-22T22:33:54.130+0000] {logging_mixin.py:188} INFO - [2024-10-22T22:33:54.129+0000] {dag.py:3954} INFO - Setting next_dagrun for DataPipeline to None, run_after=None
[2024-10-22T22:33:54.160+0000] {processor.py:183} INFO - Processing /opt/airflow/dags/src/airflow.py took 0.458 seconds
[2024-10-22T22:34:24.434+0000] {processor.py:161} INFO - Started process (PID=62) to work on /opt/airflow/dags/src/airflow.py
[2024-10-22T22:34:24.435+0000] {processor.py:830} INFO - Processing file /opt/airflow/dags/src/airflow.py for tasks to queue
[2024-10-22T22:34:24.436+0000] {logging_mixin.py:188} INFO - [2024-10-22T22:34:24.436+0000] {dagbag.py:545} INFO - Filling up the DagBag from /opt/airflow/dags/src/airflow.py
[2024-10-22T22:34:24.841+0000] {processor.py:840} INFO - DAG(s) 'DataPipeline' retrieved from /opt/airflow/dags/src/airflow.py
[2024-10-22T22:34:24.856+0000] {logging_mixin.py:188} INFO - [2024-10-22T22:34:24.856+0000] {dag.py:3096} INFO - Sync 1 DAGs
[2024-10-22T22:34:24.863+0000] {logging_mixin.py:188} INFO - [2024-10-22T22:34:24.863+0000] {dag.py:3954} INFO - Setting next_dagrun for DataPipeline to None, run_after=None
[2024-10-22T22:34:24.876+0000] {processor.py:183} INFO - Processing /opt/airflow/dags/src/airflow.py took 0.447 seconds
[2024-10-22T22:34:55.131+0000] {processor.py:161} INFO - Started process (PID=70) to work on /opt/airflow/dags/src/airflow.py
[2024-10-22T22:34:55.132+0000] {processor.py:830} INFO - Processing file /opt/airflow/dags/src/airflow.py for tasks to queue
[2024-10-22T22:34:55.133+0000] {logging_mixin.py:188} INFO - [2024-10-22T22:34:55.133+0000] {dagbag.py:545} INFO - Filling up the DagBag from /opt/airflow/dags/src/airflow.py
[2024-10-22T22:34:55.594+0000] {processor.py:840} INFO - DAG(s) 'DataPipeline' retrieved from /opt/airflow/dags/src/airflow.py
[2024-10-22T22:34:55.609+0000] {logging_mixin.py:188} INFO - [2024-10-22T22:34:55.609+0000] {dag.py:3096} INFO - Sync 1 DAGs
[2024-10-22T22:34:55.622+0000] {logging_mixin.py:188} INFO - [2024-10-22T22:34:55.621+0000] {dag.py:3954} INFO - Setting next_dagrun for DataPipeline to None, run_after=None
[2024-10-22T22:34:55.638+0000] {processor.py:183} INFO - Processing /opt/airflow/dags/src/airflow.py took 0.513 seconds
[2024-10-22T22:35:26.108+0000] {processor.py:161} INFO - Started process (PID=78) to work on /opt/airflow/dags/src/airflow.py
[2024-10-22T22:35:26.109+0000] {processor.py:830} INFO - Processing file /opt/airflow/dags/src/airflow.py for tasks to queue
[2024-10-22T22:35:26.110+0000] {logging_mixin.py:188} INFO - [2024-10-22T22:35:26.110+0000] {dagbag.py:545} INFO - Filling up the DagBag from /opt/airflow/dags/src/airflow.py
[2024-10-22T22:35:26.477+0000] {processor.py:840} INFO - DAG(s) 'DataPipeline' retrieved from /opt/airflow/dags/src/airflow.py
[2024-10-22T22:35:26.493+0000] {logging_mixin.py:188} INFO - [2024-10-22T22:35:26.493+0000] {dag.py:3096} INFO - Sync 1 DAGs
[2024-10-22T22:35:26.504+0000] {logging_mixin.py:188} INFO - [2024-10-22T22:35:26.504+0000] {dag.py:3954} INFO - Setting next_dagrun for DataPipeline to None, run_after=None
[2024-10-22T22:35:26.534+0000] {processor.py:183} INFO - Processing /opt/airflow/dags/src/airflow.py took 0.430 seconds
[2024-10-22T22:35:56.645+0000] {processor.py:161} INFO - Started process (PID=86) to work on /opt/airflow/dags/src/airflow.py
[2024-10-22T22:35:56.646+0000] {processor.py:830} INFO - Processing file /opt/airflow/dags/src/airflow.py for tasks to queue
[2024-10-22T22:35:56.648+0000] {logging_mixin.py:188} INFO - [2024-10-22T22:35:56.648+0000] {dagbag.py:545} INFO - Filling up the DagBag from /opt/airflow/dags/src/airflow.py
[2024-10-22T22:35:57.073+0000] {processor.py:840} INFO - DAG(s) 'DataPipeline' retrieved from /opt/airflow/dags/src/airflow.py
[2024-10-22T22:35:57.087+0000] {logging_mixin.py:188} INFO - [2024-10-22T22:35:57.087+0000] {dag.py:3096} INFO - Sync 1 DAGs
[2024-10-22T22:35:57.094+0000] {logging_mixin.py:188} INFO - [2024-10-22T22:35:57.094+0000] {dag.py:3954} INFO - Setting next_dagrun for DataPipeline to None, run_after=None
[2024-10-22T22:35:57.113+0000] {processor.py:183} INFO - Processing /opt/airflow/dags/src/airflow.py took 0.472 seconds
[2024-10-22T22:36:27.209+0000] {processor.py:161} INFO - Started process (PID=94) to work on /opt/airflow/dags/src/airflow.py
[2024-10-22T22:36:27.211+0000] {processor.py:830} INFO - Processing file /opt/airflow/dags/src/airflow.py for tasks to queue
[2024-10-22T22:36:27.212+0000] {logging_mixin.py:188} INFO - [2024-10-22T22:36:27.212+0000] {dagbag.py:545} INFO - Filling up the DagBag from /opt/airflow/dags/src/airflow.py
[2024-10-22T22:36:27.622+0000] {processor.py:840} INFO - DAG(s) 'DataPipeline' retrieved from /opt/airflow/dags/src/airflow.py
[2024-10-22T22:36:27.636+0000] {logging_mixin.py:188} INFO - [2024-10-22T22:36:27.636+0000] {dag.py:3096} INFO - Sync 1 DAGs
[2024-10-22T22:36:27.647+0000] {logging_mixin.py:188} INFO - [2024-10-22T22:36:27.647+0000] {dag.py:3954} INFO - Setting next_dagrun for DataPipeline to None, run_after=None
[2024-10-22T22:36:27.662+0000] {processor.py:183} INFO - Processing /opt/airflow/dags/src/airflow.py took 0.457 seconds
[2024-10-22T22:36:57.741+0000] {processor.py:161} INFO - Started process (PID=102) to work on /opt/airflow/dags/src/airflow.py
[2024-10-22T22:36:57.742+0000] {processor.py:830} INFO - Processing file /opt/airflow/dags/src/airflow.py for tasks to queue
[2024-10-22T22:36:57.744+0000] {logging_mixin.py:188} INFO - [2024-10-22T22:36:57.743+0000] {dagbag.py:545} INFO - Filling up the DagBag from /opt/airflow/dags/src/airflow.py
[2024-10-22T22:36:58.098+0000] {processor.py:840} INFO - DAG(s) 'DataPipeline' retrieved from /opt/airflow/dags/src/airflow.py
[2024-10-22T22:36:58.113+0000] {logging_mixin.py:188} INFO - [2024-10-22T22:36:58.113+0000] {dag.py:3096} INFO - Sync 1 DAGs
[2024-10-22T22:36:58.120+0000] {logging_mixin.py:188} INFO - [2024-10-22T22:36:58.120+0000] {dag.py:3954} INFO - Setting next_dagrun for DataPipeline to None, run_after=None
[2024-10-22T22:36:58.132+0000] {processor.py:183} INFO - Processing /opt/airflow/dags/src/airflow.py took 0.394 seconds
[2024-10-22T22:37:28.243+0000] {processor.py:161} INFO - Started process (PID=111) to work on /opt/airflow/dags/src/airflow.py
[2024-10-22T22:37:28.258+0000] {processor.py:830} INFO - Processing file /opt/airflow/dags/src/airflow.py for tasks to queue
[2024-10-22T22:37:28.269+0000] {logging_mixin.py:188} INFO - [2024-10-22T22:37:28.269+0000] {dagbag.py:545} INFO - Filling up the DagBag from /opt/airflow/dags/src/airflow.py
[2024-10-22T22:37:28.642+0000] {processor.py:840} INFO - DAG(s) 'DataPipeline' retrieved from /opt/airflow/dags/src/airflow.py
[2024-10-22T22:37:28.660+0000] {logging_mixin.py:188} INFO - [2024-10-22T22:37:28.660+0000] {dag.py:3096} INFO - Sync 1 DAGs
[2024-10-22T22:37:28.667+0000] {logging_mixin.py:188} INFO - [2024-10-22T22:37:28.667+0000] {dag.py:3954} INFO - Setting next_dagrun for DataPipeline to None, run_after=None
[2024-10-22T22:37:28.683+0000] {processor.py:183} INFO - Processing /opt/airflow/dags/src/airflow.py took 0.444 seconds
[2024-10-22T22:37:58.811+0000] {processor.py:161} INFO - Started process (PID=119) to work on /opt/airflow/dags/src/airflow.py
[2024-10-22T22:37:58.812+0000] {processor.py:830} INFO - Processing file /opt/airflow/dags/src/airflow.py for tasks to queue
[2024-10-22T22:37:58.813+0000] {logging_mixin.py:188} INFO - [2024-10-22T22:37:58.813+0000] {dagbag.py:545} INFO - Filling up the DagBag from /opt/airflow/dags/src/airflow.py
[2024-10-22T22:37:59.173+0000] {processor.py:840} INFO - DAG(s) 'DataPipeline' retrieved from /opt/airflow/dags/src/airflow.py
[2024-10-22T22:37:59.187+0000] {logging_mixin.py:188} INFO - [2024-10-22T22:37:59.187+0000] {dag.py:3096} INFO - Sync 1 DAGs
[2024-10-22T22:37:59.195+0000] {logging_mixin.py:188} INFO - [2024-10-22T22:37:59.195+0000] {dag.py:3954} INFO - Setting next_dagrun for DataPipeline to None, run_after=None
[2024-10-22T22:37:59.209+0000] {processor.py:183} INFO - Processing /opt/airflow/dags/src/airflow.py took 0.404 seconds
[2024-10-22T22:38:29.311+0000] {processor.py:161} INFO - Started process (PID=127) to work on /opt/airflow/dags/src/airflow.py
[2024-10-22T22:38:29.315+0000] {processor.py:830} INFO - Processing file /opt/airflow/dags/src/airflow.py for tasks to queue
[2024-10-22T22:38:29.317+0000] {logging_mixin.py:188} INFO - [2024-10-22T22:38:29.316+0000] {dagbag.py:545} INFO - Filling up the DagBag from /opt/airflow/dags/src/airflow.py
[2024-10-22T22:38:29.755+0000] {processor.py:840} INFO - DAG(s) 'DataPipeline' retrieved from /opt/airflow/dags/src/airflow.py
[2024-10-22T22:38:29.772+0000] {logging_mixin.py:188} INFO - [2024-10-22T22:38:29.771+0000] {dag.py:3096} INFO - Sync 1 DAGs
[2024-10-22T22:38:29.779+0000] {logging_mixin.py:188} INFO - [2024-10-22T22:38:29.779+0000] {dag.py:3954} INFO - Setting next_dagrun for DataPipeline to None, run_after=None
[2024-10-22T22:38:29.793+0000] {processor.py:183} INFO - Processing /opt/airflow/dags/src/airflow.py took 0.486 seconds
[2024-10-22T22:39:00.070+0000] {processor.py:161} INFO - Started process (PID=135) to work on /opt/airflow/dags/src/airflow.py
[2024-10-22T22:39:00.071+0000] {processor.py:830} INFO - Processing file /opt/airflow/dags/src/airflow.py for tasks to queue
[2024-10-22T22:39:00.073+0000] {logging_mixin.py:188} INFO - [2024-10-22T22:39:00.073+0000] {dagbag.py:545} INFO - Filling up the DagBag from /opt/airflow/dags/src/airflow.py
[2024-10-22T22:39:00.438+0000] {processor.py:840} INFO - DAG(s) 'DataPipeline' retrieved from /opt/airflow/dags/src/airflow.py
[2024-10-22T22:39:00.454+0000] {logging_mixin.py:188} INFO - [2024-10-22T22:39:00.453+0000] {dag.py:3096} INFO - Sync 1 DAGs
[2024-10-22T22:39:00.461+0000] {logging_mixin.py:188} INFO - [2024-10-22T22:39:00.461+0000] {dag.py:3954} INFO - Setting next_dagrun for DataPipeline to None, run_after=None
[2024-10-22T22:39:00.478+0000] {processor.py:183} INFO - Processing /opt/airflow/dags/src/airflow.py took 0.412 seconds
[2024-10-22T22:39:30.758+0000] {processor.py:161} INFO - Started process (PID=143) to work on /opt/airflow/dags/src/airflow.py
[2024-10-22T22:39:30.759+0000] {processor.py:830} INFO - Processing file /opt/airflow/dags/src/airflow.py for tasks to queue
[2024-10-22T22:39:30.761+0000] {logging_mixin.py:188} INFO - [2024-10-22T22:39:30.760+0000] {dagbag.py:545} INFO - Filling up the DagBag from /opt/airflow/dags/src/airflow.py
[2024-10-22T22:39:31.242+0000] {processor.py:840} INFO - DAG(s) 'DataPipeline' retrieved from /opt/airflow/dags/src/airflow.py
[2024-10-22T22:39:31.259+0000] {logging_mixin.py:188} INFO - [2024-10-22T22:39:31.258+0000] {dag.py:3096} INFO - Sync 1 DAGs
[2024-10-22T22:39:31.266+0000] {logging_mixin.py:188} INFO - [2024-10-22T22:39:31.265+0000] {dag.py:3954} INFO - Setting next_dagrun for DataPipeline to None, run_after=None
[2024-10-22T22:39:31.279+0000] {processor.py:183} INFO - Processing /opt/airflow/dags/src/airflow.py took 0.526 seconds
