[2024-10-22T22:33:42.460+0000] {local_task_job_runner.py:120} INFO - ::group::Pre task execution logs
[2024-10-22T22:33:42.488+0000] {taskinstance.py:2076} INFO - Dependencies all met for dep_context=non-requeueable deps ti=<TaskInstance: DataPipeline.download_data_from_gcp_task manual__2024-10-22T22:33:40.262408+00:00 [queued]>
[2024-10-22T22:33:42.499+0000] {taskinstance.py:2076} INFO - Dependencies all met for dep_context=requeueable deps ti=<TaskInstance: DataPipeline.download_data_from_gcp_task manual__2024-10-22T22:33:40.262408+00:00 [queued]>
[2024-10-22T22:33:42.509+0000] {taskinstance.py:2306} INFO - Starting attempt 1 of 3
[2024-10-22T22:33:42.541+0000] {taskinstance.py:2330} INFO - Executing <Task(PythonOperator): download_data_from_gcp_task> on 2024-10-22 22:33:40.262408+00:00
[2024-10-22T22:33:42.549+0000] {warnings.py:112} WARNING - /home/***/.local/lib/python3.12/site-packages/***/task/task_runner/standard_task_runner.py:61: DeprecationWarning: This process (pid=70) is multi-threaded, use of fork() may lead to deadlocks in the child.
  pid = os.fork()

[2024-10-22T22:33:42.552+0000] {standard_task_runner.py:63} INFO - Started process 72 to run task
[2024-10-22T22:33:42.550+0000] {standard_task_runner.py:90} INFO - Running: ['***', 'tasks', 'run', 'DataPipeline', 'download_data_from_gcp_task', 'manual__2024-10-22T22:33:40.262408+00:00', '--job-id', '3', '--raw', '--subdir', 'DAGS_FOLDER/src/***.py', '--cfg-path', '/tmp/tmpioq5t00r']
[2024-10-22T22:33:42.556+0000] {standard_task_runner.py:91} INFO - Job 3: Subtask download_data_from_gcp_task
[2024-10-22T22:33:42.631+0000] {task_command.py:426} INFO - Running <TaskInstance: DataPipeline.download_data_from_gcp_task manual__2024-10-22T22:33:40.262408+00:00 [running]> on host 7b75a9f07e3d
[2024-10-22T22:33:42.757+0000] {taskinstance.py:2648} INFO - Exporting env vars: AIRFLOW_CTX_DAG_OWNER='MLopsProjectGroup6' AIRFLOW_CTX_DAG_ID='DataPipeline' AIRFLOW_CTX_TASK_ID='download_data_from_gcp_task' AIRFLOW_CTX_EXECUTION_DATE='2024-10-22T22:33:40.262408+00:00' AIRFLOW_CTX_TRY_NUMBER='1' AIRFLOW_CTX_DAG_RUN_ID='manual__2024-10-22T22:33:40.262408+00:00'
[2024-10-22T22:33:42.758+0000] {taskinstance.py:430} INFO - ::endgroup::
[2024-10-22T22:33:42.784+0000] {DownloadData.py:29} INFO - Project directory fetched successfully
[2024-10-22T22:33:42.787+0000] {DownloadData.py:67} ERROR - An unexpected error occurred: File /opt/***/dags/config/Key.json was not found.
[2024-10-22T22:33:42.787+0000] {python.py:237} INFO - Done. Returned value was: None
[2024-10-22T22:33:42.788+0000] {taskinstance.py:441} INFO - ::group::Post task execution logs
[2024-10-22T22:33:42.798+0000] {taskinstance.py:1206} INFO - Marking task as SUCCESS. dag_id=DataPipeline, task_id=download_data_from_gcp_task, run_id=manual__2024-10-22T22:33:40.262408+00:00, execution_date=20241022T223340, start_date=20241022T223342, end_date=20241022T223342
[2024-10-22T22:33:42.849+0000] {local_task_job_runner.py:240} INFO - Task exited with return code 0
[2024-10-22T22:33:42.913+0000] {taskinstance.py:3503} INFO - 1 downstream tasks scheduled from follow-on schedule check
[2024-10-22T22:33:42.931+0000] {local_task_job_runner.py:222} INFO - ::endgroup::
