[2024-10-25T18:01:37.933+0000] {local_task_job_runner.py:120} INFO - ::group::Pre task execution logs
[2024-10-25T18:01:37.979+0000] {taskinstance.py:2076} INFO - Dependencies all met for dep_context=non-requeueable deps ti=<TaskInstance: DataPipeline.download_data_from_gcp manual__2024-10-25T18:01:32.997484+00:00 [queued]>
[2024-10-25T18:01:37.992+0000] {taskinstance.py:2076} INFO - Dependencies all met for dep_context=requeueable deps ti=<TaskInstance: DataPipeline.download_data_from_gcp manual__2024-10-25T18:01:32.997484+00:00 [queued]>
[2024-10-25T18:01:37.993+0000] {taskinstance.py:2306} INFO - Starting attempt 1 of 3
[2024-10-25T18:01:38.023+0000] {taskinstance.py:2330} INFO - Executing <Task(PythonOperator): download_data_from_gcp> on 2024-10-25 18:01:32.997484+00:00
[2024-10-25T18:01:38.036+0000] {warnings.py:112} WARNING - /home/***/.local/lib/python3.12/site-packages/***/task/task_runner/standard_task_runner.py:61: DeprecationWarning: This process (pid=69) is multi-threaded, use of fork() may lead to deadlocks in the child.
  pid = os.fork()

[2024-10-25T18:01:38.039+0000] {standard_task_runner.py:63} INFO - Started process 71 to run task
[2024-10-25T18:01:38.039+0000] {standard_task_runner.py:90} INFO - Running: ['***', 'tasks', 'run', 'DataPipeline', 'download_data_from_gcp', 'manual__2024-10-25T18:01:32.997484+00:00', '--job-id', '8', '--raw', '--subdir', 'DAGS_FOLDER/src/***.py', '--cfg-path', '/tmp/tmpgmvpykv8']
[2024-10-25T18:01:38.043+0000] {standard_task_runner.py:91} INFO - Job 8: Subtask download_data_from_gcp
[2024-10-25T18:01:38.329+0000] {task_command.py:426} INFO - Running <TaskInstance: DataPipeline.download_data_from_gcp manual__2024-10-25T18:01:32.997484+00:00 [running]> on host 29d65c49b73c
[2024-10-25T18:01:38.477+0000] {taskinstance.py:2648} INFO - Exporting env vars: AIRFLOW_CTX_DAG_OWNER='MLopsProjectGroup6' AIRFLOW_CTX_DAG_ID='DataPipeline' AIRFLOW_CTX_TASK_ID='download_data_from_gcp' AIRFLOW_CTX_EXECUTION_DATE='2024-10-25T18:01:32.997484+00:00' AIRFLOW_CTX_TRY_NUMBER='1' AIRFLOW_CTX_DAG_RUN_ID='manual__2024-10-25T18:01:32.997484+00:00'
[2024-10-25T18:01:38.510+0000] {taskinstance.py:430} INFO - ::endgroup::
[2024-10-25T18:01:38.589+0000] {DownloadData.py:26} INFO - Starting data download process
[2024-10-25T18:01:39.861+0000] {DownloadData.py:55} INFO - Latest file files/md5/75/4954d29a573fb8ff0a6f327960d9cf downloaded from GCS.
[2024-10-25T18:01:39.913+0000] {DownloadData.py:62} INFO - File content pickled and saved as /opt/***/data/processed/raw_data.pkl.
[2024-10-25T18:01:39.915+0000] {python.py:237} INFO - Done. Returned value was: /opt/***/data/processed/raw_data.pkl
[2024-10-25T18:01:39.916+0000] {taskinstance.py:441} INFO - ::group::Post task execution logs
[2024-10-25T18:01:39.971+0000] {taskinstance.py:1206} INFO - Marking task as SUCCESS. dag_id=DataPipeline, task_id=download_data_from_gcp, run_id=manual__2024-10-25T18:01:32.997484+00:00, execution_date=20241025T180132, start_date=20241025T180137, end_date=20241025T180139
[2024-10-25T18:01:40.026+0000] {local_task_job_runner.py:240} INFO - Task exited with return code 0
[2024-10-25T18:01:40.062+0000] {taskinstance.py:3503} INFO - 1 downstream tasks scheduled from follow-on schedule check
[2024-10-25T18:01:40.067+0000] {local_task_job_runner.py:222} INFO - ::endgroup::
