[2024-10-23T02:43:37.371+0000] {local_task_job_runner.py:120} INFO - ::group::Pre task execution logs
[2024-10-23T02:43:37.407+0000] {taskinstance.py:2076} INFO - Dependencies all met for dep_context=non-requeueable deps ti=<TaskInstance: DataPipeline.download_data_from_gcp manual__2024-10-23T02:43:34.733175+00:00 [queued]>
[2024-10-23T02:43:37.419+0000] {taskinstance.py:2076} INFO - Dependencies all met for dep_context=requeueable deps ti=<TaskInstance: DataPipeline.download_data_from_gcp manual__2024-10-23T02:43:34.733175+00:00 [queued]>
[2024-10-23T02:43:37.420+0000] {taskinstance.py:2306} INFO - Starting attempt 1 of 3
[2024-10-23T02:43:37.444+0000] {taskinstance.py:2330} INFO - Executing <Task(PythonOperator): download_data_from_gcp> on 2024-10-23 02:43:34.733175+00:00
[2024-10-23T02:43:37.455+0000] {warnings.py:112} WARNING - /home/***/.local/lib/python3.12/site-packages/***/task/task_runner/standard_task_runner.py:61: DeprecationWarning: This process (pid=149) is multi-threaded, use of fork() may lead to deadlocks in the child.
  pid = os.fork()

[2024-10-23T02:43:37.466+0000] {standard_task_runner.py:63} INFO - Started process 151 to run task
[2024-10-23T02:43:37.466+0000] {standard_task_runner.py:90} INFO - Running: ['***', 'tasks', 'run', 'DataPipeline', 'download_data_from_gcp', 'manual__2024-10-23T02:43:34.733175+00:00', '--job-id', '4', '--raw', '--subdir', 'DAGS_FOLDER/src/***.py', '--cfg-path', '/tmp/tmp1rh_son8']
[2024-10-23T02:43:37.471+0000] {standard_task_runner.py:91} INFO - Job 4: Subtask download_data_from_gcp
[2024-10-23T02:43:37.541+0000] {task_command.py:426} INFO - Running <TaskInstance: DataPipeline.download_data_from_gcp manual__2024-10-23T02:43:34.733175+00:00 [running]> on host dd01dc1f55c7
[2024-10-23T02:43:37.655+0000] {taskinstance.py:2648} INFO - Exporting env vars: AIRFLOW_CTX_DAG_OWNER='MLopsProjectGroup6' AIRFLOW_CTX_DAG_ID='DataPipeline' AIRFLOW_CTX_TASK_ID='download_data_from_gcp' AIRFLOW_CTX_EXECUTION_DATE='2024-10-23T02:43:34.733175+00:00' AIRFLOW_CTX_TRY_NUMBER='1' AIRFLOW_CTX_DAG_RUN_ID='manual__2024-10-23T02:43:34.733175+00:00'
[2024-10-23T02:43:37.656+0000] {taskinstance.py:430} INFO - ::endgroup::
[2024-10-23T02:43:37.679+0000] {DownloadData.py:30} INFO - Project directory fetched successfully
[2024-10-23T02:43:38.659+0000] {DownloadData.py:56} INFO - Latest file files/md5/f6/cb2c1256ffe2836b36df321f46e92c downloaded from GCS.
[2024-10-23T02:43:38.722+0000] {DownloadData.py:63} INFO - File content pickled and saved as /opt/***/data/processed/raw_data.pkl.
[2024-10-23T02:43:38.723+0000] {python.py:237} INFO - Done. Returned value was: /opt/***/data/processed/raw_data.pkl
[2024-10-23T02:43:38.724+0000] {taskinstance.py:441} INFO - ::group::Post task execution logs
[2024-10-23T02:43:38.748+0000] {taskinstance.py:1206} INFO - Marking task as SUCCESS. dag_id=DataPipeline, task_id=download_data_from_gcp, run_id=manual__2024-10-23T02:43:34.733175+00:00, execution_date=20241023T024334, start_date=20241023T024337, end_date=20241023T024338
[2024-10-23T02:43:38.806+0000] {local_task_job_runner.py:240} INFO - Task exited with return code 0
[2024-10-23T02:43:38.835+0000] {taskinstance.py:3503} INFO - 1 downstream tasks scheduled from follow-on schedule check
[2024-10-23T02:43:38.838+0000] {local_task_job_runner.py:222} INFO - ::endgroup::
