[2024-10-26T07:40:40.420+0000] {local_task_job_runner.py:120} INFO - ::group::Pre task execution logs
[2024-10-26T07:40:40.429+0000] {taskinstance.py:2076} INFO - Dependencies all met for dep_context=non-requeueable deps ti=<TaskInstance: DataPipeline.datatype_format manual__2024-10-26T07:40:35.824090+00:00 [queued]>
[2024-10-26T07:40:40.432+0000] {taskinstance.py:2076} INFO - Dependencies all met for dep_context=requeueable deps ti=<TaskInstance: DataPipeline.datatype_format manual__2024-10-26T07:40:35.824090+00:00 [queued]>
[2024-10-26T07:40:40.432+0000] {taskinstance.py:2306} INFO - Starting attempt 1 of 3
[2024-10-26T07:40:40.445+0000] {taskinstance.py:2330} INFO - Executing <Task(PythonOperator): datatype_format> on 2024-10-26 07:40:35.824090+00:00
[2024-10-26T07:40:40.451+0000] {warnings.py:112} WARNING - /home/***/.local/lib/python3.12/site-packages/***/task/task_runner/standard_task_runner.py:61: DeprecationWarning: This process (pid=958) is multi-threaded, use of fork() may lead to deadlocks in the child.
  pid = os.fork()

[2024-10-26T07:40:40.452+0000] {standard_task_runner.py:63} INFO - Started process 960 to run task
[2024-10-26T07:40:40.453+0000] {standard_task_runner.py:90} INFO - Running: ['***', 'tasks', 'run', 'DataPipeline', 'datatype_format', 'manual__2024-10-26T07:40:35.824090+00:00', '--job-id', '122', '--raw', '--subdir', 'DAGS_FOLDER/src/***.py', '--cfg-path', '/tmp/tmpnz508pf4']
[2024-10-26T07:40:40.455+0000] {standard_task_runner.py:91} INFO - Job 122: Subtask datatype_format
[2024-10-26T07:40:40.490+0000] {task_command.py:426} INFO - Running <TaskInstance: DataPipeline.datatype_format manual__2024-10-26T07:40:35.824090+00:00 [running]> on host 7e8a88eeae3d
[2024-10-26T07:40:40.527+0000] {taskinstance.py:2648} INFO - Exporting env vars: AIRFLOW_CTX_DAG_OWNER='MLopsProjectGroup6' AIRFLOW_CTX_DAG_ID='DataPipeline' AIRFLOW_CTX_TASK_ID='datatype_format' AIRFLOW_CTX_EXECUTION_DATE='2024-10-26T07:40:35.824090+00:00' AIRFLOW_CTX_TRY_NUMBER='1' AIRFLOW_CTX_DAG_RUN_ID='manual__2024-10-26T07:40:35.824090+00:00'
[2024-10-26T07:40:40.528+0000] {taskinstance.py:430} INFO - ::endgroup::
[2024-10-26T07:40:40.536+0000] {datatype_format.py:65} INFO - Starting data processing
[2024-10-26T07:40:40.536+0000] {datatype_format.py:66} INFO - Input file: /opt/***/data/processed/processed_data.pkl
[2024-10-26T07:40:40.545+0000] {datatype_format.py:83} INFO - Loaded data from /opt/***/data/processed/processed_data.pkl with shape (45211, 1)
[2024-10-26T07:40:40.545+0000] {datatype_format.py:33} INFO - Checking data types of the dataset.
[2024-10-26T07:40:40.549+0000] {datatype_format.py:38} INFO - Saved BEFORE conversion data type information to /opt/***/data/processed/datatype_info_before.csv
[2024-10-26T07:40:40.563+0000] {datatype_format.py:53} INFO - Saved AFTER conversion data type information to /opt/***/data/processed/datatype_info_after.csv
[2024-10-26T07:40:40.573+0000] {datatype_format.py:93} INFO - Processed data saved as pickle at /opt/***/data/processed/datatype_format_processed.pkl
[2024-10-26T07:40:40.573+0000] {datatype_format.py:95} INFO - Data processing completed successfully
[2024-10-26T07:40:40.573+0000] {python.py:237} INFO - Done. Returned value was: /opt/***/data/processed/datatype_format_processed.pkl
[2024-10-26T07:40:40.573+0000] {taskinstance.py:441} INFO - ::group::Post task execution logs
[2024-10-26T07:40:40.585+0000] {taskinstance.py:1206} INFO - Marking task as SUCCESS. dag_id=DataPipeline, task_id=datatype_format, run_id=manual__2024-10-26T07:40:35.824090+00:00, execution_date=20241026T074035, start_date=20241026T074040, end_date=20241026T074040
[2024-10-26T07:40:40.594+0000] {local_task_job_runner.py:240} INFO - Task exited with return code 0
[2024-10-26T07:40:40.600+0000] {taskinstance.py:3503} INFO - 0 downstream tasks scheduled from follow-on schedule check
[2024-10-26T07:40:40.601+0000] {local_task_job_runner.py:222} INFO - ::endgroup::
