2024-10-26 09:02:31,523 - INFO - Starting data processing
2024-10-26 09:02:31,528 - INFO - Input file:       age,job,marital,education,default,balance,housing,loan,contact,day,month,duration,campaign,pdays,previous,poutcome,y
0      58,management,married,tertiary,no,2143,yes,no,...                                                                  
1      44,technician,single,secondary,no,29,yes,no,un...                                                                  
2      33,entrepreneur,married,secondary,no,2,yes,yes...                                                                  
3      47,blue-collar,married,unknown,no,1506,yes,no,...                                                                  
4      33,unknown,single,unknown,no,1,no,no,unknown,5...                                                                  
...                                                  ...                                                                  
45206  51,technician,married,tertiary,no,825,no,no,ce...                                                                  
45207  71,retired,divorced,primary,no,1729,no,no,cell...                                                                  
45208  72,retired,married,secondary,no,5715,no,no,cel...                                                                  
45209  57,blue-collar,married,secondary,no,668,no,no,...                                                                  
45210  37,entrepreneur,married,secondary,no,2971,no,n...                                                                  

[45211 rows x 1 columns]
2024-10-26 09:02:31,529 - ERROR - An unexpected error occurred during data processing: stat: path should be string, bytes, os.PathLike or integer, not DataFrame
2024-10-26 09:02:44,335 - INFO - Starting data download process
2024-10-26 09:02:44,336 - ERROR - An unexpected error occurred: File /opt/airflow/config/key.json was not found.
2024-10-26 09:02:45,808 - INFO - Starting data loading process
2024-10-26 09:02:45,809 - INFO - Using pickle file: None
2024-10-26 09:02:45,809 - ERROR - Pickle file not found: None
2024-10-26 09:02:47,433 - INFO - Starting data processing
2024-10-26 09:02:47,439 - INFO - Input file:       age,job,marital,education,default,balance,housing,loan,contact,day,month,duration,campaign,pdays,previous,poutcome,y
0      58,management,married,tertiary,no,2143,yes,no,...                                                                  
1      44,technician,single,secondary,no,29,yes,no,un...                                                                  
2      33,entrepreneur,married,secondary,no,2,yes,yes...                                                                  
3      47,blue-collar,married,unknown,no,1506,yes,no,...                                                                  
4      33,unknown,single,unknown,no,1,no,no,unknown,5...                                                                  
...                                                  ...                                                                  
45206  51,technician,married,tertiary,no,825,no,no,ce...                                                                  
45207  71,retired,divorced,primary,no,1729,no,no,cell...                                                                  
45208  72,retired,married,secondary,no,5715,no,no,cel...                                                                  
45209  57,blue-collar,married,secondary,no,668,no,no,...                                                                  
45210  37,entrepreneur,married,secondary,no,2971,no,n...                                                                  

[45211 rows x 1 columns]
2024-10-26 09:02:47,440 - ERROR - An unexpected error occurred during data processing: stat: path should be string, bytes, os.PathLike or integer, not DataFrame
