[2024-10-23T20:09:47.259+0000] {local_task_job_runner.py:120} INFO - ::group::Pre task execution logs
[2024-10-23T20:09:47.275+0000] {taskinstance.py:2076} INFO - Dependencies all met for dep_context=non-requeueable deps ti=<TaskInstance: DataPipeline.load_data manual__2024-10-23T20:09:44.287038+00:00 [queued]>
[2024-10-23T20:09:47.281+0000] {taskinstance.py:2076} INFO - Dependencies all met for dep_context=requeueable deps ti=<TaskInstance: DataPipeline.load_data manual__2024-10-23T20:09:44.287038+00:00 [queued]>
[2024-10-23T20:09:47.282+0000] {taskinstance.py:2306} INFO - Starting attempt 1 of 3
[2024-10-23T20:09:47.292+0000] {taskinstance.py:2330} INFO - Executing <Task(PythonOperator): load_data> on 2024-10-23 20:09:44.287038+00:00
[2024-10-23T20:09:47.298+0000] {warnings.py:112} WARNING - /home/***/.local/lib/python3.12/site-packages/***/task/task_runner/standard_task_runner.py:61: DeprecationWarning: This process (pid=3722) is multi-threaded, use of fork() may lead to deadlocks in the child.
  pid = os.fork()

[2024-10-23T20:09:47.299+0000] {standard_task_runner.py:63} INFO - Started process 3724 to run task
[2024-10-23T20:09:47.299+0000] {standard_task_runner.py:90} INFO - Running: ['***', 'tasks', 'run', 'DataPipeline', 'load_data', 'manual__2024-10-23T20:09:44.287038+00:00', '--job-id', '98', '--raw', '--subdir', 'DAGS_FOLDER/src/***.py', '--cfg-path', '/tmp/tmp370ru3uq']
[2024-10-23T20:09:47.301+0000] {standard_task_runner.py:91} INFO - Job 98: Subtask load_data
[2024-10-23T20:09:47.338+0000] {task_command.py:426} INFO - Running <TaskInstance: DataPipeline.load_data manual__2024-10-23T20:09:44.287038+00:00 [running]> on host 6c58daef65ee
[2024-10-23T20:09:47.411+0000] {taskinstance.py:2648} INFO - Exporting env vars: AIRFLOW_CTX_DAG_OWNER='MLopsProjectGroup6' AIRFLOW_CTX_DAG_ID='DataPipeline' AIRFLOW_CTX_TASK_ID='load_data' AIRFLOW_CTX_EXECUTION_DATE='2024-10-23T20:09:44.287038+00:00' AIRFLOW_CTX_TRY_NUMBER='1' AIRFLOW_CTX_DAG_RUN_ID='manual__2024-10-23T20:09:44.287038+00:00'
[2024-10-23T20:09:47.412+0000] {taskinstance.py:430} INFO - ::endgroup::
[2024-10-23T20:09:47.428+0000] {LoadData.py:26} INFO - Project directory fetched successfully
[2024-10-23T20:09:47.460+0000] {LoadData.py:31} INFO - Pickle file loaded successfully
[2024-10-23T20:09:47.870+0000] {LoadData.py:40} INFO - Data saved as CSV to the output file path folder
[2024-10-23T20:09:47.871+0000] {python.py:237} INFO - Done. Returned value was: /opt/***/data/processed/raw_data.csv
[2024-10-23T20:09:47.872+0000] {taskinstance.py:441} INFO - ::group::Post task execution logs
[2024-10-23T20:09:47.888+0000] {taskinstance.py:1206} INFO - Marking task as SUCCESS. dag_id=DataPipeline, task_id=load_data, run_id=manual__2024-10-23T20:09:44.287038+00:00, execution_date=20241023T200944, start_date=20241023T200947, end_date=20241023T200947
[2024-10-23T20:09:47.916+0000] {local_task_job_runner.py:240} INFO - Task exited with return code 0
[2024-10-23T20:09:47.931+0000] {taskinstance.py:3503} INFO - 1 downstream tasks scheduled from follow-on schedule check
[2024-10-23T20:09:47.933+0000] {local_task_job_runner.py:222} INFO - ::endgroup::
