[2024-10-23T02:29:04.937+0000] {local_task_job_runner.py:120} INFO - ::group::Pre task execution logs
[2024-10-23T02:29:04.967+0000] {taskinstance.py:2076} INFO - Dependencies all met for dep_context=non-requeueable deps ti=<TaskInstance: DataPipeline.download_data_from_gcp manual__2024-10-23T02:29:00.723085+00:00 [queued]>
[2024-10-23T02:29:04.977+0000] {taskinstance.py:2076} INFO - Dependencies all met for dep_context=requeueable deps ti=<TaskInstance: DataPipeline.download_data_from_gcp manual__2024-10-23T02:29:00.723085+00:00 [queued]>
[2024-10-23T02:29:04.979+0000] {taskinstance.py:2306} INFO - Starting attempt 1 of 3
[2024-10-23T02:29:04.995+0000] {taskinstance.py:2330} INFO - Executing <Task(PythonOperator): download_data_from_gcp> on 2024-10-23 02:29:00.723085+00:00
[2024-10-23T02:29:05.003+0000] {warnings.py:112} WARNING - /home/***/.local/lib/python3.12/site-packages/***/task/task_runner/standard_task_runner.py:61: DeprecationWarning: This process (pid=71) is multi-threaded, use of fork() may lead to deadlocks in the child.
  pid = os.fork()

[2024-10-23T02:29:05.007+0000] {standard_task_runner.py:63} INFO - Started process 73 to run task
[2024-10-23T02:29:05.007+0000] {standard_task_runner.py:90} INFO - Running: ['***', 'tasks', 'run', 'DataPipeline', 'download_data_from_gcp', 'manual__2024-10-23T02:29:00.723085+00:00', '--job-id', '3', '--raw', '--subdir', 'DAGS_FOLDER/src/***.py', '--cfg-path', '/tmp/tmp80ax7at0']
[2024-10-23T02:29:05.011+0000] {standard_task_runner.py:91} INFO - Job 3: Subtask download_data_from_gcp
[2024-10-23T02:29:05.072+0000] {task_command.py:426} INFO - Running <TaskInstance: DataPipeline.download_data_from_gcp manual__2024-10-23T02:29:00.723085+00:00 [running]> on host c908af88bc98
[2024-10-23T02:29:05.201+0000] {taskinstance.py:2648} INFO - Exporting env vars: AIRFLOW_CTX_DAG_OWNER='MLopsProjectGroup6' AIRFLOW_CTX_DAG_ID='DataPipeline' AIRFLOW_CTX_TASK_ID='download_data_from_gcp' AIRFLOW_CTX_EXECUTION_DATE='2024-10-23T02:29:00.723085+00:00' AIRFLOW_CTX_TRY_NUMBER='1' AIRFLOW_CTX_DAG_RUN_ID='manual__2024-10-23T02:29:00.723085+00:00'
[2024-10-23T02:29:05.203+0000] {taskinstance.py:430} INFO - ::endgroup::
[2024-10-23T02:29:05.259+0000] {DownloadData.py:30} INFO - Project directory fetched successfully
[2024-10-23T02:29:06.258+0000] {DownloadData.py:56} INFO - Latest file files/md5/f6/cb2c1256ffe2836b36df321f46e92c downloaded from GCS.
[2024-10-23T02:29:06.264+0000] {DownloadData.py:63} INFO - File content pickled and saved as /opt/***/data/processed/raw_data.pkl.
[2024-10-23T02:29:06.265+0000] {python.py:237} INFO - Done. Returned value was: True
[2024-10-23T02:29:06.266+0000] {taskinstance.py:441} INFO - ::group::Post task execution logs
[2024-10-23T02:29:06.288+0000] {taskinstance.py:1206} INFO - Marking task as SUCCESS. dag_id=DataPipeline, task_id=download_data_from_gcp, run_id=manual__2024-10-23T02:29:00.723085+00:00, execution_date=20241023T022900, start_date=20241023T022904, end_date=20241023T022906
[2024-10-23T02:29:06.308+0000] {local_task_job_runner.py:240} INFO - Task exited with return code 0
[2024-10-23T02:29:06.325+0000] {taskinstance.py:3503} INFO - 0 downstream tasks scheduled from follow-on schedule check
[2024-10-23T02:29:06.328+0000] {local_task_job_runner.py:222} INFO - ::endgroup::
