[2024-10-26T07:38:32.239+0000] {local_task_job_runner.py:120} INFO - ::group::Pre task execution logs
[2024-10-26T07:38:32.247+0000] {taskinstance.py:2076} INFO - Dependencies all met for dep_context=non-requeueable deps ti=<TaskInstance: DataPipeline.datatype_format manual__2024-10-26T07:38:27.589085+00:00 [queued]>
[2024-10-26T07:38:32.250+0000] {taskinstance.py:2076} INFO - Dependencies all met for dep_context=requeueable deps ti=<TaskInstance: DataPipeline.datatype_format manual__2024-10-26T07:38:27.589085+00:00 [queued]>
[2024-10-26T07:38:32.250+0000] {taskinstance.py:2306} INFO - Starting attempt 1 of 3
[2024-10-26T07:38:32.254+0000] {taskinstance.py:2330} INFO - Executing <Task(PythonOperator): datatype_format> on 2024-10-26 07:38:27.589085+00:00
[2024-10-26T07:38:32.257+0000] {warnings.py:112} WARNING - /home/***/.local/lib/python3.12/site-packages/***/task/task_runner/standard_task_runner.py:61: DeprecationWarning: This process (pid=906) is multi-threaded, use of fork() may lead to deadlocks in the child.
  pid = os.fork()

[2024-10-26T07:38:32.258+0000] {standard_task_runner.py:63} INFO - Started process 908 to run task
[2024-10-26T07:38:32.258+0000] {standard_task_runner.py:90} INFO - Running: ['***', 'tasks', 'run', 'DataPipeline', 'datatype_format', 'manual__2024-10-26T07:38:27.589085+00:00', '--job-id', '114', '--raw', '--subdir', 'DAGS_FOLDER/src/***.py', '--cfg-path', '/tmp/tmpz094us70']
[2024-10-26T07:38:32.259+0000] {standard_task_runner.py:91} INFO - Job 114: Subtask datatype_format
[2024-10-26T07:38:32.279+0000] {task_command.py:426} INFO - Running <TaskInstance: DataPipeline.datatype_format manual__2024-10-26T07:38:27.589085+00:00 [running]> on host 7e8a88eeae3d
[2024-10-26T07:38:32.318+0000] {taskinstance.py:2648} INFO - Exporting env vars: AIRFLOW_CTX_DAG_OWNER='MLopsProjectGroup6' AIRFLOW_CTX_DAG_ID='DataPipeline' AIRFLOW_CTX_TASK_ID='datatype_format' AIRFLOW_CTX_EXECUTION_DATE='2024-10-26T07:38:27.589085+00:00' AIRFLOW_CTX_TRY_NUMBER='1' AIRFLOW_CTX_DAG_RUN_ID='manual__2024-10-26T07:38:27.589085+00:00'
[2024-10-26T07:38:32.318+0000] {taskinstance.py:430} INFO - ::endgroup::
[2024-10-26T07:38:32.323+0000] {datatype_format.py:65} INFO - Starting data processing
[2024-10-26T07:38:32.324+0000] {datatype_format.py:66} INFO - Input file: /opt/***/data/processed/processed_data.pkl
[2024-10-26T07:38:32.330+0000] {datatype_format.py:83} INFO - Loaded data from /opt/***/data/processed/processed_data.pkl with shape (45211, 1)
[2024-10-26T07:38:32.330+0000] {datatype_format.py:33} INFO - Checking data types of the dataset.
[2024-10-26T07:38:32.332+0000] {datatype_format.py:38} INFO - Saved BEFORE conversion data type information to /opt/***/dags/data/processed/datatype_info_before.csv
[2024-10-26T07:38:32.345+0000] {datatype_format.py:53} INFO - Saved AFTER conversion data type information to /opt/***/dags/data/processed/datatype_info_after.csv
[2024-10-26T07:38:32.357+0000] {datatype_format.py:93} INFO - Processed data saved as pickle at /opt/***/dags/data/processed/datatype_format_processed.pkl
[2024-10-26T07:38:32.357+0000] {datatype_format.py:95} INFO - Data processing completed successfully
[2024-10-26T07:38:32.358+0000] {python.py:237} INFO - Done. Returned value was: /opt/***/dags/data/processed/datatype_format_processed.pkl
[2024-10-26T07:38:32.358+0000] {taskinstance.py:441} INFO - ::group::Post task execution logs
[2024-10-26T07:38:32.369+0000] {taskinstance.py:1206} INFO - Marking task as SUCCESS. dag_id=DataPipeline, task_id=datatype_format, run_id=manual__2024-10-26T07:38:27.589085+00:00, execution_date=20241026T073827, start_date=20241026T073832, end_date=20241026T073832
[2024-10-26T07:38:32.399+0000] {local_task_job_runner.py:240} INFO - Task exited with return code 0
[2024-10-26T07:38:32.407+0000] {taskinstance.py:3503} INFO - 0 downstream tasks scheduled from follow-on schedule check
[2024-10-26T07:38:32.407+0000] {local_task_job_runner.py:222} INFO - ::endgroup::
