[2024-10-26T09:17:33.885+0000] {local_task_job_runner.py:120} INFO - ::group::Pre task execution logs
[2024-10-26T09:17:33.899+0000] {taskinstance.py:2076} INFO - Dependencies all met for dep_context=non-requeueable deps ti=<TaskInstance: DataPipeline.download_data_from_gcp manual__2024-10-26T09:17:31.671267+00:00 [queued]>
[2024-10-26T09:17:33.902+0000] {taskinstance.py:2076} INFO - Dependencies all met for dep_context=requeueable deps ti=<TaskInstance: DataPipeline.download_data_from_gcp manual__2024-10-26T09:17:31.671267+00:00 [queued]>
[2024-10-26T09:17:33.902+0000] {taskinstance.py:2306} INFO - Starting attempt 1 of 3
[2024-10-26T09:17:33.908+0000] {taskinstance.py:2330} INFO - Executing <Task(PythonOperator): download_data_from_gcp> on 2024-10-26 09:17:31.671267+00:00
[2024-10-26T09:17:33.913+0000] {warnings.py:112} WARNING - /home/***/.local/lib/python3.12/site-packages/***/task/task_runner/standard_task_runner.py:61: DeprecationWarning: This process (pid=211) is multi-threaded, use of fork() may lead to deadlocks in the child.
  pid = os.fork()

[2024-10-26T09:17:33.914+0000] {standard_task_runner.py:63} INFO - Started process 213 to run task
[2024-10-26T09:17:33.914+0000] {standard_task_runner.py:90} INFO - Running: ['***', 'tasks', 'run', 'DataPipeline', 'download_data_from_gcp', 'manual__2024-10-26T09:17:31.671267+00:00', '--job-id', '175', '--raw', '--subdir', 'DAGS_FOLDER/src/***.py', '--cfg-path', '/tmp/tmp4yeromp9']
[2024-10-26T09:17:33.915+0000] {standard_task_runner.py:91} INFO - Job 175: Subtask download_data_from_gcp
[2024-10-26T09:17:33.936+0000] {task_command.py:426} INFO - Running <TaskInstance: DataPipeline.download_data_from_gcp manual__2024-10-26T09:17:31.671267+00:00 [running]> on host 558a41ea7330
[2024-10-26T09:17:33.973+0000] {taskinstance.py:2648} INFO - Exporting env vars: AIRFLOW_CTX_DAG_OWNER='MLopsProjectGroup6' AIRFLOW_CTX_DAG_ID='DataPipeline' AIRFLOW_CTX_TASK_ID='download_data_from_gcp' AIRFLOW_CTX_EXECUTION_DATE='2024-10-26T09:17:31.671267+00:00' AIRFLOW_CTX_TRY_NUMBER='1' AIRFLOW_CTX_DAG_RUN_ID='manual__2024-10-26T09:17:31.671267+00:00'
[2024-10-26T09:17:33.974+0000] {taskinstance.py:430} INFO - ::endgroup::
[2024-10-26T09:17:33.983+0000] {DownloadData.py:31} INFO - Starting data download process
[2024-10-26T09:17:33.983+0000] {DownloadData.py:32} INFO - Starting data download process
[2024-10-26T09:17:33.985+0000] {DownloadData.py:34} ERROR - An unexpected error occurred: File /opt/***/config/key.json was not found.
[2024-10-26T09:17:33.985+0000] {DownloadData.py:35} ERROR - An unexpected error occurred: File /opt/***/config/key.json was not found.
[2024-10-26T09:17:33.985+0000] {python.py:237} INFO - Done. Returned value was: None
[2024-10-26T09:17:33.985+0000] {taskinstance.py:441} INFO - ::group::Post task execution logs
[2024-10-26T09:17:33.991+0000] {taskinstance.py:1206} INFO - Marking task as SUCCESS. dag_id=DataPipeline, task_id=download_data_from_gcp, run_id=manual__2024-10-26T09:17:31.671267+00:00, execution_date=20241026T091731, start_date=20241026T091733, end_date=20241026T091733
[2024-10-26T09:17:34.016+0000] {local_task_job_runner.py:240} INFO - Task exited with return code 0
[2024-10-26T09:17:34.028+0000] {taskinstance.py:3503} INFO - 1 downstream tasks scheduled from follow-on schedule check
[2024-10-26T09:17:34.029+0000] {local_task_job_runner.py:222} INFO - ::endgroup::
