[2024-10-22T22:21:12.863+0000] {manager.py:470} INFO - Processing files using up to 2 processes at a time 
[2024-10-22T22:21:12.864+0000] {manager.py:471} INFO - Process each file at most once every 30 seconds
[2024-10-22T22:21:12.865+0000] {manager.py:472} INFO - Checking for new files in /opt/airflow/dags every 300 seconds
[2024-10-22T22:21:12.866+0000] {manager.py:737} INFO - Searching for files in /opt/airflow/dags
[2024-10-22T22:21:12.971+0000] {manager.py:740} INFO - There are 1 files in /opt/airflow/dags
[2024-10-22T22:21:13.039+0000] {manager.py:878} INFO - 
================================================================================
DAG File Processing Stats

File Path                           PID  Runtime      # DAGs    # Errors  Last Runtime    Last Run
--------------------------------  -----  ---------  --------  ----------  --------------  ----------
/opt/airflow/dags/src/airflow.py     38  0.03s             0           0
================================================================================
[2024-10-22T22:21:43.226+0000] {manager.py:878} INFO - 
================================================================================
DAG File Processing Stats

File Path                         PID    Runtime      # DAGs    # Errors  Last Runtime    Last Run
--------------------------------  -----  ---------  --------  ----------  --------------  -------------------
/opt/airflow/dags/src/airflow.py                           1           0  2.41s           2024-10-22T22:21:15
================================================================================
[2024-10-22T22:22:13.445+0000] {manager.py:878} INFO - 
================================================================================
DAG File Processing Stats

File Path                         PID    Runtime      # DAGs    # Errors  Last Runtime    Last Run
--------------------------------  -----  ---------  --------  ----------  --------------  -------------------
/opt/airflow/dags/src/airflow.py                           1           0  0.56s           2024-10-22T22:21:46
================================================================================
[2024-10-22T22:22:44.123+0000] {manager.py:878} INFO - 
================================================================================
DAG File Processing Stats

File Path                         PID    Runtime      # DAGs    # Errors  Last Runtime    Last Run
--------------------------------  -----  ---------  --------  ----------  --------------  -------------------
/opt/airflow/dags/src/airflow.py                           1           0  0.51s           2024-10-22T22:22:16
================================================================================
[2024-10-22T22:23:14.390+0000] {manager.py:878} INFO - 
================================================================================
DAG File Processing Stats

File Path                         PID    Runtime      # DAGs    # Errors  Last Runtime    Last Run
--------------------------------  -----  ---------  --------  ----------  --------------  -------------------
/opt/airflow/dags/src/airflow.py                           1           0  0.62s           2024-10-22T22:22:47
================================================================================
[2024-10-22T22:23:44.610+0000] {manager.py:878} INFO - 
================================================================================
DAG File Processing Stats

File Path                         PID    Runtime      # DAGs    # Errors  Last Runtime    Last Run
--------------------------------  -----  ---------  --------  ----------  --------------  -------------------
/opt/airflow/dags/src/airflow.py                           1           0  0.50s           2024-10-22T22:23:18
================================================================================
[2024-10-22T22:24:14.953+0000] {manager.py:878} INFO - 
================================================================================
DAG File Processing Stats

File Path                         PID    Runtime      # DAGs    # Errors  Last Runtime    Last Run
--------------------------------  -----  ---------  --------  ----------  --------------  -------------------
/opt/airflow/dags/src/airflow.py                           1           0  0.48s           2024-10-22T22:23:49
================================================================================
[2024-10-22T22:24:45.051+0000] {manager.py:878} INFO - 
================================================================================
DAG File Processing Stats

File Path                         PID    Runtime      # DAGs    # Errors  Last Runtime    Last Run
--------------------------------  -----  ---------  --------  ----------  --------------  -------------------
/opt/airflow/dags/src/airflow.py                           1           0  0.47s           2024-10-22T22:24:19
================================================================================
[2024-10-22T22:25:15.357+0000] {manager.py:878} INFO - 
================================================================================
DAG File Processing Stats

File Path                         PID    Runtime      # DAGs    # Errors  Last Runtime    Last Run
--------------------------------  -----  ---------  --------  ----------  --------------  -------------------
/opt/airflow/dags/src/airflow.py                           1           0  0.49s           2024-10-22T22:24:50
================================================================================
[2024-10-22T22:25:45.587+0000] {manager.py:878} INFO - 
================================================================================
DAG File Processing Stats

File Path                         PID    Runtime      # DAGs    # Errors  Last Runtime    Last Run
--------------------------------  -----  ---------  --------  ----------  --------------  -------------------
/opt/airflow/dags/src/airflow.py                           1           0  0.50s           2024-10-22T22:25:21
================================================================================
[2024-10-22T22:26:13.268+0000] {manager.py:737} INFO - Searching for files in /opt/airflow/dags
[2024-10-22T22:26:13.377+0000] {manager.py:740} INFO - There are 1 files in /opt/airflow/dags
[2024-10-22T22:26:15.877+0000] {manager.py:878} INFO - 
================================================================================
DAG File Processing Stats

File Path                         PID    Runtime      # DAGs    # Errors  Last Runtime    Last Run
--------------------------------  -----  ---------  --------  ----------  --------------  -------------------
/opt/airflow/dags/src/airflow.py                           1           0  0.44s           2024-10-22T22:25:52
================================================================================
[2024-10-22T22:26:46.098+0000] {manager.py:878} INFO - 
================================================================================
DAG File Processing Stats

File Path                         PID    Runtime      # DAGs    # Errors  Last Runtime    Last Run
--------------------------------  -----  ---------  --------  ----------  --------------  -------------------
/opt/airflow/dags/src/airflow.py                           1           0  0.43s           2024-10-22T22:26:22
================================================================================
[2024-10-22T22:27:16.357+0000] {manager.py:878} INFO - 
================================================================================
DAG File Processing Stats

File Path                         PID    Runtime      # DAGs    # Errors  Last Runtime    Last Run
--------------------------------  -----  ---------  --------  ----------  --------------  -------------------
/opt/airflow/dags/src/airflow.py                           1           0  0.52s           2024-10-22T22:26:53
================================================================================
[2024-10-22T22:27:46.645+0000] {manager.py:878} INFO - 
================================================================================
DAG File Processing Stats

File Path                         PID    Runtime      # DAGs    # Errors  Last Runtime    Last Run
--------------------------------  -----  ---------  --------  ----------  --------------  -------------------
/opt/airflow/dags/src/airflow.py                           1           0  0.50s           2024-10-22T22:27:24
================================================================================
[2024-10-22T22:28:16.957+0000] {manager.py:878} INFO - 
================================================================================
DAG File Processing Stats

File Path                         PID    Runtime      # DAGs    # Errors  Last Runtime    Last Run
--------------------------------  -----  ---------  --------  ----------  --------------  -------------------
/opt/airflow/dags/src/airflow.py                           1           0  0.41s           2024-10-22T22:27:55
================================================================================
[2024-10-22T22:28:47.102+0000] {manager.py:878} INFO - 
================================================================================
DAG File Processing Stats

File Path                         PID    Runtime      # DAGs    # Errors  Last Runtime    Last Run
--------------------------------  -----  ---------  --------  ----------  --------------  -------------------
/opt/airflow/dags/src/airflow.py                           1           0  0.53s           2024-10-22T22:28:25
================================================================================
[2024-10-22T22:29:17.867+0000] {manager.py:878} INFO - 
================================================================================
DAG File Processing Stats

File Path                         PID    Runtime      # DAGs    # Errors  Last Runtime    Last Run
--------------------------------  -----  ---------  --------  ----------  --------------  -------------------
/opt/airflow/dags/src/airflow.py                           1           0  0.54s           2024-10-22T22:28:56
================================================================================
[2024-10-22T22:29:48.187+0000] {manager.py:878} INFO - 
================================================================================
DAG File Processing Stats

File Path                         PID    Runtime      # DAGs    # Errors  Last Runtime    Last Run
--------------------------------  -----  ---------  --------  ----------  --------------  -------------------
/opt/airflow/dags/src/airflow.py                           1           0  0.43s           2024-10-22T22:29:27
================================================================================
[2024-10-22T22:30:18.314+0000] {manager.py:878} INFO - 
================================================================================
DAG File Processing Stats

File Path                         PID    Runtime      # DAGs    # Errors  Last Runtime    Last Run
--------------------------------  -----  ---------  --------  ----------  --------------  -------------------
/opt/airflow/dags/src/airflow.py                           1           0  0.48s           2024-10-22T22:29:58
================================================================================
[2024-10-22T22:30:49.080+0000] {manager.py:878} INFO - 
================================================================================
DAG File Processing Stats

File Path                         PID    Runtime      # DAGs    # Errors  Last Runtime    Last Run
--------------------------------  -----  ---------  --------  ----------  --------------  -------------------
/opt/airflow/dags/src/airflow.py                           1           0  0.66s           2024-10-22T22:30:25
================================================================================
[2024-10-22T22:31:13.454+0000] {manager.py:737} INFO - Searching for files in /opt/airflow/dags
[2024-10-22T22:31:13.546+0000] {manager.py:740} INFO - There are 1 files in /opt/airflow/dags
[2024-10-22T22:31:19.609+0000] {manager.py:878} INFO - 
================================================================================
DAG File Processing Stats

File Path                         PID    Runtime      # DAGs    # Errors  Last Runtime    Last Run
--------------------------------  -----  ---------  --------  ----------  --------------  -------------------
/opt/airflow/dags/src/airflow.py                           1           0  0.44s           2024-10-22T22:30:55
================================================================================
[2024-10-22T22:31:43.598+0000] {manager.py:452} INFO - Exiting gracefully upon receiving signal 15
[2024-10-22T22:32:51.006+0000] {manager.py:470} INFO - Processing files using up to 2 processes at a time 
[2024-10-22T22:32:51.007+0000] {manager.py:471} INFO - Process each file at most once every 30 seconds
[2024-10-22T22:32:51.008+0000] {manager.py:472} INFO - Checking for new files in /opt/airflow/dags every 300 seconds
[2024-10-22T22:32:51.009+0000] {manager.py:737} INFO - Searching for files in /opt/airflow/dags
[2024-10-22T22:32:51.122+0000] {manager.py:740} INFO - There are 1 files in /opt/airflow/dags
[2024-10-22T22:32:51.204+0000] {manager.py:878} INFO - 
================================================================================
DAG File Processing Stats

File Path                           PID  Runtime      # DAGs    # Errors  Last Runtime    Last Run
--------------------------------  -----  ---------  --------  ----------  --------------  ----------
/opt/airflow/dags/src/airflow.py     38  0.03s             0           0
================================================================================
[2024-10-22T22:33:21.507+0000] {manager.py:878} INFO - 
================================================================================
DAG File Processing Stats

File Path                         PID    Runtime      # DAGs    # Errors  Last Runtime    Last Run
--------------------------------  -----  ---------  --------  ----------  --------------  -------------------
/opt/airflow/dags/src/airflow.py                           1           0  1.55s           2024-10-22T22:32:52
================================================================================
[2024-10-22T22:33:51.656+0000] {manager.py:878} INFO - 
================================================================================
DAG File Processing Stats

File Path                         PID    Runtime      # DAGs    # Errors  Last Runtime    Last Run
--------------------------------  -----  ---------  --------  ----------  --------------  -------------------
/opt/airflow/dags/src/airflow.py                           1           0  0.45s           2024-10-22T22:33:23
================================================================================
[2024-10-22T22:34:22.067+0000] {manager.py:878} INFO - 
================================================================================
DAG File Processing Stats

File Path                         PID    Runtime      # DAGs    # Errors  Last Runtime    Last Run
--------------------------------  -----  ---------  --------  ----------  --------------  -------------------
/opt/airflow/dags/src/airflow.py                           1           0  0.48s           2024-10-22T22:33:54
================================================================================
[2024-10-22T22:34:52.069+0000] {manager.py:878} INFO - 
================================================================================
DAG File Processing Stats

File Path                         PID    Runtime      # DAGs    # Errors  Last Runtime    Last Run
--------------------------------  -----  ---------  --------  ----------  --------------  -------------------
/opt/airflow/dags/src/airflow.py                           1           0  0.47s           2024-10-22T22:34:24
================================================================================
[2024-10-22T22:35:22.306+0000] {manager.py:878} INFO - 
================================================================================
DAG File Processing Stats

File Path                         PID    Runtime      # DAGs    # Errors  Last Runtime    Last Run
--------------------------------  -----  ---------  --------  ----------  --------------  -------------------
/opt/airflow/dags/src/airflow.py                           1           0  0.56s           2024-10-22T22:34:55
================================================================================
[2024-10-22T22:35:52.552+0000] {manager.py:878} INFO - 
================================================================================
DAG File Processing Stats

File Path                         PID    Runtime      # DAGs    # Errors  Last Runtime    Last Run
--------------------------------  -----  ---------  --------  ----------  --------------  -------------------
/opt/airflow/dags/src/airflow.py                           1           0  0.45s           2024-10-22T22:35:26
================================================================================
[2024-10-22T22:36:23.109+0000] {manager.py:878} INFO - 
================================================================================
DAG File Processing Stats

File Path                         PID    Runtime      # DAGs    # Errors  Last Runtime    Last Run
--------------------------------  -----  ---------  --------  ----------  --------------  -------------------
/opt/airflow/dags/src/airflow.py                           1           0  0.52s           2024-10-22T22:35:57
================================================================================
[2024-10-22T22:36:53.676+0000] {manager.py:878} INFO - 
================================================================================
DAG File Processing Stats

File Path                         PID    Runtime      # DAGs    # Errors  Last Runtime    Last Run
--------------------------------  -----  ---------  --------  ----------  --------------  -------------------
/opt/airflow/dags/src/airflow.py                           1           0  0.49s           2024-10-22T22:36:27
================================================================================
[2024-10-22T22:37:24.186+0000] {manager.py:878} INFO - 
================================================================================
DAG File Processing Stats

File Path                         PID    Runtime      # DAGs    # Errors  Last Runtime    Last Run
--------------------------------  -----  ---------  --------  ----------  --------------  -------------------
/opt/airflow/dags/src/airflow.py                           1           0  0.41s           2024-10-22T22:36:58
================================================================================
[2024-10-22T22:37:51.617+0000] {manager.py:737} INFO - Searching for files in /opt/airflow/dags
[2024-10-22T22:37:51.702+0000] {manager.py:740} INFO - There are 1 files in /opt/airflow/dags
[2024-10-22T22:37:54.753+0000] {manager.py:878} INFO - 
================================================================================
DAG File Processing Stats

File Path                         PID    Runtime      # DAGs    # Errors  Last Runtime    Last Run
--------------------------------  -----  ---------  --------  ----------  --------------  -------------------
/opt/airflow/dags/src/airflow.py                           1           0  0.46s           2024-10-22T22:37:28
================================================================================
[2024-10-22T22:38:25.243+0000] {manager.py:878} INFO - 
================================================================================
DAG File Processing Stats

File Path                         PID    Runtime      # DAGs    # Errors  Last Runtime    Last Run
--------------------------------  -----  ---------  --------  ----------  --------------  -------------------
/opt/airflow/dags/src/airflow.py                           1           0  0.43s           2024-10-22T22:37:59
================================================================================
[2024-10-22T22:38:55.694+0000] {manager.py:878} INFO - 
================================================================================
DAG File Processing Stats

File Path                         PID    Runtime      # DAGs    # Errors  Last Runtime    Last Run
--------------------------------  -----  ---------  --------  ----------  --------------  -------------------
/opt/airflow/dags/src/airflow.py                           1           0  0.51s           2024-10-22T22:38:29
================================================================================
[2024-10-22T22:39:26.258+0000] {manager.py:878} INFO - 
================================================================================
DAG File Processing Stats

File Path                         PID    Runtime      # DAGs    # Errors  Last Runtime    Last Run
--------------------------------  -----  ---------  --------  ----------  --------------  -------------------
/opt/airflow/dags/src/airflow.py                           1           0  0.43s           2024-10-22T22:39:00
================================================================================
[2024-10-22T22:39:45.976+0000] {manager.py:452} INFO - Exiting gracefully upon receiving signal 15
[2024-10-23T01:17:46.504+0000] {manager.py:470} INFO - Processing files using up to 2 processes at a time 
[2024-10-23T01:17:46.506+0000] {manager.py:471} INFO - Process each file at most once every 30 seconds
[2024-10-23T01:17:46.507+0000] {manager.py:472} INFO - Checking for new files in /opt/airflow/dags every 300 seconds
[2024-10-23T01:17:46.508+0000] {manager.py:737} INFO - Searching for files in /opt/airflow/dags
[2024-10-23T01:17:46.737+0000] {manager.py:740} INFO - There are 1 files in /opt/airflow/dags
[2024-10-23T01:17:46.932+0000] {manager.py:878} INFO - 
================================================================================
DAG File Processing Stats

File Path                           PID  Runtime      # DAGs    # Errors  Last Runtime    Last Run
--------------------------------  -----  ---------  --------  ----------  --------------  ----------
/opt/airflow/dags/src/airflow.py     37  0.11s             0           0
================================================================================
[2024-10-23T01:18:17.219+0000] {manager.py:878} INFO - 
================================================================================
DAG File Processing Stats

File Path                         PID    Runtime      # DAGs    # Errors  Last Runtime    Last Run
--------------------------------  -----  ---------  --------  ----------  --------------  -------------------
/opt/airflow/dags/src/airflow.py                           1           0  4.24s           2024-10-23T01:17:51
================================================================================
[2024-10-23T01:18:47.462+0000] {manager.py:878} INFO - 
================================================================================
DAG File Processing Stats

File Path                         PID    Runtime      # DAGs    # Errors  Last Runtime    Last Run
--------------------------------  -----  ---------  --------  ----------  --------------  -------------------
/opt/airflow/dags/src/airflow.py                           1           0  0.93s           2024-10-23T01:18:22
================================================================================
[2024-10-23T01:19:17.805+0000] {manager.py:878} INFO - 
================================================================================
DAG File Processing Stats

File Path                         PID    Runtime      # DAGs    # Errors  Last Runtime    Last Run
--------------------------------  -----  ---------  --------  ----------  --------------  -------------------
/opt/airflow/dags/src/airflow.py                           1           0  1.02s           2024-10-23T01:18:53
================================================================================
[2024-10-23T01:19:48.201+0000] {manager.py:878} INFO - 
================================================================================
DAG File Processing Stats

File Path                         PID    Runtime      # DAGs    # Errors  Last Runtime    Last Run
--------------------------------  -----  ---------  --------  ----------  --------------  -------------------
/opt/airflow/dags/src/airflow.py                           1           0  0.98s           2024-10-23T01:19:24
================================================================================
[2024-10-23T01:20:18.540+0000] {manager.py:878} INFO - 
================================================================================
DAG File Processing Stats

File Path                         PID    Runtime      # DAGs    # Errors  Last Runtime    Last Run
--------------------------------  -----  ---------  --------  ----------  --------------  -------------------
/opt/airflow/dags/src/airflow.py                           1           0  1.04s           2024-10-23T01:19:56
================================================================================
[2024-10-23T01:20:29.971+0000] {manager.py:452} INFO - Exiting gracefully upon receiving signal 15
[2024-10-23T01:26:32.234+0000] {manager.py:470} INFO - Processing files using up to 2 processes at a time 
[2024-10-23T01:26:32.236+0000] {manager.py:471} INFO - Process each file at most once every 30 seconds
[2024-10-23T01:26:32.238+0000] {manager.py:472} INFO - Checking for new files in /opt/airflow/dags every 300 seconds
[2024-10-23T01:26:32.239+0000] {manager.py:737} INFO - Searching for files in /opt/airflow/dags
[2024-10-23T01:26:32.375+0000] {manager.py:740} INFO - There are 1 files in /opt/airflow/dags
[2024-10-23T01:26:32.588+0000] {manager.py:878} INFO - 
================================================================================
DAG File Processing Stats

File Path                           PID  Runtime      # DAGs    # Errors  Last Runtime    Last Run
--------------------------------  -----  ---------  --------  ----------  --------------  ----------
/opt/airflow/dags/src/airflow.py     38  0.14s             0           0
================================================================================
[2024-10-23T01:27:02.852+0000] {manager.py:878} INFO - 
================================================================================
DAG File Processing Stats

File Path                         PID    Runtime      # DAGs    # Errors  Last Runtime    Last Run
--------------------------------  -----  ---------  --------  ----------  --------------  -------------------
/opt/airflow/dags/src/airflow.py                           1           0  3.20s           2024-10-23T01:26:35
================================================================================
[2024-10-23T01:27:33.226+0000] {manager.py:878} INFO - 
================================================================================
DAG File Processing Stats

File Path                         PID    Runtime      # DAGs    # Errors  Last Runtime    Last Run
--------------------------------  -----  ---------  --------  ----------  --------------  -------------------
/opt/airflow/dags/src/airflow.py                           1           0  1.16s           2024-10-23T01:27:07
================================================================================
[2024-10-23T01:28:03.539+0000] {manager.py:878} INFO - 
================================================================================
DAG File Processing Stats

File Path                         PID    Runtime      # DAGs    # Errors  Last Runtime    Last Run
--------------------------------  -----  ---------  --------  ----------  --------------  -------------------
/opt/airflow/dags/src/airflow.py                           1           0  0.99s           2024-10-23T01:27:38
================================================================================
[2024-10-23T01:28:34.026+0000] {manager.py:878} INFO - 
================================================================================
DAG File Processing Stats

File Path                         PID    Runtime      # DAGs    # Errors  Last Runtime    Last Run
--------------------------------  -----  ---------  --------  ----------  --------------  -------------------
/opt/airflow/dags/src/airflow.py                           1           0  1.19s           2024-10-23T01:28:09
================================================================================
[2024-10-23T01:29:04.421+0000] {manager.py:878} INFO - 
================================================================================
DAG File Processing Stats

File Path                         PID    Runtime      # DAGs    # Errors  Last Runtime    Last Run
--------------------------------  -----  ---------  --------  ----------  --------------  -------------------
/opt/airflow/dags/src/airflow.py                           1           0  0.99s           2024-10-23T01:28:41
================================================================================
[2024-10-23T01:29:34.541+0000] {manager.py:878} INFO - 
================================================================================
DAG File Processing Stats

File Path                         PID    Runtime      # DAGs    # Errors  Last Runtime    Last Run
--------------------------------  -----  ---------  --------  ----------  --------------  -------------------
/opt/airflow/dags/src/airflow.py                           1           0  0.80s           2024-10-23T01:29:12
================================================================================
[2024-10-23T01:29:37.264+0000] {manager.py:452} INFO - Exiting gracefully upon receiving signal 15
[2024-10-23T01:47:20.325+0000] {manager.py:470} INFO - Processing files using up to 2 processes at a time 
[2024-10-23T01:47:20.326+0000] {manager.py:471} INFO - Process each file at most once every 30 seconds
[2024-10-23T01:47:20.328+0000] {manager.py:472} INFO - Checking for new files in /opt/airflow/dags every 300 seconds
[2024-10-23T01:47:20.329+0000] {manager.py:737} INFO - Searching for files in /opt/airflow/dags
[2024-10-23T01:47:20.441+0000] {manager.py:740} INFO - There are 1 files in /opt/airflow/dags
[2024-10-23T01:47:20.584+0000] {manager.py:878} INFO - 
================================================================================
DAG File Processing Stats

File Path                           PID  Runtime      # DAGs    # Errors  Last Runtime    Last Run
--------------------------------  -----  ---------  --------  ----------  --------------  ----------
/opt/airflow/dags/src/airflow.py     38  0.06s             0           0
================================================================================
[2024-10-23T01:47:50.861+0000] {manager.py:878} INFO - 
================================================================================
DAG File Processing Stats

File Path                         PID    Runtime      # DAGs    # Errors  Last Runtime    Last Run
--------------------------------  -----  ---------  --------  ----------  --------------  -------------------
/opt/airflow/dags/src/airflow.py                           1           0  3.21s           2024-10-23T01:47:23
================================================================================
[2024-10-23T01:48:21.133+0000] {manager.py:878} INFO - 
================================================================================
DAG File Processing Stats

File Path                         PID    Runtime      # DAGs    # Errors  Last Runtime    Last Run
--------------------------------  -----  ---------  --------  ----------  --------------  -------------------
/opt/airflow/dags/src/airflow.py                           1           0  0.96s           2024-10-23T01:47:54
================================================================================
[2024-10-23T01:48:51.557+0000] {manager.py:878} INFO - 
================================================================================
DAG File Processing Stats

File Path                         PID    Runtime      # DAGs    # Errors  Last Runtime    Last Run
--------------------------------  -----  ---------  --------  ----------  --------------  -------------------
/opt/airflow/dags/src/airflow.py                           1           0  1.06s           2024-10-23T01:48:26
================================================================================
[2024-10-23T01:49:06.302+0000] {manager.py:452} INFO - Exiting gracefully upon receiving signal 15
[2024-10-23T01:54:40.820+0000] {manager.py:470} INFO - Processing files using up to 2 processes at a time 
[2024-10-23T01:54:40.822+0000] {manager.py:471} INFO - Process each file at most once every 30 seconds
[2024-10-23T01:54:40.824+0000] {manager.py:472} INFO - Checking for new files in /opt/airflow/dags every 300 seconds
[2024-10-23T01:54:40.825+0000] {manager.py:737} INFO - Searching for files in /opt/airflow/dags
[2024-10-23T01:54:40.996+0000] {manager.py:740} INFO - There are 1 files in /opt/airflow/dags
[2024-10-23T01:54:41.127+0000] {manager.py:878} INFO - 
================================================================================
DAG File Processing Stats

File Path                           PID  Runtime      # DAGs    # Errors  Last Runtime    Last Run
--------------------------------  -----  ---------  --------  ----------  --------------  ----------
/opt/airflow/dags/src/airflow.py     38  0.06s             0           0
================================================================================
[2024-10-23T01:55:11.448+0000] {manager.py:878} INFO - 
================================================================================
DAG File Processing Stats

File Path                         PID    Runtime      # DAGs    # Errors  Last Runtime    Last Run
--------------------------------  -----  ---------  --------  ----------  --------------  -------------------
/opt/airflow/dags/src/airflow.py                           1           0  3.13s           2024-10-23T01:54:44
================================================================================
[2024-10-23T01:55:41.545+0000] {manager.py:878} INFO - 
================================================================================
DAG File Processing Stats

File Path                         PID    Runtime      # DAGs    # Errors  Last Runtime    Last Run
--------------------------------  -----  ---------  --------  ----------  --------------  -------------------
/opt/airflow/dags/src/airflow.py                           1           0  0.82s           2024-10-23T01:55:15
================================================================================
[2024-10-23T01:56:11.967+0000] {manager.py:878} INFO - 
================================================================================
DAG File Processing Stats

File Path                         PID    Runtime      # DAGs    # Errors  Last Runtime    Last Run
--------------------------------  -----  ---------  --------  ----------  --------------  -------------------
/opt/airflow/dags/src/airflow.py                           1           0  1.10s           2024-10-23T01:55:46
================================================================================
[2024-10-23T01:56:42.217+0000] {manager.py:878} INFO - 
================================================================================
DAG File Processing Stats

File Path                         PID    Runtime      # DAGs    # Errors  Last Runtime    Last Run
--------------------------------  -----  ---------  --------  ----------  --------------  -------------------
/opt/airflow/dags/src/airflow.py                           1           0  0.89s           2024-10-23T01:56:17
================================================================================
[2024-10-23T01:57:12.490+0000] {manager.py:878} INFO - 
================================================================================
DAG File Processing Stats

File Path                         PID    Runtime      # DAGs    # Errors  Last Runtime    Last Run
--------------------------------  -----  ---------  --------  ----------  --------------  -------------------
/opt/airflow/dags/src/airflow.py                           1           0  0.84s           2024-10-23T01:56:49
================================================================================
[2024-10-23T01:57:42.797+0000] {manager.py:878} INFO - 
================================================================================
DAG File Processing Stats

File Path                         PID    Runtime      # DAGs    # Errors  Last Runtime    Last Run
--------------------------------  -----  ---------  --------  ----------  --------------  -------------------
/opt/airflow/dags/src/airflow.py                           1           0  0.73s           2024-10-23T01:57:20
================================================================================
[2024-10-23T01:58:13.508+0000] {manager.py:878} INFO - 
================================================================================
DAG File Processing Stats

File Path                         PID    Runtime      # DAGs    # Errors  Last Runtime    Last Run
--------------------------------  -----  ---------  --------  ----------  --------------  -------------------
/opt/airflow/dags/src/airflow.py                           1           0  1.13s           2024-10-23T01:57:52
================================================================================
[2024-10-23T01:58:43.807+0000] {manager.py:878} INFO - 
================================================================================
DAG File Processing Stats

File Path                         PID    Runtime      # DAGs    # Errors  Last Runtime    Last Run
--------------------------------  -----  ---------  --------  ----------  --------------  -------------------
/opt/airflow/dags/src/airflow.py                           1           0  0.95s           2024-10-23T01:58:23
================================================================================
[2024-10-23T01:58:52.267+0000] {manager.py:452} INFO - Exiting gracefully upon receiving signal 15
[2024-10-23T02:09:26.731+0000] {manager.py:470} INFO - Processing files using up to 2 processes at a time 
[2024-10-23T02:09:26.733+0000] {manager.py:471} INFO - Process each file at most once every 30 seconds
[2024-10-23T02:09:26.734+0000] {manager.py:472} INFO - Checking for new files in /opt/airflow/dags every 300 seconds
[2024-10-23T02:09:26.736+0000] {manager.py:737} INFO - Searching for files in /opt/airflow/dags
[2024-10-23T02:09:26.870+0000] {manager.py:740} INFO - There are 1 files in /opt/airflow/dags
[2024-10-23T02:09:27.014+0000] {manager.py:878} INFO - 
================================================================================
DAG File Processing Stats

File Path                           PID  Runtime      # DAGs    # Errors  Last Runtime    Last Run
--------------------------------  -----  ---------  --------  ----------  --------------  ----------
/opt/airflow/dags/src/airflow.py     38  0.06s             0           0
================================================================================
[2024-10-23T02:09:32.183+0000] {manager.py:452} INFO - Exiting gracefully upon receiving signal 15
[2024-10-23T02:09:52.719+0000] {manager.py:470} INFO - Processing files using up to 2 processes at a time 
[2024-10-23T02:09:52.721+0000] {manager.py:471} INFO - Process each file at most once every 30 seconds
[2024-10-23T02:09:52.724+0000] {manager.py:472} INFO - Checking for new files in /opt/airflow/dags every 300 seconds
[2024-10-23T02:09:52.726+0000] {manager.py:737} INFO - Searching for files in /opt/airflow/dags
[2024-10-23T02:09:52.872+0000] {manager.py:740} INFO - There are 1 files in /opt/airflow/dags
[2024-10-23T02:09:53.001+0000] {manager.py:878} INFO - 
================================================================================
DAG File Processing Stats

File Path                           PID  Runtime      # DAGs    # Errors  Last Runtime    Last Run
--------------------------------  -----  ---------  --------  ----------  --------------  ----------
/opt/airflow/dags/src/airflow.py     37  0.05s             0           0
================================================================================
[2024-10-23T02:10:23.180+0000] {manager.py:878} INFO - 
================================================================================
DAG File Processing Stats

File Path                         PID    Runtime      # DAGs    # Errors  Last Runtime    Last Run
--------------------------------  -----  ---------  --------  ----------  --------------  -------------------
/opt/airflow/dags/src/airflow.py                           1           0  0.91s           2024-10-23T02:09:53
================================================================================
[2024-10-23T02:10:53.546+0000] {manager.py:878} INFO - 
================================================================================
DAG File Processing Stats

File Path                         PID    Runtime      # DAGs    # Errors  Last Runtime    Last Run
--------------------------------  -----  ---------  --------  ----------  --------------  -------------------
/opt/airflow/dags/src/airflow.py                           1           0  1.06s           2024-10-23T02:10:25
================================================================================
[2024-10-23T02:11:23.830+0000] {manager.py:878} INFO - 
================================================================================
DAG File Processing Stats

File Path                         PID    Runtime      # DAGs    # Errors  Last Runtime    Last Run
--------------------------------  -----  ---------  --------  ----------  --------------  -------------------
/opt/airflow/dags/src/airflow.py                           1           0  0.92s           2024-10-23T02:10:56
================================================================================
[2024-10-23T02:11:54.232+0000] {manager.py:878} INFO - 
================================================================================
DAG File Processing Stats

File Path                         PID    Runtime      # DAGs    # Errors  Last Runtime    Last Run
--------------------------------  -----  ---------  --------  ----------  --------------  -------------------
/opt/airflow/dags/src/airflow.py                           1           0  1.11s           2024-10-23T02:11:27
================================================================================
[2024-10-23T02:12:24.556+0000] {manager.py:878} INFO - 
================================================================================
DAG File Processing Stats

File Path                         PID    Runtime      # DAGs    # Errors  Last Runtime    Last Run
--------------------------------  -----  ---------  --------  ----------  --------------  -------------------
/opt/airflow/dags/src/airflow.py                           1           0  0.97s           2024-10-23T02:11:59
================================================================================
[2024-10-23T02:12:54.921+0000] {manager.py:878} INFO - 
================================================================================
DAG File Processing Stats

File Path                         PID    Runtime      # DAGs    # Errors  Last Runtime    Last Run
--------------------------------  -----  ---------  --------  ----------  --------------  -------------------
/opt/airflow/dags/src/airflow.py                           1           0  1.28s           2024-10-23T02:12:30
================================================================================
[2024-10-23T02:13:25.512+0000] {manager.py:878} INFO - 
================================================================================
DAG File Processing Stats

File Path                         PID    Runtime      # DAGs    # Errors  Last Runtime    Last Run
--------------------------------  -----  ---------  --------  ----------  --------------  -------------------
/opt/airflow/dags/src/airflow.py                           1           0  1.24s           2024-10-23T02:13:08
================================================================================
[2024-10-23T02:13:55.876+0000] {manager.py:878} INFO - 
================================================================================
DAG File Processing Stats

File Path                         PID    Runtime      # DAGs    # Errors  Last Runtime    Last Run
--------------------------------  -----  ---------  --------  ----------  --------------  -------------------
/opt/airflow/dags/src/airflow.py                           1           0  1.01s           2024-10-23T02:13:39
================================================================================
[2024-10-23T02:14:26.214+0000] {manager.py:878} INFO - 
================================================================================
DAG File Processing Stats

File Path                         PID    Runtime      # DAGs    # Errors  Last Runtime    Last Run
--------------------------------  -----  ---------  --------  ----------  --------------  -------------------
/opt/airflow/dags/src/airflow.py                           1           0  0.94s           2024-10-23T02:14:10
================================================================================
[2024-10-23T02:14:53.389+0000] {manager.py:737} INFO - Searching for files in /opt/airflow/dags
[2024-10-23T02:14:53.677+0000] {manager.py:740} INFO - There are 1 files in /opt/airflow/dags
[2024-10-23T02:14:56.739+0000] {manager.py:878} INFO - 
================================================================================
DAG File Processing Stats

File Path                         PID    Runtime      # DAGs    # Errors  Last Runtime    Last Run
--------------------------------  -----  ---------  --------  ----------  --------------  -------------------
/opt/airflow/dags/src/airflow.py                           1           0  0.93s           2024-10-23T02:14:42
================================================================================
[2024-10-23T02:15:27.005+0000] {manager.py:878} INFO - 
================================================================================
DAG File Processing Stats

File Path                         PID    Runtime      # DAGs    # Errors  Last Runtime    Last Run
--------------------------------  -----  ---------  --------  ----------  --------------  -------------------
/opt/airflow/dags/src/airflow.py                           1           0  1.06s           2024-10-23T02:15:23
================================================================================
[2024-10-23T02:15:57.111+0000] {manager.py:878} INFO - 
================================================================================
DAG File Processing Stats

File Path                         PID    Runtime      # DAGs    # Errors  Last Runtime    Last Run
--------------------------------  -----  ---------  --------  ----------  --------------  -------------------
/opt/airflow/dags/src/airflow.py                           1           0  0.81s           2024-10-23T02:15:54
================================================================================
[2024-10-23T02:16:27.374+0000] {manager.py:878} INFO - 
================================================================================
DAG File Processing Stats

File Path                         PID    Runtime      # DAGs    # Errors  Last Runtime    Last Run
--------------------------------  -----  ---------  --------  ----------  --------------  -------------------
/opt/airflow/dags/src/airflow.py                           1           0  0.82s           2024-10-23T02:16:25
================================================================================
[2024-10-23T02:16:57.643+0000] {manager.py:878} INFO - 
================================================================================
DAG File Processing Stats

File Path                         PID    Runtime      # DAGs    # Errors  Last Runtime    Last Run
--------------------------------  -----  ---------  --------  ----------  --------------  -------------------
/opt/airflow/dags/src/airflow.py                           1           0  0.96s           2024-10-23T02:16:56
================================================================================
[2024-10-23T02:17:28.082+0000] {manager.py:878} INFO - 
================================================================================
DAG File Processing Stats

File Path                           PID  Runtime      # DAGs    # Errors  Last Runtime    Last Run
--------------------------------  -----  ---------  --------  ----------  --------------  -------------------
/opt/airflow/dags/src/airflow.py    159  1.01s             1           0  0.96s           2024-10-23T02:16:56
================================================================================
[2024-10-23T02:17:58.361+0000] {manager.py:878} INFO - 
================================================================================
DAG File Processing Stats

File Path                           PID  Runtime      # DAGs    # Errors  Last Runtime    Last Run
--------------------------------  -----  ---------  --------  ----------  --------------  -------------------
/opt/airflow/dags/src/airflow.py    167  0.00s             1           0  1.05s           2024-10-23T02:17:28
================================================================================
[2024-10-23T02:18:28.567+0000] {manager.py:878} INFO - 
================================================================================
DAG File Processing Stats

File Path                         PID    Runtime      # DAGs    # Errors  Last Runtime    Last Run
--------------------------------  -----  ---------  --------  ----------  --------------  -------------------
/opt/airflow/dags/src/airflow.py                           1           0  0.82s           2024-10-23T02:17:59
================================================================================
[2024-10-23T02:18:58.891+0000] {manager.py:878} INFO - 
================================================================================
DAG File Processing Stats

File Path                         PID    Runtime      # DAGs    # Errors  Last Runtime    Last Run
--------------------------------  -----  ---------  --------  ----------  --------------  -------------------
/opt/airflow/dags/src/airflow.py                           1           0  1.01s           2024-10-23T02:18:30
================================================================================
[2024-10-23T02:19:29.229+0000] {manager.py:878} INFO - 
================================================================================
DAG File Processing Stats

File Path                         PID    Runtime      # DAGs    # Errors  Last Runtime    Last Run
--------------------------------  -----  ---------  --------  ----------  --------------  -------------------
/opt/airflow/dags/src/airflow.py                           1           0  0.94s           2024-10-23T02:19:01
================================================================================
[2024-10-23T02:19:53.539+0000] {manager.py:737} INFO - Searching for files in /opt/airflow/dags
[2024-10-23T02:19:53.832+0000] {manager.py:740} INFO - There are 1 files in /opt/airflow/dags
[2024-10-23T02:19:59.920+0000] {manager.py:878} INFO - 
================================================================================
DAG File Processing Stats

File Path                         PID    Runtime      # DAGs    # Errors  Last Runtime    Last Run
--------------------------------  -----  ---------  --------  ----------  --------------  -------------------
/opt/airflow/dags/src/airflow.py                           1           0  1.05s           2024-10-23T02:19:33
================================================================================
[2024-10-23T02:20:30.258+0000] {manager.py:878} INFO - 
================================================================================
DAG File Processing Stats

File Path                         PID    Runtime      # DAGs    # Errors  Last Runtime    Last Run
--------------------------------  -----  ---------  --------  ----------  --------------  -------------------
/opt/airflow/dags/src/airflow.py                           1           0  0.92s           2024-10-23T02:20:04
================================================================================
[2024-10-23T02:21:00.560+0000] {manager.py:878} INFO - 
================================================================================
DAG File Processing Stats

File Path                         PID    Runtime      # DAGs    # Errors  Last Runtime    Last Run
--------------------------------  -----  ---------  --------  ----------  --------------  -------------------
/opt/airflow/dags/src/airflow.py                           1           0  0.96s           2024-10-23T02:20:36
================================================================================
[2024-10-23T02:21:30.823+0000] {manager.py:878} INFO - 
================================================================================
DAG File Processing Stats

File Path                         PID    Runtime      # DAGs    # Errors  Last Runtime    Last Run
--------------------------------  -----  ---------  --------  ----------  --------------  -------------------
/opt/airflow/dags/src/airflow.py                           1           0  0.85s           2024-10-23T02:21:07
================================================================================
[2024-10-23T02:22:01.228+0000] {manager.py:878} INFO - 
================================================================================
DAG File Processing Stats

File Path                         PID    Runtime      # DAGs    # Errors  Last Runtime    Last Run
--------------------------------  -----  ---------  --------  ----------  --------------  -------------------
/opt/airflow/dags/src/airflow.py                           1           0  0.95s           2024-10-23T02:21:38
================================================================================
[2024-10-23T02:22:31.704+0000] {manager.py:878} INFO - 
================================================================================
DAG File Processing Stats

File Path                         PID    Runtime      # DAGs    # Errors  Last Runtime    Last Run
--------------------------------  -----  ---------  --------  ----------  --------------  -------------------
/opt/airflow/dags/src/airflow.py                           1           0  1.15s           2024-10-23T02:22:10
================================================================================
[2024-10-23T02:23:01.969+0000] {manager.py:878} INFO - 
================================================================================
DAG File Processing Stats

File Path                         PID    Runtime      # DAGs    # Errors  Last Runtime    Last Run
--------------------------------  -----  ---------  --------  ----------  --------------  -------------------
/opt/airflow/dags/src/airflow.py                           1           0  0.96s           2024-10-23T02:22:41
================================================================================
[2024-10-23T02:23:32.260+0000] {manager.py:878} INFO - 
================================================================================
DAG File Processing Stats

File Path                         PID    Runtime      # DAGs    # Errors  Last Runtime    Last Run
--------------------------------  -----  ---------  --------  ----------  --------------  -------------------
/opt/airflow/dags/src/airflow.py                           1           0  0.92s           2024-10-23T02:23:13
================================================================================
[2024-10-23T02:24:02.588+0000] {manager.py:878} INFO - 
================================================================================
DAG File Processing Stats

File Path                         PID    Runtime      # DAGs    # Errors  Last Runtime    Last Run
--------------------------------  -----  ---------  --------  ----------  --------------  -------------------
/opt/airflow/dags/src/airflow.py                           1           0  0.87s           2024-10-23T02:23:44
================================================================================
[2024-10-23T02:24:32.912+0000] {manager.py:878} INFO - 
================================================================================
DAG File Processing Stats

File Path                         PID    Runtime      # DAGs    # Errors  Last Runtime    Last Run
--------------------------------  -----  ---------  --------  ----------  --------------  -------------------
/opt/airflow/dags/src/airflow.py                           1           0  0.98s           2024-10-23T02:24:15
================================================================================
[2024-10-23T02:24:54.116+0000] {manager.py:737} INFO - Searching for files in /opt/airflow/dags
[2024-10-23T02:24:54.266+0000] {manager.py:740} INFO - There are 1 files in /opt/airflow/dags
[2024-10-23T02:25:03.491+0000] {manager.py:878} INFO - 
================================================================================
DAG File Processing Stats

File Path                         PID    Runtime      # DAGs    # Errors  Last Runtime    Last Run
--------------------------------  -----  ---------  --------  ----------  --------------  -------------------
/opt/airflow/dags/src/airflow.py                           1           0  0.88s           2024-10-23T02:24:46
================================================================================
[2024-10-23T02:25:33.881+0000] {manager.py:878} INFO - 
================================================================================
DAG File Processing Stats

File Path                         PID    Runtime      # DAGs    # Errors  Last Runtime    Last Run
--------------------------------  -----  ---------  --------  ----------  --------------  -------------------
/opt/airflow/dags/src/airflow.py                           1           0  1.15s           2024-10-23T02:25:18
================================================================================
[2024-10-23T02:26:04.299+0000] {manager.py:878} INFO - 
================================================================================
DAG File Processing Stats

File Path                         PID    Runtime      # DAGs    # Errors  Last Runtime    Last Run
--------------------------------  -----  ---------  --------  ----------  --------------  -------------------
/opt/airflow/dags/src/airflow.py                           1           0  0.94s           2024-10-23T02:25:50
================================================================================
[2024-10-23T02:26:34.622+0000] {manager.py:878} INFO - 
================================================================================
DAG File Processing Stats

File Path                         PID    Runtime      # DAGs    # Errors  Last Runtime    Last Run
--------------------------------  -----  ---------  --------  ----------  --------------  -------------------
/opt/airflow/dags/src/airflow.py                           1           0  1.24s           2024-10-23T02:26:21
================================================================================
[2024-10-23T02:26:51.015+0000] {manager.py:452} INFO - Exiting gracefully upon receiving signal 15
[2024-10-23T02:28:11.414+0000] {manager.py:470} INFO - Processing files using up to 2 processes at a time 
[2024-10-23T02:28:11.416+0000] {manager.py:471} INFO - Process each file at most once every 30 seconds
[2024-10-23T02:28:11.418+0000] {manager.py:472} INFO - Checking for new files in /opt/airflow/dags every 300 seconds
[2024-10-23T02:28:11.419+0000] {manager.py:737} INFO - Searching for files in /opt/airflow/dags
[2024-10-23T02:28:11.548+0000] {manager.py:740} INFO - There are 1 files in /opt/airflow/dags
[2024-10-23T02:28:11.687+0000] {manager.py:878} INFO - 
================================================================================
DAG File Processing Stats

File Path                           PID  Runtime      # DAGs    # Errors  Last Runtime    Last Run
--------------------------------  -----  ---------  --------  ----------  --------------  ----------
/opt/airflow/dags/src/airflow.py     38  0.05s             0           0
================================================================================
[2024-10-23T02:28:41.955+0000] {manager.py:878} INFO - 
================================================================================
DAG File Processing Stats

File Path                         PID    Runtime      # DAGs    # Errors  Last Runtime    Last Run
--------------------------------  -----  ---------  --------  ----------  --------------  -------------------
/opt/airflow/dags/src/airflow.py                           1           0  3.15s           2024-10-23T02:28:14
================================================================================
[2024-10-23T02:29:12.074+0000] {manager.py:878} INFO - 
================================================================================
DAG File Processing Stats

File Path                         PID    Runtime      # DAGs    # Errors  Last Runtime    Last Run
--------------------------------  -----  ---------  --------  ----------  --------------  -------------------
/opt/airflow/dags/src/airflow.py                           1           0  0.85s           2024-10-23T02:28:45
================================================================================
[2024-10-23T02:29:42.430+0000] {manager.py:878} INFO - 
================================================================================
DAG File Processing Stats

File Path                         PID    Runtime      # DAGs    # Errors  Last Runtime    Last Run
--------------------------------  -----  ---------  --------  ----------  --------------  -------------------
/opt/airflow/dags/src/airflow.py                           1           0  1.00s           2024-10-23T02:29:17
================================================================================
[2024-10-23T02:30:12.752+0000] {manager.py:878} INFO - 
================================================================================
DAG File Processing Stats

File Path                         PID    Runtime      # DAGs    # Errors  Last Runtime    Last Run
--------------------------------  -----  ---------  --------  ----------  --------------  -------------------
/opt/airflow/dags/src/airflow.py                           1           0  0.88s           2024-10-23T02:29:48
================================================================================
[2024-10-23T02:30:43.073+0000] {manager.py:878} INFO - 
================================================================================
DAG File Processing Stats

File Path                         PID    Runtime      # DAGs    # Errors  Last Runtime    Last Run
--------------------------------  -----  ---------  --------  ----------  --------------  -------------------
/opt/airflow/dags/src/airflow.py                           1           0  0.97s           2024-10-23T02:30:19
================================================================================
[2024-10-23T02:30:45.376+0000] {manager.py:452} INFO - Exiting gracefully upon receiving signal 15
[2024-10-23T02:31:59.248+0000] {manager.py:470} INFO - Processing files using up to 2 processes at a time 
[2024-10-23T02:31:59.250+0000] {manager.py:471} INFO - Process each file at most once every 30 seconds
[2024-10-23T02:31:59.251+0000] {manager.py:472} INFO - Checking for new files in /opt/airflow/dags every 300 seconds
[2024-10-23T02:31:59.252+0000] {manager.py:737} INFO - Searching for files in /opt/airflow/dags
[2024-10-23T02:31:59.327+0000] {manager.py:740} INFO - There are 1 files in /opt/airflow/dags
[2024-10-23T02:31:59.464+0000] {manager.py:878} INFO - 
================================================================================
DAG File Processing Stats

File Path                           PID  Runtime      # DAGs    # Errors  Last Runtime    Last Run
--------------------------------  -----  ---------  --------  ----------  --------------  ----------
/opt/airflow/dags/src/airflow.py     38  0.06s             0           0
================================================================================
[2024-10-23T02:32:29.706+0000] {manager.py:878} INFO - 
================================================================================
DAG File Processing Stats

File Path                         PID    Runtime      # DAGs    # Errors  Last Runtime    Last Run
--------------------------------  -----  ---------  --------  ----------  --------------  -------------------
/opt/airflow/dags/src/airflow.py                           1           0  3.02s           2024-10-23T02:32:02
================================================================================
[2024-10-23T02:32:59.968+0000] {manager.py:878} INFO - 
================================================================================
DAG File Processing Stats

File Path                         PID    Runtime      # DAGs    # Errors  Last Runtime    Last Run
--------------------------------  -----  ---------  --------  ----------  --------------  -------------------
/opt/airflow/dags/src/airflow.py                           1           0  0.87s           2024-10-23T02:32:33
================================================================================
[2024-10-23T02:33:30.374+0000] {manager.py:878} INFO - 
================================================================================
DAG File Processing Stats

File Path                         PID    Runtime      # DAGs    # Errors  Last Runtime    Last Run
--------------------------------  -----  ---------  --------  ----------  --------------  -------------------
/opt/airflow/dags/src/airflow.py                           1           0  0.99s           2024-10-23T02:33:05
================================================================================
[2024-10-23T02:34:00.753+0000] {manager.py:878} INFO - 
================================================================================
DAG File Processing Stats

File Path                         PID    Runtime      # DAGs    # Errors  Last Runtime    Last Run
--------------------------------  -----  ---------  --------  ----------  --------------  -------------------
/opt/airflow/dags/src/airflow.py                           1           0  1.00s           2024-10-23T02:33:36
================================================================================
[2024-10-23T02:34:31.152+0000] {manager.py:878} INFO - 
================================================================================
DAG File Processing Stats

File Path                         PID    Runtime      # DAGs    # Errors  Last Runtime    Last Run
--------------------------------  -----  ---------  --------  ----------  --------------  -------------------
/opt/airflow/dags/src/airflow.py                           1           0  0.98s           2024-10-23T02:34:07
================================================================================
[2024-10-23T02:35:01.466+0000] {manager.py:878} INFO - 
================================================================================
DAG File Processing Stats

File Path                         PID    Runtime      # DAGs    # Errors  Last Runtime    Last Run
--------------------------------  -----  ---------  --------  ----------  --------------  -------------------
/opt/airflow/dags/src/airflow.py                           1           0  0.95s           2024-10-23T02:34:39
================================================================================
[2024-10-23T02:35:05.744+0000] {manager.py:452} INFO - Exiting gracefully upon receiving signal 15
[2024-10-23T02:36:28.617+0000] {manager.py:470} INFO - Processing files using up to 2 processes at a time 
[2024-10-23T02:36:28.619+0000] {manager.py:471} INFO - Process each file at most once every 30 seconds
[2024-10-23T02:36:28.620+0000] {manager.py:472} INFO - Checking for new files in /opt/airflow/dags every 300 seconds
[2024-10-23T02:36:28.622+0000] {manager.py:737} INFO - Searching for files in /opt/airflow/dags
[2024-10-23T02:36:28.766+0000] {manager.py:740} INFO - There are 1 files in /opt/airflow/dags
[2024-10-23T02:36:28.906+0000] {manager.py:878} INFO - 
================================================================================
DAG File Processing Stats

File Path                           PID  Runtime      # DAGs    # Errors  Last Runtime    Last Run
--------------------------------  -----  ---------  --------  ----------  --------------  ----------
/opt/airflow/dags/src/airflow.py     38  0.06s             0           0
================================================================================
[2024-10-23T02:36:59.178+0000] {manager.py:878} INFO - 
================================================================================
DAG File Processing Stats

File Path                         PID    Runtime      # DAGs    # Errors  Last Runtime    Last Run
--------------------------------  -----  ---------  --------  ----------  --------------  -------------------
/opt/airflow/dags/src/airflow.py                           1           0  3.21s           2024-10-23T02:36:32
================================================================================
[2024-10-23T02:37:29.660+0000] {manager.py:878} INFO - 
================================================================================
DAG File Processing Stats

File Path                         PID    Runtime      # DAGs    # Errors  Last Runtime    Last Run
--------------------------------  -----  ---------  --------  ----------  --------------  -------------------
/opt/airflow/dags/src/airflow.py                           1           0  0.99s           2024-10-23T02:37:03
================================================================================
[2024-10-23T02:38:00.071+0000] {manager.py:878} INFO - 
================================================================================
DAG File Processing Stats

File Path                         PID    Runtime      # DAGs    # Errors  Last Runtime    Last Run
--------------------------------  -----  ---------  --------  ----------  --------------  -------------------
/opt/airflow/dags/src/airflow.py                           1           0  1.11s           2024-10-23T02:37:34
================================================================================
[2024-10-23T02:38:30.474+0000] {manager.py:878} INFO - 
================================================================================
DAG File Processing Stats

File Path                         PID    Runtime      # DAGs    # Errors  Last Runtime    Last Run
--------------------------------  -----  ---------  --------  ----------  --------------  -------------------
/opt/airflow/dags/src/airflow.py                           1           0  1.09s           2024-10-23T02:38:15
================================================================================
[2024-10-23T02:39:00.684+0000] {manager.py:878} INFO - 
================================================================================
DAG File Processing Stats

File Path                         PID    Runtime      # DAGs    # Errors  Last Runtime    Last Run
--------------------------------  -----  ---------  --------  ----------  --------------  -------------------
/opt/airflow/dags/src/airflow.py                           1           0  0.89s           2024-10-23T02:38:46
================================================================================
[2024-10-23T02:39:30.969+0000] {manager.py:878} INFO - 
================================================================================
DAG File Processing Stats

File Path                         PID    Runtime      # DAGs    # Errors  Last Runtime    Last Run
--------------------------------  -----  ---------  --------  ----------  --------------  -------------------
/opt/airflow/dags/src/airflow.py                           1           0  0.97s           2024-10-23T02:39:17
================================================================================
[2024-10-23T02:40:01.325+0000] {manager.py:878} INFO - 
================================================================================
DAG File Processing Stats

File Path                         PID    Runtime      # DAGs    # Errors  Last Runtime    Last Run
--------------------------------  -----  ---------  --------  ----------  --------------  -------------------
/opt/airflow/dags/src/airflow.py                           1           0  0.99s           2024-10-23T02:39:49
================================================================================
[2024-10-23T02:40:31.686+0000] {manager.py:878} INFO - 
================================================================================
DAG File Processing Stats

File Path                         PID    Runtime      # DAGs    # Errors  Last Runtime    Last Run
--------------------------------  -----  ---------  --------  ----------  --------------  -------------------
/opt/airflow/dags/src/airflow.py                           1           0  1.13s           2024-10-23T02:40:20
================================================================================
[2024-10-23T02:41:02.014+0000] {manager.py:878} INFO - 
================================================================================
DAG File Processing Stats

File Path                         PID    Runtime      # DAGs    # Errors  Last Runtime    Last Run
--------------------------------  -----  ---------  --------  ----------  --------------  -------------------
/opt/airflow/dags/src/airflow.py                           1           0  0.98s           2024-10-23T02:40:51
================================================================================
[2024-10-23T02:41:29.334+0000] {manager.py:737} INFO - Searching for files in /opt/airflow/dags
[2024-10-23T02:41:29.600+0000] {manager.py:740} INFO - There are 1 files in /opt/airflow/dags
[2024-10-23T02:41:32.654+0000] {manager.py:878} INFO - 
================================================================================
DAG File Processing Stats

File Path                         PID    Runtime      # DAGs    # Errors  Last Runtime    Last Run
--------------------------------  -----  ---------  --------  ----------  --------------  -------------------
/opt/airflow/dags/src/airflow.py                           1           0  1.10s           2024-10-23T02:41:23
================================================================================
[2024-10-23T02:42:02.973+0000] {manager.py:878} INFO - 
================================================================================
DAG File Processing Stats

File Path                         PID    Runtime      # DAGs    # Errors  Last Runtime    Last Run
--------------------------------  -----  ---------  --------  ----------  --------------  -------------------
/opt/airflow/dags/src/airflow.py                           1           0  1.03s           2024-10-23T02:41:54
================================================================================
[2024-10-23T02:42:33.311+0000] {manager.py:878} INFO - 
================================================================================
DAG File Processing Stats

File Path                         PID    Runtime      # DAGs    # Errors  Last Runtime    Last Run
--------------------------------  -----  ---------  --------  ----------  --------------  -------------------
/opt/airflow/dags/src/airflow.py                           1           0  0.98s           2024-10-23T02:42:26
================================================================================
[2024-10-23T02:43:03.754+0000] {manager.py:878} INFO - 
================================================================================
DAG File Processing Stats

File Path                         PID    Runtime      # DAGs    # Errors  Last Runtime    Last Run
--------------------------------  -----  ---------  --------  ----------  --------------  -------------------
/opt/airflow/dags/src/airflow.py                           1           0  1.24s           2024-10-23T02:42:57
================================================================================
[2024-10-23T02:43:34.187+0000] {manager.py:878} INFO - 
================================================================================
DAG File Processing Stats

File Path                         PID    Runtime      # DAGs    # Errors  Last Runtime    Last Run
--------------------------------  -----  ---------  --------  ----------  --------------  -------------------
/opt/airflow/dags/src/airflow.py                           1           0  1.13s           2024-10-23T02:43:29
================================================================================
[2024-10-23T02:44:04.584+0000] {manager.py:878} INFO - 
================================================================================
DAG File Processing Stats

File Path                         PID    Runtime      # DAGs    # Errors  Last Runtime    Last Run
--------------------------------  -----  ---------  --------  ----------  --------------  -------------------
/opt/airflow/dags/src/airflow.py                           1           0  0.96s           2024-10-23T02:44:00
================================================================================
[2024-10-23T02:44:34.976+0000] {manager.py:878} INFO - 
================================================================================
DAG File Processing Stats

File Path                         PID    Runtime      # DAGs    # Errors  Last Runtime    Last Run
--------------------------------  -----  ---------  --------  ----------  --------------  -------------------
/opt/airflow/dags/src/airflow.py                           1           0  1.03s           2024-10-23T02:44:31
================================================================================
[2024-10-23T02:45:05.253+0000] {manager.py:878} INFO - 
================================================================================
DAG File Processing Stats

File Path                         PID    Runtime      # DAGs    # Errors  Last Runtime    Last Run
--------------------------------  -----  ---------  --------  ----------  --------------  -------------------
/opt/airflow/dags/src/airflow.py                           1           0  0.95s           2024-10-23T02:45:03
================================================================================
[2024-10-23T02:45:35.556+0000] {manager.py:878} INFO - 
================================================================================
DAG File Processing Stats

File Path                         PID    Runtime      # DAGs    # Errors  Last Runtime    Last Run
--------------------------------  -----  ---------  --------  ----------  --------------  -------------------
/opt/airflow/dags/src/airflow.py                           1           0  0.97s           2024-10-23T02:45:34
================================================================================
[2024-10-23T02:46:05.911+0000] {manager.py:878} INFO - 
================================================================================
DAG File Processing Stats

File Path                         PID    Runtime      # DAGs    # Errors  Last Runtime    Last Run
--------------------------------  -----  ---------  --------  ----------  --------------  -------------------
/opt/airflow/dags/src/airflow.py                           1           0  0.97s           2024-10-23T02:46:02
================================================================================
[2024-10-23T02:46:10.639+0000] {manager.py:452} INFO - Exiting gracefully upon receiving signal 15
[2024-10-23T02:48:37.818+0000] {manager.py:470} INFO - Processing files using up to 2 processes at a time 
[2024-10-23T02:48:37.820+0000] {manager.py:471} INFO - Process each file at most once every 30 seconds
[2024-10-23T02:48:37.822+0000] {manager.py:472} INFO - Checking for new files in /opt/airflow/dags every 300 seconds
[2024-10-23T02:48:37.824+0000] {manager.py:737} INFO - Searching for files in /opt/airflow/dags
[2024-10-23T02:48:37.964+0000] {manager.py:740} INFO - There are 1 files in /opt/airflow/dags
[2024-10-23T02:48:38.100+0000] {manager.py:878} INFO - 
================================================================================
DAG File Processing Stats

File Path                           PID  Runtime      # DAGs    # Errors  Last Runtime    Last Run
--------------------------------  -----  ---------  --------  ----------  --------------  ----------
/opt/airflow/dags/src/airflow.py     38  0.06s             0           0
================================================================================
[2024-10-23T02:49:08.375+0000] {manager.py:878} INFO - 
================================================================================
DAG File Processing Stats

File Path                         PID    Runtime      # DAGs    # Errors  Last Runtime    Last Run
--------------------------------  -----  ---------  --------  ----------  --------------  -------------------
/opt/airflow/dags/src/airflow.py                           1           0  3.31s           2024-10-23T02:48:41
================================================================================
[2024-10-23T02:49:38.715+0000] {manager.py:878} INFO - 
================================================================================
DAG File Processing Stats

File Path                         PID    Runtime      # DAGs    # Errors  Last Runtime    Last Run
--------------------------------  -----  ---------  --------  ----------  --------------  -------------------
/opt/airflow/dags/src/airflow.py                           1           0  0.96s           2024-10-23T02:49:12
================================================================================
[2024-10-23T02:50:09.001+0000] {manager.py:878} INFO - 
================================================================================
DAG File Processing Stats

File Path                         PID    Runtime      # DAGs    # Errors  Last Runtime    Last Run
--------------------------------  -----  ---------  --------  ----------  --------------  -------------------
/opt/airflow/dags/src/airflow.py                           1           0  0.99s           2024-10-23T02:49:43
================================================================================
[2024-10-23T02:50:39.351+0000] {manager.py:878} INFO - 
================================================================================
DAG File Processing Stats

File Path                         PID    Runtime      # DAGs    # Errors  Last Runtime    Last Run
--------------------------------  -----  ---------  --------  ----------  --------------  -------------------
/opt/airflow/dags/src/airflow.py                           1           0  1.10s           2024-10-23T02:50:15
================================================================================
[2024-10-23T02:51:09.652+0000] {manager.py:878} INFO - 
================================================================================
DAG File Processing Stats

File Path                         PID    Runtime      # DAGs    # Errors  Last Runtime    Last Run
--------------------------------  -----  ---------  --------  ----------  --------------  -------------------
/opt/airflow/dags/src/airflow.py                           1           0  0.97s           2024-10-23T02:50:46
================================================================================
[2024-10-23T02:51:39.944+0000] {manager.py:878} INFO - 
================================================================================
DAG File Processing Stats

File Path                         PID    Runtime      # DAGs    # Errors  Last Runtime    Last Run
--------------------------------  -----  ---------  --------  ----------  --------------  -------------------
/opt/airflow/dags/src/airflow.py                           1           0  0.99s           2024-10-23T02:51:17
================================================================================
[2024-10-23T02:52:10.306+0000] {manager.py:878} INFO - 
================================================================================
DAG File Processing Stats

File Path                         PID    Runtime      # DAGs    # Errors  Last Runtime    Last Run
--------------------------------  -----  ---------  --------  ----------  --------------  -------------------
/opt/airflow/dags/src/airflow.py                           1           0  1.00s           2024-10-23T02:51:49
================================================================================
[2024-10-23T02:52:40.880+0000] {manager.py:878} INFO - 
================================================================================
DAG File Processing Stats

File Path                         PID    Runtime      # DAGs    # Errors  Last Runtime    Last Run
--------------------------------  -----  ---------  --------  ----------  --------------  -------------------
/opt/airflow/dags/src/airflow.py                           1           0  1.29s           2024-10-23T02:52:20
================================================================================
[2024-10-23T02:53:11.317+0000] {manager.py:878} INFO - 
================================================================================
DAG File Processing Stats

File Path                         PID    Runtime      # DAGs    # Errors  Last Runtime    Last Run
--------------------------------  -----  ---------  --------  ----------  --------------  -------------------
/opt/airflow/dags/src/airflow.py                           1           0  1.15s           2024-10-23T02:52:52
================================================================================
[2024-10-23T02:53:38.629+0000] {manager.py:737} INFO - Searching for files in /opt/airflow/dags
[2024-10-23T02:53:38.892+0000] {manager.py:740} INFO - There are 1 files in /opt/airflow/dags
[2024-10-23T02:53:41.952+0000] {manager.py:878} INFO - 
================================================================================
DAG File Processing Stats

File Path                         PID    Runtime      # DAGs    # Errors  Last Runtime    Last Run
--------------------------------  -----  ---------  --------  ----------  --------------  -------------------
/opt/airflow/dags/src/airflow.py                           1           0  1.00s           2024-10-23T02:53:23
================================================================================
[2024-10-23T02:54:12.311+0000] {manager.py:878} INFO - 
================================================================================
DAG File Processing Stats

File Path                         PID    Runtime      # DAGs    # Errors  Last Runtime    Last Run
--------------------------------  -----  ---------  --------  ----------  --------------  -------------------
/opt/airflow/dags/src/airflow.py                           1           0  1.02s           2024-10-23T02:53:55
================================================================================
[2024-10-23T02:54:42.597+0000] {manager.py:878} INFO - 
================================================================================
DAG File Processing Stats

File Path                         PID    Runtime      # DAGs    # Errors  Last Runtime    Last Run
--------------------------------  -----  ---------  --------  ----------  --------------  -------------------
/opt/airflow/dags/src/airflow.py                           1           0  0.97s           2024-10-23T02:54:26
================================================================================
[2024-10-23T02:55:12.975+0000] {manager.py:878} INFO - 
================================================================================
DAG File Processing Stats

File Path                         PID    Runtime      # DAGs    # Errors  Last Runtime    Last Run
--------------------------------  -----  ---------  --------  ----------  --------------  -------------------
/opt/airflow/dags/src/airflow.py                           1           0  1.02s           2024-10-23T02:54:57
================================================================================
[2024-10-23T02:55:43.210+0000] {manager.py:878} INFO - 
================================================================================
DAG File Processing Stats

File Path                         PID    Runtime      # DAGs    # Errors  Last Runtime    Last Run
--------------------------------  -----  ---------  --------  ----------  --------------  -------------------
/opt/airflow/dags/src/airflow.py                           1           0  0.92s           2024-10-23T02:55:29
================================================================================
[2024-10-23T02:56:13.530+0000] {manager.py:878} INFO - 
================================================================================
DAG File Processing Stats

File Path                         PID    Runtime      # DAGs    # Errors  Last Runtime    Last Run
--------------------------------  -----  ---------  --------  ----------  --------------  -------------------
/opt/airflow/dags/src/airflow.py                           1           0  0.96s           2024-10-23T02:56:00
================================================================================
[2024-10-23T02:56:43.849+0000] {manager.py:878} INFO - 
================================================================================
DAG File Processing Stats

File Path                         PID    Runtime      # DAGs    # Errors  Last Runtime    Last Run
--------------------------------  -----  ---------  --------  ----------  --------------  -------------------
/opt/airflow/dags/src/airflow.py                           1           0  0.97s           2024-10-23T02:56:31
================================================================================
[2024-10-23T02:57:14.250+0000] {manager.py:878} INFO - 
================================================================================
DAG File Processing Stats

File Path                         PID    Runtime      # DAGs    # Errors  Last Runtime    Last Run
--------------------------------  -----  ---------  --------  ----------  --------------  -------------------
/opt/airflow/dags/src/airflow.py                           1           0  1.11s           2024-10-23T02:57:03
================================================================================
[2024-10-23T02:57:19.915+0000] {manager.py:452} INFO - Exiting gracefully upon receiving signal 15
