[2024-10-25T17:48:54.403+0000] {local_task_job_runner.py:120} INFO - ::group::Pre task execution logs
[2024-10-25T17:48:54.448+0000] {taskinstance.py:2076} INFO - Dependencies all met for dep_context=non-requeueable deps ti=<TaskInstance: DataPipeline.process_data manual__2024-10-25T17:48:43.854398+00:00 [queued]>
[2024-10-25T17:48:54.463+0000] {taskinstance.py:2076} INFO - Dependencies all met for dep_context=requeueable deps ti=<TaskInstance: DataPipeline.process_data manual__2024-10-25T17:48:43.854398+00:00 [queued]>
[2024-10-25T17:48:54.465+0000] {taskinstance.py:2306} INFO - Starting attempt 1 of 3
[2024-10-25T17:48:54.498+0000] {taskinstance.py:2330} INFO - Executing <Task(PythonOperator): process_data> on 2024-10-25 17:48:43.854398+00:00
[2024-10-25T17:48:54.515+0000] {standard_task_runner.py:90} INFO - Running: ['***', 'tasks', 'run', 'DataPipeline', 'process_data', 'manual__2024-10-25T17:48:43.854398+00:00', '--job-id', '5', '--raw', '--subdir', 'DAGS_FOLDER/src/***.py', '--cfg-path', '/tmp/tmpsx7ps6uy']
[2024-10-25T17:48:54.519+0000] {standard_task_runner.py:91} INFO - Job 5: Subtask process_data
[2024-10-25T17:48:54.513+0000] {warnings.py:112} WARNING - /home/***/.local/lib/python3.12/site-packages/***/task/task_runner/standard_task_runner.py:61: DeprecationWarning: This process (pid=76) is multi-threaded, use of fork() may lead to deadlocks in the child.
  pid = os.fork()

[2024-10-25T17:48:54.523+0000] {standard_task_runner.py:63} INFO - Started process 78 to run task
[2024-10-25T17:48:54.589+0000] {task_command.py:426} INFO - Running <TaskInstance: DataPipeline.process_data manual__2024-10-25T17:48:43.854398+00:00 [running]> on host c1c7f89b5e3c
[2024-10-25T17:48:54.731+0000] {taskinstance.py:2648} INFO - Exporting env vars: AIRFLOW_CTX_DAG_OWNER='MLopsProjectGroup6' AIRFLOW_CTX_DAG_ID='DataPipeline' AIRFLOW_CTX_TASK_ID='process_data' AIRFLOW_CTX_EXECUTION_DATE='2024-10-25T17:48:43.854398+00:00' AIRFLOW_CTX_TRY_NUMBER='1' AIRFLOW_CTX_DAG_RUN_ID='manual__2024-10-25T17:48:43.854398+00:00'
[2024-10-25T17:48:54.733+0000] {taskinstance.py:430} INFO - ::endgroup::
[2024-10-25T17:48:54.762+0000] {HandlingNullValues.py:35} INFO - Starting data processing
[2024-10-25T17:48:54.763+0000] {HandlingNullValues.py:36} INFO - Input file: /opt/***/dags/../data/processed/raw_data.csv
[2024-10-25T17:48:54.959+0000] {HandlingNullValues.py:40} INFO - Data loaded successfully. DataFrame shape: (41188, 1)
[2024-10-25T17:48:55.014+0000] {HandlingNullValues.py:48} INFO - DataFrame info saved to /opt/***/dags/../data/processed/dataframe_info.csv
[2024-10-25T17:48:55.062+0000] {HandlingNullValues.py:53} INFO - DataFrame description saved to /opt/***/dags/../data/processed/dataframe_description.csv
[2024-10-25T17:48:55.066+0000] {HandlingNullValues.py:58} INFO - Found 12 duplicate rows. Dropping duplicates.
[2024-10-25T17:48:55.076+0000] {HandlingNullValues.py:72} INFO - No features dropped due to null values
[2024-10-25T17:48:55.164+0000] {HandlingNullValues.py:76} INFO - Processed data saved as pickle at /opt/***/dags/../data/processed/processed_data.pkl
[2024-10-25T17:48:55.165+0000] {HandlingNullValues.py:78} INFO - Data processing completed successfully
[2024-10-25T17:48:55.167+0000] {python.py:237} INFO - Done. Returned value was: None
[2024-10-25T17:48:55.167+0000] {taskinstance.py:441} INFO - ::group::Post task execution logs
[2024-10-25T17:48:55.177+0000] {taskinstance.py:1206} INFO - Marking task as SUCCESS. dag_id=DataPipeline, task_id=process_data, run_id=manual__2024-10-25T17:48:43.854398+00:00, execution_date=20241025T174843, start_date=20241025T174854, end_date=20241025T174855
[2024-10-25T17:48:55.221+0000] {local_task_job_runner.py:240} INFO - Task exited with return code 0
[2024-10-25T17:48:55.238+0000] {taskinstance.py:3503} INFO - 0 downstream tasks scheduled from follow-on schedule check
[2024-10-25T17:48:55.241+0000] {local_task_job_runner.py:222} INFO - ::endgroup::
