[2024-10-26T07:16:21.159+0000] {local_task_job_runner.py:120} INFO - ::group::Pre task execution logs
[2024-10-26T07:16:21.172+0000] {taskinstance.py:2076} INFO - Dependencies all met for dep_context=non-requeueable deps ti=<TaskInstance: DataPipeline.datatype_format manual__2024-10-26T07:16:15.894820+00:00 [queued]>
[2024-10-26T07:16:21.176+0000] {taskinstance.py:2076} INFO - Dependencies all met for dep_context=requeueable deps ti=<TaskInstance: DataPipeline.datatype_format manual__2024-10-26T07:16:15.894820+00:00 [queued]>
[2024-10-26T07:16:21.176+0000] {taskinstance.py:2306} INFO - Starting attempt 1 of 3
[2024-10-26T07:16:21.182+0000] {taskinstance.py:2330} INFO - Executing <Task(PythonOperator): datatype_format> on 2024-10-26 07:16:15.894820+00:00
[2024-10-26T07:16:21.187+0000] {warnings.py:112} WARNING - /home/***/.local/lib/python3.12/site-packages/***/task/task_runner/standard_task_runner.py:61: DeprecationWarning: This process (pid=527) is multi-threaded, use of fork() may lead to deadlocks in the child.
  pid = os.fork()

[2024-10-26T07:16:21.188+0000] {standard_task_runner.py:63} INFO - Started process 529 to run task
[2024-10-26T07:16:21.189+0000] {standard_task_runner.py:90} INFO - Running: ['***', 'tasks', 'run', 'DataPipeline', 'datatype_format', 'manual__2024-10-26T07:16:15.894820+00:00', '--job-id', '85', '--raw', '--subdir', 'DAGS_FOLDER/src/***.py', '--cfg-path', '/tmp/tmplszchns1']
[2024-10-26T07:16:21.190+0000] {standard_task_runner.py:91} INFO - Job 85: Subtask datatype_format
[2024-10-26T07:16:21.208+0000] {task_command.py:426} INFO - Running <TaskInstance: DataPipeline.datatype_format manual__2024-10-26T07:16:15.894820+00:00 [running]> on host 7e8a88eeae3d
[2024-10-26T07:16:21.241+0000] {taskinstance.py:2648} INFO - Exporting env vars: AIRFLOW_CTX_DAG_OWNER='MLopsProjectGroup6' AIRFLOW_CTX_DAG_ID='DataPipeline' AIRFLOW_CTX_TASK_ID='datatype_format' AIRFLOW_CTX_EXECUTION_DATE='2024-10-26T07:16:15.894820+00:00' AIRFLOW_CTX_TRY_NUMBER='1' AIRFLOW_CTX_DAG_RUN_ID='manual__2024-10-26T07:16:15.894820+00:00'
[2024-10-26T07:16:21.241+0000] {taskinstance.py:430} INFO - ::endgroup::
[2024-10-26T07:16:21.248+0000] {HandlingNullValues.py:35} INFO - Starting data processing
[2024-10-26T07:16:21.248+0000] {HandlingNullValues.py:36} INFO - Starting data processing
[2024-10-26T07:16:21.248+0000] {HandlingNullValues.py:35} INFO - Input file: data/processed/processed_data.pkl
[2024-10-26T07:16:21.248+0000] {HandlingNullValues.py:36} INFO - Input file: data/processed/processed_data.pkl
[2024-10-26T07:16:21.250+0000] {HandlingNullValues.py:38} ERROR - An unexpected error occurred during data processing: 'utf-8' codec can't decode byte 0x80 in position 0: invalid start byte
[2024-10-26T07:16:21.251+0000] {HandlingNullValues.py:39} ERROR - An unexpected error occurred during data processing: 'utf-8' codec can't decode byte 0x80 in position 0: invalid start byte
[2024-10-26T07:16:21.251+0000] {python.py:237} INFO - Done. Returned value was: None
[2024-10-26T07:16:21.251+0000] {taskinstance.py:441} INFO - ::group::Post task execution logs
[2024-10-26T07:16:21.255+0000] {taskinstance.py:1206} INFO - Marking task as SUCCESS. dag_id=DataPipeline, task_id=datatype_format, run_id=manual__2024-10-26T07:16:15.894820+00:00, execution_date=20241026T071615, start_date=20241026T071621, end_date=20241026T071621
[2024-10-26T07:16:21.289+0000] {local_task_job_runner.py:240} INFO - Task exited with return code 0
[2024-10-26T07:16:21.296+0000] {taskinstance.py:3503} INFO - 0 downstream tasks scheduled from follow-on schedule check
[2024-10-26T07:16:21.296+0000] {local_task_job_runner.py:222} INFO - ::endgroup::
