[2024-10-23T01:55:38.564+0000] {local_task_job_runner.py:120} INFO - ::group::Pre task execution logs
[2024-10-23T01:55:38.594+0000] {taskinstance.py:2076} INFO - Dependencies all met for dep_context=non-requeueable deps ti=<TaskInstance: DataPipeline.download_data_from_gcp_task manual__2024-10-23T01:55:33.709284+00:00 [queued]>
[2024-10-23T01:55:38.611+0000] {taskinstance.py:2076} INFO - Dependencies all met for dep_context=requeueable deps ti=<TaskInstance: DataPipeline.download_data_from_gcp_task manual__2024-10-23T01:55:33.709284+00:00 [queued]>
[2024-10-23T01:55:38.617+0000] {taskinstance.py:2306} INFO - Starting attempt 1 of 3
[2024-10-23T01:55:38.651+0000] {taskinstance.py:2330} INFO - Executing <Task(PythonOperator): download_data_from_gcp_task> on 2024-10-23 01:55:33.709284+00:00
[2024-10-23T01:55:38.663+0000] {warnings.py:112} WARNING - /home/***/.local/lib/python3.12/site-packages/***/task/task_runner/standard_task_runner.py:61: DeprecationWarning: This process (pid=71) is multi-threaded, use of fork() may lead to deadlocks in the child.
  pid = os.fork()

[2024-10-23T01:55:38.666+0000] {standard_task_runner.py:63} INFO - Started process 73 to run task
[2024-10-23T01:55:38.666+0000] {standard_task_runner.py:90} INFO - Running: ['***', 'tasks', 'run', 'DataPipeline', 'download_data_from_gcp_task', 'manual__2024-10-23T01:55:33.709284+00:00', '--job-id', '3', '--raw', '--subdir', 'DAGS_FOLDER/src/***.py', '--cfg-path', '/tmp/tmpjxwrl74f']
[2024-10-23T01:55:38.669+0000] {standard_task_runner.py:91} INFO - Job 3: Subtask download_data_from_gcp_task
[2024-10-23T01:55:38.732+0000] {task_command.py:426} INFO - Running <TaskInstance: DataPipeline.download_data_from_gcp_task manual__2024-10-23T01:55:33.709284+00:00 [running]> on host 144f95a58830
[2024-10-23T01:55:38.857+0000] {taskinstance.py:2648} INFO - Exporting env vars: AIRFLOW_CTX_DAG_OWNER='MLopsProjectGroup6' AIRFLOW_CTX_DAG_ID='DataPipeline' AIRFLOW_CTX_TASK_ID='download_data_from_gcp_task' AIRFLOW_CTX_EXECUTION_DATE='2024-10-23T01:55:33.709284+00:00' AIRFLOW_CTX_TRY_NUMBER='1' AIRFLOW_CTX_DAG_RUN_ID='manual__2024-10-23T01:55:33.709284+00:00'
[2024-10-23T01:55:38.860+0000] {taskinstance.py:430} INFO - ::endgroup::
[2024-10-23T01:55:38.905+0000] {DownloadData.py:30} INFO - Project directory fetched successfully
[2024-10-23T01:55:41.668+0000] {DownloadData.py:56} INFO - Latest file files/md5/f6/cb2c1256ffe2836b36df321f46e92c downloaded from GCS.
[2024-10-23T01:55:41.674+0000] {DownloadData.py:63} INFO - File content pickled and saved as /opt/***/data/processed/raw_data.pkl.
[2024-10-23T01:55:41.675+0000] {python.py:237} INFO - Done. Returned value was: /opt/***/data/processed/raw_data.pkl
[2024-10-23T01:55:41.677+0000] {taskinstance.py:441} INFO - ::group::Post task execution logs
[2024-10-23T01:55:41.707+0000] {taskinstance.py:1206} INFO - Marking task as SUCCESS. dag_id=DataPipeline, task_id=download_data_from_gcp_task, run_id=manual__2024-10-23T01:55:33.709284+00:00, execution_date=20241023T015533, start_date=20241023T015538, end_date=20241023T015541
[2024-10-23T01:55:41.734+0000] {local_task_job_runner.py:240} INFO - Task exited with return code 0
[2024-10-23T01:55:41.757+0000] {taskinstance.py:3503} INFO - 1 downstream tasks scheduled from follow-on schedule check
[2024-10-23T01:55:41.760+0000] {local_task_job_runner.py:222} INFO - ::endgroup::
