[2024-10-26T07:32:20.111+0000] {local_task_job_runner.py:120} INFO - ::group::Pre task execution logs
[2024-10-26T07:32:20.131+0000] {taskinstance.py:2076} INFO - Dependencies all met for dep_context=non-requeueable deps ti=<TaskInstance: DataPipeline.datatype_format manual__2024-10-26T07:32:15.097600+00:00 [queued]>
[2024-10-26T07:32:20.137+0000] {taskinstance.py:2076} INFO - Dependencies all met for dep_context=requeueable deps ti=<TaskInstance: DataPipeline.datatype_format manual__2024-10-26T07:32:15.097600+00:00 [queued]>
[2024-10-26T07:32:20.138+0000] {taskinstance.py:2306} INFO - Starting attempt 1 of 3
[2024-10-26T07:32:20.147+0000] {taskinstance.py:2330} INFO - Executing <Task(PythonOperator): datatype_format> on 2024-10-26 07:32:15.097600+00:00
[2024-10-26T07:32:20.153+0000] {warnings.py:112} WARNING - /home/***/.local/lib/python3.12/site-packages/***/task/task_runner/standard_task_runner.py:61: DeprecationWarning: This process (pid=805) is multi-threaded, use of fork() may lead to deadlocks in the child.
  pid = os.fork()

[2024-10-26T07:32:20.155+0000] {standard_task_runner.py:63} INFO - Started process 807 to run task
[2024-10-26T07:32:20.155+0000] {standard_task_runner.py:90} INFO - Running: ['***', 'tasks', 'run', 'DataPipeline', 'datatype_format', 'manual__2024-10-26T07:32:15.097600+00:00', '--job-id', '106', '--raw', '--subdir', 'DAGS_FOLDER/src/***.py', '--cfg-path', '/tmp/tmpdspy0lr6']
[2024-10-26T07:32:20.158+0000] {standard_task_runner.py:91} INFO - Job 106: Subtask datatype_format
[2024-10-26T07:32:20.200+0000] {task_command.py:426} INFO - Running <TaskInstance: DataPipeline.datatype_format manual__2024-10-26T07:32:15.097600+00:00 [running]> on host 7e8a88eeae3d
[2024-10-26T07:32:20.273+0000] {taskinstance.py:2648} INFO - Exporting env vars: AIRFLOW_CTX_DAG_OWNER='MLopsProjectGroup6' AIRFLOW_CTX_DAG_ID='DataPipeline' AIRFLOW_CTX_TASK_ID='datatype_format' AIRFLOW_CTX_EXECUTION_DATE='2024-10-26T07:32:15.097600+00:00' AIRFLOW_CTX_TRY_NUMBER='1' AIRFLOW_CTX_DAG_RUN_ID='manual__2024-10-26T07:32:15.097600+00:00'
[2024-10-26T07:32:20.273+0000] {taskinstance.py:430} INFO - ::endgroup::
[2024-10-26T07:32:20.280+0000] {datatype_format.py:65} INFO - Starting data processing
[2024-10-26T07:32:20.280+0000] {datatype_format.py:66} INFO - Input file: /opt/***/data/processed/processed_data.pkl
[2024-10-26T07:32:20.301+0000] {datatype_format.py:83} INFO - Loaded data from /opt/***/data/processed/processed_data.pkl with shape (45211, 1)
[2024-10-26T07:32:20.302+0000] {datatype_format.py:33} INFO - Checking data types of the dataset.
[2024-10-26T07:32:20.313+0000] {datatype_format.py:38} INFO - Saved BEFORE conversion data type information to /opt/***/dags/src/data/processed/datatype_info_before.csv
[2024-10-26T07:32:20.332+0000] {datatype_format.py:53} INFO - Saved AFTER conversion data type information to /opt/***/dags/src/data/processed/datatype_info_after.csv
[2024-10-26T07:32:20.347+0000] {datatype_format.py:93} INFO - Processed data saved as pickle at /opt/***/dags/src/data/processed/datatype_format_processed.pkl
[2024-10-26T07:32:20.347+0000] {datatype_format.py:95} INFO - Data processing completed successfully
[2024-10-26T07:32:20.348+0000] {python.py:237} INFO - Done. Returned value was: /opt/***/dags/src/data/processed/datatype_format_processed.pkl
[2024-10-26T07:32:20.348+0000] {taskinstance.py:441} INFO - ::group::Post task execution logs
[2024-10-26T07:32:20.362+0000] {taskinstance.py:1206} INFO - Marking task as SUCCESS. dag_id=DataPipeline, task_id=datatype_format, run_id=manual__2024-10-26T07:32:15.097600+00:00, execution_date=20241026T073215, start_date=20241026T073220, end_date=20241026T073220
[2024-10-26T07:32:20.379+0000] {local_task_job_runner.py:240} INFO - Task exited with return code 0
[2024-10-26T07:32:20.389+0000] {taskinstance.py:3503} INFO - 0 downstream tasks scheduled from follow-on schedule check
[2024-10-26T07:32:20.389+0000] {local_task_job_runner.py:222} INFO - ::endgroup::
