[2024-10-26T09:21:20.000+0000] {local_task_job_runner.py:120} INFO - ::group::Pre task execution logs
[2024-10-26T09:21:20.008+0000] {taskinstance.py:2076} INFO - Dependencies all met for dep_context=non-requeueable deps ti=<TaskInstance: DataPipeline.pre_process_data manual__2024-10-26T09:21:14.909735+00:00 [queued]>
[2024-10-26T09:21:20.011+0000] {taskinstance.py:2076} INFO - Dependencies all met for dep_context=requeueable deps ti=<TaskInstance: DataPipeline.pre_process_data manual__2024-10-26T09:21:14.909735+00:00 [queued]>
[2024-10-26T09:21:20.012+0000] {taskinstance.py:2306} INFO - Starting attempt 1 of 3
[2024-10-26T09:21:20.016+0000] {taskinstance.py:2330} INFO - Executing <Task(PythonOperator): pre_process_data> on 2024-10-26 09:21:14.909735+00:00
[2024-10-26T09:21:20.020+0000] {warnings.py:112} WARNING - /home/***/.local/lib/python3.12/site-packages/***/task/task_runner/standard_task_runner.py:61: DeprecationWarning: This process (pid=281) is multi-threaded, use of fork() may lead to deadlocks in the child.
  pid = os.fork()

[2024-10-26T09:21:20.021+0000] {standard_task_runner.py:63} INFO - Started process 283 to run task
[2024-10-26T09:21:20.021+0000] {standard_task_runner.py:90} INFO - Running: ['***', 'tasks', 'run', 'DataPipeline', 'pre_process_data', 'manual__2024-10-26T09:21:14.909735+00:00', '--job-id', '182', '--raw', '--subdir', 'DAGS_FOLDER/src/***.py', '--cfg-path', '/tmp/tmpulmiaieg']
[2024-10-26T09:21:20.023+0000] {standard_task_runner.py:91} INFO - Job 182: Subtask pre_process_data
[2024-10-26T09:21:20.040+0000] {task_command.py:426} INFO - Running <TaskInstance: DataPipeline.pre_process_data manual__2024-10-26T09:21:14.909735+00:00 [running]> on host 558a41ea7330
[2024-10-26T09:21:20.077+0000] {taskinstance.py:2648} INFO - Exporting env vars: AIRFLOW_CTX_DAG_OWNER='MLopsProjectGroup6' AIRFLOW_CTX_DAG_ID='DataPipeline' AIRFLOW_CTX_TASK_ID='pre_process_data' AIRFLOW_CTX_EXECUTION_DATE='2024-10-26T09:21:14.909735+00:00' AIRFLOW_CTX_TRY_NUMBER='1' AIRFLOW_CTX_DAG_RUN_ID='manual__2024-10-26T09:21:14.909735+00:00'
[2024-10-26T09:21:20.077+0000] {taskinstance.py:430} INFO - ::endgroup::
[2024-10-26T09:21:20.083+0000] {datatype_format.py:65} INFO - Starting data processing
[2024-10-26T09:21:20.083+0000] {datatype_format.py:66} INFO - Input file: /opt/***/data/processed/processed_data.pkl
[2024-10-26T09:21:20.090+0000] {datatype_format.py:83} INFO - Loaded data from /opt/***/data/processed/processed_data.pkl with shape (45211, 1)
[2024-10-26T09:21:20.090+0000] {datatype_format.py:33} INFO - Checking data types of the dataset.
[2024-10-26T09:21:20.093+0000] {datatype_format.py:38} INFO - Saved BEFORE conversion data type information to /opt/***/data/processed/datatype_info_before.csv
[2024-10-26T09:21:20.109+0000] {datatype_format.py:53} INFO - Saved AFTER conversion data type information to /opt/***/data/processed/datatype_info_after.csv
[2024-10-26T09:21:20.123+0000] {datatype_format.py:93} INFO - Processed data saved as pickle at /opt/***/data/processed/datatype_format_processed.pkl
[2024-10-26T09:21:20.124+0000] {datatype_format.py:95} INFO - Data processing completed successfully
[2024-10-26T09:21:20.125+0000] {outlier_handing.py:57} INFO - Starting outlier handling process
[2024-10-26T09:21:20.125+0000] {outlier_handing.py:58} INFO - Input file: /opt/***/data/processed/datatype_format_processed.pkl
[2024-10-26T09:21:20.133+0000] {outlier_handing.py:63} INFO - Loaded data from /opt/***/data/processed/datatype_format_processed.pkl with shape (45211, 1)
[2024-10-26T09:21:20.134+0000] {outlier_handing.py:28} INFO - Starting outlier handling.
[2024-10-26T09:21:20.135+0000] {outlier_handing.py:48} INFO - Outlier handling completed.
[2024-10-26T09:21:20.149+0000] {outlier_handing.py:73} INFO - Saved outlier-handled data to /opt/***/data/processed/outlier_handled_data.pkl
[2024-10-26T09:21:20.149+0000] {outlier_handing.py:75} INFO - Outlier handling process completed successfully
[2024-10-26T09:21:20.150+0000] {logging_mixin.py:188} INFO - Processed data saved to /opt/***/data/processed/outlier_handled_data.pkl
[2024-10-26T09:21:20.150+0000] {python.py:237} INFO - Done. Returned value was: None
[2024-10-26T09:21:20.150+0000] {taskinstance.py:441} INFO - ::group::Post task execution logs
[2024-10-26T09:21:20.157+0000] {taskinstance.py:1206} INFO - Marking task as SUCCESS. dag_id=DataPipeline, task_id=pre_process_data, run_id=manual__2024-10-26T09:21:14.909735+00:00, execution_date=20241026T092114, start_date=20241026T092120, end_date=20241026T092120
[2024-10-26T09:21:20.204+0000] {local_task_job_runner.py:240} INFO - Task exited with return code 0
[2024-10-26T09:21:20.221+0000] {taskinstance.py:3503} INFO - 0 downstream tasks scheduled from follow-on schedule check
[2024-10-26T09:21:20.223+0000] {local_task_job_runner.py:222} INFO - ::endgroup::
