[2024-10-25T18:23:51.892+0000] {local_task_job_runner.py:120} INFO - ::group::Pre task execution logs
[2024-10-25T18:23:51.908+0000] {taskinstance.py:2076} INFO - Dependencies all met for dep_context=non-requeueable deps ti=<TaskInstance: DataPipeline.load_data manual__2024-10-25T18:23:46.404418+00:00 [queued]>
[2024-10-25T18:23:51.915+0000] {taskinstance.py:2076} INFO - Dependencies all met for dep_context=requeueable deps ti=<TaskInstance: DataPipeline.load_data manual__2024-10-25T18:23:46.404418+00:00 [queued]>
[2024-10-25T18:23:51.916+0000] {taskinstance.py:2306} INFO - Starting attempt 1 of 3
[2024-10-25T18:23:51.927+0000] {taskinstance.py:2330} INFO - Executing <Task(PythonOperator): load_data> on 2024-10-25 18:23:46.404418+00:00
[2024-10-25T18:23:51.934+0000] {standard_task_runner.py:90} INFO - Running: ['***', 'tasks', 'run', 'DataPipeline', 'load_data', 'manual__2024-10-25T18:23:46.404418+00:00', '--job-id', '14', '--raw', '--subdir', 'DAGS_FOLDER/src/***.py', '--cfg-path', '/tmp/tmp7hxo8i3l']
[2024-10-25T18:23:51.937+0000] {standard_task_runner.py:91} INFO - Job 14: Subtask load_data
[2024-10-25T18:23:51.932+0000] {warnings.py:112} WARNING - /home/***/.local/lib/python3.12/site-packages/***/task/task_runner/standard_task_runner.py:61: DeprecationWarning: This process (pid=80) is multi-threaded, use of fork() may lead to deadlocks in the child.
  pid = os.fork()

[2024-10-25T18:23:51.938+0000] {standard_task_runner.py:63} INFO - Started process 82 to run task
[2024-10-25T18:23:51.980+0000] {task_command.py:426} INFO - Running <TaskInstance: DataPipeline.load_data manual__2024-10-25T18:23:46.404418+00:00 [running]> on host 4eacdf23ab95
[2024-10-25T18:23:52.059+0000] {taskinstance.py:2648} INFO - Exporting env vars: AIRFLOW_CTX_DAG_OWNER='MLopsProjectGroup6' AIRFLOW_CTX_DAG_ID='DataPipeline' AIRFLOW_CTX_TASK_ID='load_data' AIRFLOW_CTX_EXECUTION_DATE='2024-10-25T18:23:46.404418+00:00' AIRFLOW_CTX_TRY_NUMBER='1' AIRFLOW_CTX_DAG_RUN_ID='manual__2024-10-25T18:23:46.404418+00:00'
[2024-10-25T18:23:52.060+0000] {taskinstance.py:430} INFO - ::endgroup::
[2024-10-25T18:23:52.073+0000] {LoadData.py:34} INFO - Starting data loading process
[2024-10-25T18:23:52.074+0000] {LoadData.py:35} INFO - Using pickle file: /opt/***/data/processed/raw_data.pkl
[2024-10-25T18:23:52.105+0000] {LoadData.py:40} INFO - Pickle file loaded successfully
[2024-10-25T18:23:52.432+0000] {LoadData.py:49} INFO - Data saved as CSV to: /opt/***/data/processed/raw_data.csv
[2024-10-25T18:23:52.434+0000] {python.py:237} INFO - Done. Returned value was: /opt/***/data/processed/raw_data.csv
[2024-10-25T18:23:52.434+0000] {taskinstance.py:441} INFO - ::group::Post task execution logs
[2024-10-25T18:23:52.453+0000] {taskinstance.py:1206} INFO - Marking task as SUCCESS. dag_id=DataPipeline, task_id=load_data, run_id=manual__2024-10-25T18:23:46.404418+00:00, execution_date=20241025T182346, start_date=20241025T182351, end_date=20241025T182352
[2024-10-25T18:23:52.475+0000] {local_task_job_runner.py:240} INFO - Task exited with return code 0
[2024-10-25T18:23:52.491+0000] {taskinstance.py:3503} INFO - 1 downstream tasks scheduled from follow-on schedule check
[2024-10-25T18:23:52.493+0000] {local_task_job_runner.py:222} INFO - ::endgroup::
