[2024-10-23T20:00:01.662+0000] {local_task_job_runner.py:120} INFO - ::group::Pre task execution logs
[2024-10-23T20:00:01.677+0000] {taskinstance.py:2076} INFO - Dependencies all met for dep_context=non-requeueable deps ti=<TaskInstance: DataPipeline.process_data manual__2024-10-23T19:59:56.157373+00:00 [queued]>
[2024-10-23T20:00:01.684+0000] {taskinstance.py:2076} INFO - Dependencies all met for dep_context=requeueable deps ti=<TaskInstance: DataPipeline.process_data manual__2024-10-23T19:59:56.157373+00:00 [queued]>
[2024-10-23T20:00:01.685+0000] {taskinstance.py:2306} INFO - Starting attempt 1 of 3
[2024-10-23T20:00:01.694+0000] {taskinstance.py:2330} INFO - Executing <Task(PythonOperator): process_data> on 2024-10-23 19:59:56.157373+00:00
[2024-10-23T20:00:01.699+0000] {warnings.py:112} WARNING - /home/***/.local/lib/python3.12/site-packages/***/task/task_runner/standard_task_runner.py:61: DeprecationWarning: This process (pid=3580) is multi-threaded, use of fork() may lead to deadlocks in the child.
  pid = os.fork()

[2024-10-23T20:00:01.701+0000] {standard_task_runner.py:63} INFO - Started process 3582 to run task
[2024-10-23T20:00:01.701+0000] {standard_task_runner.py:90} INFO - Running: ['***', 'tasks', 'run', 'DataPipeline', 'process_data', 'manual__2024-10-23T19:59:56.157373+00:00', '--job-id', '96', '--raw', '--subdir', 'DAGS_FOLDER/src/***.py', '--cfg-path', '/tmp/tmp6sf3trvn']
[2024-10-23T20:00:01.703+0000] {standard_task_runner.py:91} INFO - Job 96: Subtask process_data
[2024-10-23T20:00:01.737+0000] {task_command.py:426} INFO - Running <TaskInstance: DataPipeline.process_data manual__2024-10-23T19:59:56.157373+00:00 [running]> on host 6c58daef65ee
[2024-10-23T20:00:01.803+0000] {taskinstance.py:2648} INFO - Exporting env vars: AIRFLOW_CTX_DAG_OWNER='MLopsProjectGroup6' AIRFLOW_CTX_DAG_ID='DataPipeline' AIRFLOW_CTX_TASK_ID='process_data' AIRFLOW_CTX_EXECUTION_DATE='2024-10-23T19:59:56.157373+00:00' AIRFLOW_CTX_TRY_NUMBER='1' AIRFLOW_CTX_DAG_RUN_ID='manual__2024-10-23T19:59:56.157373+00:00'
[2024-10-23T20:00:01.804+0000] {taskinstance.py:430} INFO - ::endgroup::
[2024-10-23T20:00:01.817+0000] {HandlingNullValues.py:25} INFO - Loading CSV data for processing
[2024-10-23T20:00:01.888+0000] {HandlingNullValues.py:31} INFO - DataFrame shape: (41188, 1)
[2024-10-23T20:00:01.897+0000] {HandlingNullValues.py:37} INFO - DataFrame info:
<class 'pandas.core.frame.DataFrame'>
RangeIndex: 41188 entries, 0 to 41187
Data columns (total 1 columns):
 #   Column                                                                                                                                                                                Non-Null Count  Dtype 
---  ------                                                                                                                                                                                --------------  ----- 
 0   age,job,marital,education,default,housing,loan,contact,month,day_of_week,duration,campaign,pdays,previous,poutcome,emp.var.rate,cons.price.idx,cons.conf.idx,euribor3m,nr.employed,y  41188 non-null  object
dtypes: object(1)
memory usage: 321.9+ KB

[2024-10-23T20:00:01.916+0000] {HandlingNullValues.py:41} INFO - DataFrame description:
       age,job,marital,education,default,housing,loan,contact,month,day_of_week,duration,campaign,pdays,previous,poutcome,emp.var.rate,cons.price.idx,cons.conf.idx,euribor3m,nr.employed,y
count                                                                                                                                                                                 41188
unique                                                                                                                                                                                41176
top                                                             27,technician,single,professional.course,no,no,no,cellular,jul,mon,331,2,999,0,nonexistent,1.4,93.918,-42.7,4.962,5228.1,no
freq                                                                                                                                                                                      2
[2024-10-23T20:00:01.921+0000] {HandlingNullValues.py:54} INFO - No features dropped
[2024-10-23T20:00:02.134+0000] {HandlingNullValues.py:58} INFO - Processed data saved as CSV at /opt/***/dags/../data/processed/processed_data.csv
[2024-10-23T20:00:02.136+0000] {python.py:237} INFO - Done. Returned value was: None
[2024-10-23T20:00:02.136+0000] {taskinstance.py:441} INFO - ::group::Post task execution logs
[2024-10-23T20:00:02.144+0000] {taskinstance.py:1206} INFO - Marking task as SUCCESS. dag_id=DataPipeline, task_id=process_data, run_id=manual__2024-10-23T19:59:56.157373+00:00, execution_date=20241023T195956, start_date=20241023T200001, end_date=20241023T200002
[2024-10-23T20:00:02.195+0000] {local_task_job_runner.py:240} INFO - Task exited with return code 0
[2024-10-23T20:00:02.208+0000] {taskinstance.py:3503} INFO - 0 downstream tasks scheduled from follow-on schedule check
[2024-10-23T20:00:02.209+0000] {local_task_job_runner.py:222} INFO - ::endgroup::
