[2024-10-26T07:26:17.788+0000] {local_task_job_runner.py:120} INFO - ::group::Pre task execution logs
[2024-10-26T07:26:17.797+0000] {taskinstance.py:2076} INFO - Dependencies all met for dep_context=non-requeueable deps ti=<TaskInstance: DataPipeline.datatype_format manual__2024-10-26T07:26:13.035814+00:00 [queued]>
[2024-10-26T07:26:17.800+0000] {taskinstance.py:2076} INFO - Dependencies all met for dep_context=requeueable deps ti=<TaskInstance: DataPipeline.datatype_format manual__2024-10-26T07:26:13.035814+00:00 [queued]>
[2024-10-26T07:26:17.800+0000] {taskinstance.py:2306} INFO - Starting attempt 1 of 3
[2024-10-26T07:26:17.804+0000] {taskinstance.py:2330} INFO - Executing <Task(PythonOperator): datatype_format> on 2024-10-26 07:26:13.035814+00:00
[2024-10-26T07:26:17.808+0000] {warnings.py:112} WARNING - /home/***/.local/lib/python3.12/site-packages/***/task/task_runner/standard_task_runner.py:61: DeprecationWarning: This process (pid=709) is multi-threaded, use of fork() may lead to deadlocks in the child.
  pid = os.fork()

[2024-10-26T07:26:17.809+0000] {standard_task_runner.py:63} INFO - Started process 711 to run task
[2024-10-26T07:26:17.809+0000] {standard_task_runner.py:90} INFO - Running: ['***', 'tasks', 'run', 'DataPipeline', 'datatype_format', 'manual__2024-10-26T07:26:13.035814+00:00', '--job-id', '102', '--raw', '--subdir', 'DAGS_FOLDER/src/***.py', '--cfg-path', '/tmp/tmp4fyql8ie']
[2024-10-26T07:26:17.811+0000] {standard_task_runner.py:91} INFO - Job 102: Subtask datatype_format
[2024-10-26T07:26:17.835+0000] {task_command.py:426} INFO - Running <TaskInstance: DataPipeline.datatype_format manual__2024-10-26T07:26:13.035814+00:00 [running]> on host 7e8a88eeae3d
[2024-10-26T07:26:17.893+0000] {taskinstance.py:2648} INFO - Exporting env vars: AIRFLOW_CTX_DAG_OWNER='MLopsProjectGroup6' AIRFLOW_CTX_DAG_ID='DataPipeline' AIRFLOW_CTX_TASK_ID='datatype_format' AIRFLOW_CTX_EXECUTION_DATE='2024-10-26T07:26:13.035814+00:00' AIRFLOW_CTX_TRY_NUMBER='1' AIRFLOW_CTX_DAG_RUN_ID='manual__2024-10-26T07:26:13.035814+00:00'
[2024-10-26T07:26:17.894+0000] {taskinstance.py:430} INFO - ::endgroup::
[2024-10-26T07:26:17.899+0000] {datatype_format.py:63} INFO - Starting data processing
[2024-10-26T07:26:17.899+0000] {datatype_format.py:64} INFO - Input file: /opt/***/data/processed/processed_data.pkl
[2024-10-26T07:26:17.906+0000] {datatype_format.py:81} INFO - Loaded data from /opt/***/data/processed/processed_data.pkl with shape (45211, 1)
[2024-10-26T07:26:17.906+0000] {datatype_format.py:31} INFO - Checking data types of the dataset.
[2024-10-26T07:26:17.908+0000] {datatype_format.py:36} INFO - Saved BEFORE conversion data type information to /opt/***/dags/src/data/processed/datatype_info_before.csv
[2024-10-26T07:26:17.923+0000] {datatype_format.py:51} INFO - Saved AFTER conversion data type information to /opt/***/dags/src/data/processed/datatype_info_after.csv
[2024-10-26T07:26:17.932+0000] {datatype_format.py:91} INFO - Processed data saved as pickle at /opt/***/dags/src/data/processed/datatype_format_processed.pkl
[2024-10-26T07:26:17.932+0000] {datatype_format.py:93} INFO - Data processing completed successfully
[2024-10-26T07:26:17.933+0000] {python.py:237} INFO - Done. Returned value was: /opt/***/dags/src/data/processed/datatype_format_processed.pkl
[2024-10-26T07:26:17.933+0000] {taskinstance.py:441} INFO - ::group::Post task execution logs
[2024-10-26T07:26:17.943+0000] {taskinstance.py:1206} INFO - Marking task as SUCCESS. dag_id=DataPipeline, task_id=datatype_format, run_id=manual__2024-10-26T07:26:13.035814+00:00, execution_date=20241026T072613, start_date=20241026T072617, end_date=20241026T072617
[2024-10-26T07:26:17.951+0000] {local_task_job_runner.py:240} INFO - Task exited with return code 0
[2024-10-26T07:26:17.958+0000] {taskinstance.py:3503} INFO - 0 downstream tasks scheduled from follow-on schedule check
[2024-10-26T07:26:17.958+0000] {local_task_job_runner.py:222} INFO - ::endgroup::
